{"/Users/dfi/Desktop/MoodflixMobile-Optimized/src/components/ThemeToggle.tsx": {"path":"/Users/dfi/Desktop/MoodflixMobile-Optimized/src/components/ThemeToggle.tsx","statementMap":{"0":{"start":{"line":12,"column":27},"end":{"line":84,"column":1}},"1":{"start":{"line":13,"column":76},"end":{"line":13,"column":93}},"2":{"start":{"line":16,"column":19},"end":{"line":16,"column":55}},"3":{"start":{"line":17,"column":16},"end":{"line":17,"column":33}},"4":{"start":{"line":19,"column":20},"end":{"line":26,"column":4}},"5":{"start":{"line":20,"column":4},"end":{"line":25,"column":6}},"6":{"start":{"line":28,"column":28},"end":{"line":39,"column":3}},"7":{"start":{"line":30,"column":4},"end":{"line":33,"column":7}},"8":{"start":{"line":34,"column":4},"end":{"line":36,"column":7}},"9":{"start":{"line":35,"column":6},"end":{"line":35,"column":34}},"10":{"start":{"line":38,"column":4},"end":{"line":38,"column":24}},"11":{"start":{"line":41,"column":2},"end":{"line":83,"column":4}},"12":{"start":{"line":86,"column":15},"end":{"line":111,"column":2}}},"fnMap":{"0":{"name":"(anonymous_0)","decl":{"start":{"line":12,"column":27},"end":{"line":12,"column":28}},"loc":{"start":{"line":12,"column":33},"end":{"line":84,"column":1}},"line":12},"1":{"name":"(anonymous_1)","decl":{"start":{"line":19,"column":37},"end":{"line":19,"column":38}},"loc":{"start":{"line":19,"column":43},"end":{"line":26,"column":3}},"line":19},"2":{"name":"(anonymous_2)","decl":{"start":{"line":28,"column":28},"end":{"line":28,"column":29}},"loc":{"start":{"line":28,"column":40},"end":{"line":39,"column":3}},"line":28},"3":{"name":"(anonymous_3)","decl":{"start":{"line":34,"column":38},"end":{"line":34,"column":39}},"loc":{"start":{"line":34,"column":44},"end":{"line":36,"column":5}},"line":34}},"branchMap":{"0":{"loc":{"start":{"line":16,"column":34},"end":{"line":16,"column":54}},"type":"cond-expr","locations":[{"start":{"line":16,"column":47},"end":{"line":16,"column":50}},{"start":{"line":16,"column":53},"end":{"line":16,"column":54}}],"line":16},"1":{"loc":{"start":{"line":30,"column":32},"end":{"line":30,"column":52}},"type":"cond-expr","locations":[{"start":{"line":30,"column":45},"end":{"line":30,"column":46}},{"start":{"line":30,"column":49},"end":{"line":30,"column":52}}],"line":30},"2":{"loc":{"start":{"line":52,"column":18},"end":{"line":52,"column":70}},"type":"cond-expr","locations":[{"start":{"line":52,"column":31},"end":{"line":52,"column":46}},{"start":{"line":52,"column":49},"end":{"line":52,"column":70}}],"line":52},"3":{"loc":{"start":{"line":63,"column":11},"end":{"line":63,"column":50}},"type":"cond-expr","locations":[{"start":{"line":63,"column":24},"end":{"line":63,"column":35}},{"start":{"line":63,"column":38},"end":{"line":63,"column":50}}],"line":63}},"s":{"0":0,"1":0,"2":0,"3":0,"4":0,"5":0,"6":0,"7":0,"8":0,"9":0,"10":0,"11":0,"12":0},"f":{"0":0,"1":0,"2":0,"3":0},"b":{"0":[0,0],"1":[0,0],"2":[0,0],"3":[0,0]}}
,"/Users/dfi/Desktop/MoodflixMobile-Optimized/src/components/BiometricSettings/index.tsx": {"path":"/Users/dfi/Desktop/MoodflixMobile-Optimized/src/components/BiometricSettings/index.tsx","statementMap":{"0":{"start":{"line":7,"column":43},"end":{"line":90,"column":1}},"1":{"start":{"line":8,"column":40},"end":{"line":8,"column":64}},"2":{"start":{"line":9,"column":36},"end":{"line":9,"column":60}},"3":{"start":{"line":10,"column":36},"end":{"line":10,"column":59}},"4":{"start":{"line":11,"column":28},"end":{"line":11,"column":57}},"5":{"start":{"line":13,"column":2},"end":{"line":15,"column":9}},"6":{"start":{"line":14,"column":4},"end":{"line":14,"column":27}},"7":{"start":{"line":17,"column":31},"end":{"line":30,"column":3}},"8":{"start":{"line":18,"column":4},"end":{"line":29,"column":5}},"9":{"start":{"line":19,"column":6},"end":{"line":19,"column":25}},"10":{"start":{"line":20,"column":24},"end":{"line":20,"column":69}},"11":{"start":{"line":21,"column":22},"end":{"line":21,"column":65}},"12":{"start":{"line":22,"column":6},"end":{"line":22,"column":32}},"13":{"start":{"line":23,"column":6},"end":{"line":23,"column":28}},"14":{"start":{"line":25,"column":6},"end":{"line":25,"column":51}},"15":{"start":{"line":26,"column":6},"end":{"line":26,"column":63}},"16":{"start":{"line":28,"column":6},"end":{"line":28,"column":26}},"17":{"start":{"line":32,"column":23},"end":{"line":53,"column":3}},"18":{"start":{"line":33,"column":4},"end":{"line":52,"column":5}},"19":{"start":{"line":34,"column":6},"end":{"line":34,"column":25}},"20":{"start":{"line":35,"column":6},"end":{"line":46,"column":7}},"21":{"start":{"line":36,"column":8},"end":{"line":36,"column":50}},"22":{"start":{"line":37,"column":8},"end":{"line":37,"column":28}},"23":{"start":{"line":39,"column":23},"end":{"line":39,"column":60}},"24":{"start":{"line":40,"column":8},"end":{"line":45,"column":9}},"25":{"start":{"line":41,"column":10},"end":{"line":41,"column":51}},"26":{"start":{"line":42,"column":10},"end":{"line":42,"column":29}},"27":{"start":{"line":44,"column":10},"end":{"line":44,"column":60}},"28":{"start":{"line":48,"column":6},"end":{"line":48,"column":54}},"29":{"start":{"line":49,"column":6},"end":{"line":49,"column":56}},"30":{"start":{"line":51,"column":6},"end":{"line":51,"column":26}},"31":{"start":{"line":55,"column":2},"end":{"line":61,"column":3}},"32":{"start":{"line":56,"column":4},"end":{"line":60,"column":6}},"33":{"start":{"line":63,"column":2},"end":{"line":69,"column":3}},"34":{"start":{"line":64,"column":4},"end":{"line":68,"column":6}},"35":{"start":{"line":71,"column":2},"end":{"line":89,"column":4}},"36":{"start":{"line":79,"column":12},"end":{"line":84,"column":14}},"37":{"start":{"line":92,"column":15},"end":{"line":106,"column":2}}},"fnMap":{"0":{"name":"(anonymous_0)","decl":{"start":{"line":7,"column":43},"end":{"line":7,"column":44}},"loc":{"start":{"line":7,"column":49},"end":{"line":90,"column":1}},"line":7},"1":{"name":"(anonymous_1)","decl":{"start":{"line":13,"column":12},"end":{"line":13,"column":13}},"loc":{"start":{"line":13,"column":18},"end":{"line":15,"column":3}},"line":13},"2":{"name":"(anonymous_2)","decl":{"start":{"line":17,"column":31},"end":{"line":17,"column":32}},"loc":{"start":{"line":17,"column":43},"end":{"line":30,"column":3}},"line":17},"3":{"name":"(anonymous_3)","decl":{"start":{"line":32,"column":23},"end":{"line":32,"column":24}},"loc":{"start":{"line":32,"column":35},"end":{"line":53,"column":3}},"line":32},"4":{"name":"(anonymous_4)","decl":{"start":{"line":78,"column":17},"end":{"line":78,"column":18}},"loc":{"start":{"line":79,"column":12},"end":{"line":84,"column":14}},"line":79}},"branchMap":{"0":{"loc":{"start":{"line":35,"column":6},"end":{"line":46,"column":7}},"type":"if","locations":[{"start":{"line":35,"column":6},"end":{"line":46,"column":7}},{"start":{"line":38,"column":13},"end":{"line":46,"column":7}}],"line":35},"1":{"loc":{"start":{"line":40,"column":8},"end":{"line":45,"column":9}},"type":"if","locations":[{"start":{"line":40,"column":8},"end":{"line":45,"column":9}},{"start":{"line":43,"column":15},"end":{"line":45,"column":9}}],"line":40},"2":{"loc":{"start":{"line":44,"column":19},"end":{"line":44,"column":58}},"type":"binary-expr","locations":[{"start":{"line":44,"column":19},"end":{"line":44,"column":31}},{"start":{"line":44,"column":35},"end":{"line":44,"column":58}}],"line":44},"3":{"loc":{"start":{"line":55,"column":2},"end":{"line":61,"column":3}},"type":"if","locations":[{"start":{"line":55,"column":2},"end":{"line":61,"column":3}},{"start":{},"end":{}}],"line":55},"4":{"loc":{"start":{"line":63,"column":2},"end":{"line":69,"column":3}},"type":"if","locations":[{"start":{"line":63,"column":2},"end":{"line":69,"column":3}},{"start":{},"end":{}}],"line":63},"5":{"loc":{"start":{"line":73,"column":7},"end":{"line":73,"column":57}},"type":"binary-expr","locations":[{"start":{"line":73,"column":7},"end":{"line":73,"column":12}},{"start":{"line":73,"column":16},"end":{"line":73,"column":57}}],"line":73}},"s":{"0":0,"1":0,"2":0,"3":0,"4":0,"5":0,"6":0,"7":0,"8":0,"9":0,"10":0,"11":0,"12":0,"13":0,"14":0,"15":0,"16":0,"17":0,"18":0,"19":0,"20":0,"21":0,"22":0,"23":0,"24":0,"25":0,"26":0,"27":0,"28":0,"29":0,"30":0,"31":0,"32":0,"33":0,"34":0,"35":0,"36":0,"37":0},"f":{"0":0,"1":0,"2":0,"3":0,"4":0},"b":{"0":[0,0],"1":[0,0],"2":[0,0],"3":[0,0],"4":[0,0],"5":[0,0]}}
,"/Users/dfi/Desktop/MoodflixMobile-Optimized/src/components/ErrorBoundary/index.tsx": {"path":"/Users/dfi/Desktop/MoodflixMobile-Optimized/src/components/ErrorBoundary/index.tsx","statementMap":{"0":{"start":{"line":16,"column":24},"end":{"line":19,"column":3}},"1":{"start":{"line":22,"column":4},"end":{"line":22,"column":37}},"2":{"start":{"line":26,"column":4},"end":{"line":26,"column":55}},"3":{"start":{"line":29,"column":24},"end":{"line":31,"column":3}},"4":{"start":{"line":30,"column":4},"end":{"line":30,"column":52}},"5":{"start":{"line":34,"column":4},"end":{"line":46,"column":5}},"6":{"start":{"line":35,"column":6},"end":{"line":37,"column":7}},"7":{"start":{"line":36,"column":8},"end":{"line":36,"column":35}},"8":{"start":{"line":39,"column":6},"end":{"line":45,"column":8}},"9":{"start":{"line":48,"column":4},"end":{"line":48,"column":31}},"10":{"start":{"line":52,"column":15},"end":{"line":69,"column":2}}},"fnMap":{"0":{"name":"(anonymous_0)","decl":{"start":{"line":21,"column":2},"end":{"line":21,"column":3}},"loc":{"start":{"line":21,"column":62},"end":{"line":23,"column":3}},"line":21},"1":{"name":"(anonymous_1)","decl":{"start":{"line":25,"column":2},"end":{"line":25,"column":3}},"loc":{"start":{"line":25,"column":63},"end":{"line":27,"column":3}},"line":25},"2":{"name":"(anonymous_2)","decl":{"start":{"line":29,"column":24},"end":{"line":29,"column":25}},"loc":{"start":{"line":29,"column":30},"end":{"line":31,"column":3}},"line":29},"3":{"name":"(anonymous_3)","decl":{"start":{"line":33,"column":2},"end":{"line":33,"column":3}},"loc":{"start":{"line":33,"column":18},"end":{"line":49,"column":3}},"line":33}},"branchMap":{"0":{"loc":{"start":{"line":34,"column":4},"end":{"line":46,"column":5}},"type":"if","locations":[{"start":{"line":34,"column":4},"end":{"line":46,"column":5}},{"start":{},"end":{}}],"line":34},"1":{"loc":{"start":{"line":35,"column":6},"end":{"line":37,"column":7}},"type":"if","locations":[{"start":{"line":35,"column":6},"end":{"line":37,"column":7}},{"start":{},"end":{}}],"line":35}},"s":{"0":0,"1":0,"2":0,"3":0,"4":0,"5":0,"6":0,"7":0,"8":0,"9":0,"10":0},"f":{"0":0,"1":0,"2":0,"3":0},"b":{"0":[0,0],"1":[0,0]}}
,"/Users/dfi/Desktop/MoodflixMobile-Optimized/src/components/MoodRecommendations/index.tsx": {"path":"/Users/dfi/Desktop/MoodflixMobile-Optimized/src/components/MoodRecommendations/index.tsx","statementMap":{"0":{"start":{"line":14,"column":71},"end":{"line":90,"column":1}},"1":{"start":{"line":18,"column":30},"end":{"line":18,"column":55}},"2":{"start":{"line":19,"column":32},"end":{"line":19,"column":46}},"3":{"start":{"line":20,"column":28},"end":{"line":20,"column":57}},"4":{"start":{"line":21,"column":26},"end":{"line":21,"column":38}},"5":{"start":{"line":22,"column":16},"end":{"line":22,"column":26}},"6":{"start":{"line":24,"column":2},"end":{"line":40,"column":13}},"7":{"start":{"line":25,"column":32},"end":{"line":37,"column":5}},"8":{"start":{"line":26,"column":6},"end":{"line":36,"column":7}},"9":{"start":{"line":27,"column":8},"end":{"line":27,"column":25}},"10":{"start":{"line":28,"column":8},"end":{"line":28,"column":23}},"11":{"start":{"line":29,"column":32},"end":{"line":29,"column":74}},"12":{"start":{"line":30,"column":8},"end":{"line":30,"column":35}},"13":{"start":{"line":32,"column":8},"end":{"line":32,"column":51}},"14":{"start":{"line":33,"column":8},"end":{"line":33,"column":61}},"15":{"start":{"line":35,"column":8},"end":{"line":35,"column":26}},"16":{"start":{"line":39,"column":4},"end":{"line":39,"column":26}},"17":{"start":{"line":42,"column":2},"end":{"line":52,"column":3}},"18":{"start":{"line":43,"column":4},"end":{"line":51,"column":6}},"19":{"start":{"line":54,"column":2},"end":{"line":65,"column":3}},"20":{"start":{"line":55,"column":4},"end":{"line":64,"column":6}},"21":{"start":{"line":67,"column":2},"end":{"line":73,"column":3}},"22":{"start":{"line":68,"column":4},"end":{"line":72,"column":6}},"23":{"start":{"line":75,"column":2},"end":{"line":89,"column":4}},"24":{"start":{"line":78,"column":30},"end":{"line":78,"column":48}},"25":{"start":{"line":80,"column":8},"end":{"line":84,"column":10}},"26":{"start":{"line":83,"column":25},"end":{"line":83,"column":45}},"27":{"start":{"line":92,"column":15},"end":{"line":112,"column":2}}},"fnMap":{"0":{"name":"(anonymous_0)","decl":{"start":{"line":14,"column":71},"end":{"line":14,"column":72}},"loc":{"start":{"line":17,"column":6},"end":{"line":90,"column":1}},"line":17},"1":{"name":"(anonymous_1)","decl":{"start":{"line":24,"column":12},"end":{"line":24,"column":13}},"loc":{"start":{"line":24,"column":18},"end":{"line":40,"column":3}},"line":24},"2":{"name":"(anonymous_2)","decl":{"start":{"line":25,"column":32},"end":{"line":25,"column":33}},"loc":{"start":{"line":25,"column":44},"end":{"line":37,"column":5}},"line":25},"3":{"name":"(anonymous_3)","decl":{"start":{"line":78,"column":20},"end":{"line":78,"column":21}},"loc":{"start":{"line":78,"column":30},"end":{"line":78,"column":48}},"line":78},"4":{"name":"(anonymous_4)","decl":{"start":{"line":79,"column":18},"end":{"line":79,"column":19}},"loc":{"start":{"line":80,"column":8},"end":{"line":84,"column":10}},"line":80},"5":{"name":"(anonymous_5)","decl":{"start":{"line":83,"column":19},"end":{"line":83,"column":20}},"loc":{"start":{"line":83,"column":25},"end":{"line":83,"column":45}},"line":83}},"branchMap":{"0":{"loc":{"start":{"line":42,"column":2},"end":{"line":52,"column":3}},"type":"if","locations":[{"start":{"line":42,"column":2},"end":{"line":52,"column":3}},{"start":{},"end":{}}],"line":42},"1":{"loc":{"start":{"line":54,"column":2},"end":{"line":65,"column":3}},"type":"if","locations":[{"start":{"line":54,"column":2},"end":{"line":65,"column":3}},{"start":{},"end":{}}],"line":54},"2":{"loc":{"start":{"line":58,"column":9},"end":{"line":62,"column":9}},"type":"binary-expr","locations":[{"start":{"line":58,"column":9},"end":{"line":58,"column":21}},{"start":{"line":59,"column":10},"end":{"line":61,"column":17}}],"line":58},"3":{"loc":{"start":{"line":67,"column":2},"end":{"line":73,"column":3}},"type":"if","locations":[{"start":{"line":67,"column":2},"end":{"line":73,"column":3}},{"start":{},"end":{}}],"line":67}},"s":{"0":0,"1":0,"2":0,"3":0,"4":0,"5":0,"6":0,"7":0,"8":0,"9":0,"10":0,"11":0,"12":0,"13":0,"14":0,"15":0,"16":0,"17":0,"18":0,"19":0,"20":0,"21":0,"22":0,"23":0,"24":0,"25":0,"26":0,"27":0},"f":{"0":0,"1":0,"2":0,"3":0,"4":0,"5":0},"b":{"0":[0,0],"1":[0,0],"2":[0,0],"3":[0,0]}}
,"/Users/dfi/Desktop/MoodflixMobile-Optimized/src/components/MovieCard/index.tsx": {"path":"/Users/dfi/Desktop/MoodflixMobile-Optimized/src/components/MovieCard/index.tsx","statementMap":{"0":{"start":{"line":12,"column":51},"end":{"line":57,"column":1}},"1":{"start":{"line":13,"column":16},"end":{"line":13,"column":26}},"2":{"start":{"line":14,"column":23},"end":{"line":14,"column":56}},"3":{"start":{"line":16,"column":2},"end":{"line":56,"column":4}},"4":{"start":{"line":19,"column":21},"end":{"line":19,"column":37}},"5":{"start":{"line":59,"column":15},"end":{"line":95,"column":2}}},"fnMap":{"0":{"name":"(anonymous_0)","decl":{"start":{"line":12,"column":51},"end":{"line":12,"column":52}},"loc":{"start":{"line":12,"column":83},"end":{"line":57,"column":1}},"line":12},"1":{"name":"(anonymous_1)","decl":{"start":{"line":19,"column":15},"end":{"line":19,"column":16}},"loc":{"start":{"line":19,"column":21},"end":{"line":19,"column":37}},"line":19}},"branchMap":{"0":{"loc":{"start":{"line":26,"column":17},"end":{"line":28,"column":53}},"type":"cond-expr","locations":[{"start":{"line":27,"column":16},"end":{"line":27,"column":53}},{"start":{"line":28,"column":16},"end":{"line":28,"column":53}}],"line":26}},"s":{"0":0,"1":0,"2":0,"3":0,"4":0,"5":0},"f":{"0":0,"1":0},"b":{"0":[0,0]}}
,"/Users/dfi/Desktop/MoodflixMobile-Optimized/src/components/NotificationSettings/index.tsx": {"path":"/Users/dfi/Desktop/MoodflixMobile-Optimized/src/components/NotificationSettings/index.tsx","statementMap":{"0":{"start":{"line":7,"column":46},"end":{"line":60,"column":1}},"1":{"start":{"line":8,"column":45},"end":{"line":8,"column":63}},"2":{"start":{"line":9,"column":16},"end":{"line":9,"column":26}},"3":{"start":{"line":11,"column":23},"end":{"line":20,"column":3}},"4":{"start":{"line":12,"column":4},"end":{"line":19,"column":5}},"5":{"start":{"line":13,"column":6},"end":{"line":16,"column":9}},"6":{"start":{"line":18,"column":6},"end":{"line":18,"column":71}},"7":{"start":{"line":22,"column":2},"end":{"line":59,"column":4}},"8":{"start":{"line":28,"column":12},"end":{"line":32,"column":14}},"9":{"start":{"line":30,"column":35},"end":{"line":30,"column":66}},"10":{"start":{"line":39,"column":12},"end":{"line":43,"column":14}},"11":{"start":{"line":41,"column":35},"end":{"line":41,"column":66}},"12":{"start":{"line":50,"column":12},"end":{"line":54,"column":14}},"13":{"start":{"line":52,"column":35},"end":{"line":52,"column":65}},"14":{"start":{"line":62,"column":15},"end":{"line":72,"column":2}}},"fnMap":{"0":{"name":"(anonymous_0)","decl":{"start":{"line":7,"column":46},"end":{"line":7,"column":47}},"loc":{"start":{"line":7,"column":52},"end":{"line":60,"column":1}},"line":7},"1":{"name":"(anonymous_1)","decl":{"start":{"line":11,"column":23},"end":{"line":11,"column":24}},"loc":{"start":{"line":11,"column":64},"end":{"line":20,"column":3}},"line":11},"2":{"name":"(anonymous_2)","decl":{"start":{"line":27,"column":17},"end":{"line":27,"column":18}},"loc":{"start":{"line":28,"column":12},"end":{"line":32,"column":14}},"line":28},"3":{"name":"(anonymous_3)","decl":{"start":{"line":30,"column":29},"end":{"line":30,"column":30}},"loc":{"start":{"line":30,"column":35},"end":{"line":30,"column":66}},"line":30},"4":{"name":"(anonymous_4)","decl":{"start":{"line":38,"column":17},"end":{"line":38,"column":18}},"loc":{"start":{"line":39,"column":12},"end":{"line":43,"column":14}},"line":39},"5":{"name":"(anonymous_5)","decl":{"start":{"line":41,"column":29},"end":{"line":41,"column":30}},"loc":{"start":{"line":41,"column":35},"end":{"line":41,"column":66}},"line":41},"6":{"name":"(anonymous_6)","decl":{"start":{"line":49,"column":17},"end":{"line":49,"column":18}},"loc":{"start":{"line":50,"column":12},"end":{"line":54,"column":14}},"line":50},"7":{"name":"(anonymous_7)","decl":{"start":{"line":52,"column":29},"end":{"line":52,"column":30}},"loc":{"start":{"line":52,"column":35},"end":{"line":52,"column":65}},"line":52}},"branchMap":{},"s":{"0":0,"1":0,"2":0,"3":0,"4":0,"5":0,"6":0,"7":0,"8":0,"9":0,"10":0,"11":0,"12":0,"13":0,"14":0},"f":{"0":0,"1":0,"2":0,"3":0,"4":0,"5":0,"6":0,"7":0},"b":{}}
,"/Users/dfi/Desktop/MoodflixMobile-Optimized/src/components/OfflineIndicator/index.tsx": {"path":"/Users/dfi/Desktop/MoodflixMobile-Optimized/src/components/OfflineIndicator/index.tsx","statementMap":{"0":{"start":{"line":7,"column":42},"end":{"line":41,"column":1}},"1":{"start":{"line":8,"column":40},"end":{"line":8,"column":54}},"2":{"start":{"line":9,"column":20},"end":{"line":9,"column":51}},"3":{"start":{"line":11,"column":2},"end":{"line":14,"column":9}},"4":{"start":{"line":12,"column":24},"end":{"line":12,"column":80}},"5":{"start":{"line":13,"column":4},"end":{"line":13,"column":31}},"6":{"start":{"line":13,"column":17},"end":{"line":13,"column":30}},"7":{"start":{"line":16,"column":2},"end":{"line":32,"column":29}},"8":{"start":{"line":17,"column":4},"end":{"line":31,"column":5}},"9":{"start":{"line":18,"column":6},"end":{"line":30,"column":17}},"10":{"start":{"line":34,"column":2},"end":{"line":34,"column":31}},"11":{"start":{"line":34,"column":19},"end":{"line":34,"column":31}},"12":{"start":{"line":36,"column":2},"end":{"line":40,"column":4}},"13":{"start":{"line":43,"column":15},"end":{"line":57,"column":2}}},"fnMap":{"0":{"name":"(anonymous_0)","decl":{"start":{"line":7,"column":42},"end":{"line":7,"column":43}},"loc":{"start":{"line":7,"column":48},"end":{"line":41,"column":1}},"line":7},"1":{"name":"(anonymous_1)","decl":{"start":{"line":11,"column":12},"end":{"line":11,"column":13}},"loc":{"start":{"line":11,"column":18},"end":{"line":14,"column":3}},"line":11},"2":{"name":"(anonymous_2)","decl":{"start":{"line":13,"column":11},"end":{"line":13,"column":12}},"loc":{"start":{"line":13,"column":17},"end":{"line":13,"column":30}},"line":13},"3":{"name":"(anonymous_3)","decl":{"start":{"line":16,"column":12},"end":{"line":16,"column":13}},"loc":{"start":{"line":16,"column":18},"end":{"line":32,"column":3}},"line":16}},"branchMap":{"0":{"loc":{"start":{"line":17,"column":4},"end":{"line":31,"column":5}},"type":"if","locations":[{"start":{"line":17,"column":4},"end":{"line":31,"column":5}},{"start":{},"end":{}}],"line":17},"1":{"loc":{"start":{"line":34,"column":2},"end":{"line":34,"column":31}},"type":"if","locations":[{"start":{"line":34,"column":2},"end":{"line":34,"column":31}},{"start":{},"end":{}}],"line":34}},"s":{"0":0,"1":0,"2":0,"3":0,"4":0,"5":0,"6":0,"7":0,"8":0,"9":0,"10":0,"11":0,"12":0,"13":0},"f":{"0":0,"1":0,"2":0,"3":0},"b":{"0":[0,0],"1":[0,0]}}
,"/Users/dfi/Desktop/MoodflixMobile-Optimized/src/config/env.ts": {"path":"/Users/dfi/Desktop/MoodflixMobile-Optimized/src/config/env.ts","statementMap":{"0":{"start":{"line":16,"column":31},"end":{"line":26,"column":1}},"1":{"start":{"line":29,"column":14},"end":{"line":29,"column":47}},"2":{"start":{"line":32,"column":27},"end":{"line":42,"column":1}},"3":{"start":{"line":45,"column":39},"end":{"line":45,"column":92}},"4":{"start":{"line":46,"column":0},"end":{"line":50,"column":3}},"5":{"start":{"line":47,"column":2},"end":{"line":49,"column":3}},"6":{"start":{"line":48,"column":4},"end":{"line":48,"column":73}},"7":{"start":{"line":58,"column":4},"end":{"line":58,"column":7}},"8":{"start":{"line":64,"column":29},"end":{"line":66,"column":1}},"9":{"start":{"line":65,"column":2},"end":{"line":65,"column":20}},"10":{"start":{"line":69,"column":0},"end":{"line":73,"column":3}},"11":{"start":{"line":70,"column":2},"end":{"line":72,"column":3}},"12":{"start":{"line":71,"column":4},"end":{"line":71,"column":66}}},"fnMap":{"0":{"name":"(anonymous_0)","decl":{"start":{"line":46,"column":21},"end":{"line":46,"column":22}},"loc":{"start":{"line":46,"column":32},"end":{"line":50,"column":1}},"line":46},"1":{"name":"(anonymous_1)","decl":{"start":{"line":64,"column":29},"end":{"line":64,"column":30}},"loc":{"start":{"line":64,"column":71},"end":{"line":66,"column":1}},"line":64},"2":{"name":"(anonymous_2)","decl":{"start":{"line":69,"column":25},"end":{"line":69,"column":26}},"loc":{"start":{"line":69,"column":34},"end":{"line":73,"column":1}},"line":69}},"branchMap":{"0":{"loc":{"start":{"line":29,"column":14},"end":{"line":29,"column":47}},"type":"binary-expr","locations":[{"start":{"line":29,"column":14},"end":{"line":29,"column":41}},{"start":{"line":29,"column":45},"end":{"line":29,"column":47}}],"line":29},"1":{"loc":{"start":{"line":33,"column":11},"end":{"line":33,"column":73}},"type":"binary-expr","locations":[{"start":{"line":33,"column":11},"end":{"line":33,"column":30}},{"start":{"line":33,"column":34},"end":{"line":33,"column":47}},{"start":{"line":33,"column":51},"end":{"line":33,"column":73}}],"line":33},"2":{"loc":{"start":{"line":34,"column":20},"end":{"line":34,"column":109}},"type":"binary-expr","locations":[{"start":{"line":34,"column":20},"end":{"line":34,"column":48}},{"start":{"line":34,"column":52},"end":{"line":34,"column":74}},{"start":{"line":34,"column":78},"end":{"line":34,"column":109}}],"line":34},"3":{"loc":{"start":{"line":35,"column":11},"end":{"line":35,"column":73}},"type":"binary-expr","locations":[{"start":{"line":35,"column":11},"end":{"line":35,"column":30}},{"start":{"line":35,"column":34},"end":{"line":35,"column":47}},{"start":{"line":35,"column":51},"end":{"line":35,"column":73}}],"line":35},"4":{"loc":{"start":{"line":36,"column":23},"end":{"line":36,"column":121}},"type":"binary-expr","locations":[{"start":{"line":36,"column":23},"end":{"line":36,"column":54}},{"start":{"line":36,"column":58},"end":{"line":36,"column":83}},{"start":{"line":36,"column":87},"end":{"line":36,"column":121}}],"line":36},"5":{"loc":{"start":{"line":37,"column":16},"end":{"line":37,"column":93}},"type":"binary-expr","locations":[{"start":{"line":37,"column":16},"end":{"line":37,"column":40}},{"start":{"line":37,"column":44},"end":{"line":37,"column":62}},{"start":{"line":37,"column":66},"end":{"line":37,"column":93}}],"line":37},"6":{"loc":{"start":{"line":38,"column":21},"end":{"line":38,"column":113}},"type":"binary-expr","locations":[{"start":{"line":38,"column":21},"end":{"line":38,"column":50}},{"start":{"line":38,"column":54},"end":{"line":38,"column":77}},{"start":{"line":38,"column":81},"end":{"line":38,"column":113}}],"line":38},"7":{"loc":{"start":{"line":39,"column":16},"end":{"line":39,"column":93}},"type":"binary-expr","locations":[{"start":{"line":39,"column":16},"end":{"line":39,"column":40}},{"start":{"line":39,"column":44},"end":{"line":39,"column":62}},{"start":{"line":39,"column":66},"end":{"line":39,"column":93}}],"line":39},"8":{"loc":{"start":{"line":40,"column":16},"end":{"line":40,"column":93}},"type":"binary-expr","locations":[{"start":{"line":40,"column":16},"end":{"line":40,"column":40}},{"start":{"line":40,"column":44},"end":{"line":40,"column":62}},{"start":{"line":40,"column":66},"end":{"line":40,"column":93}}],"line":40},"9":{"loc":{"start":{"line":41,"column":18},"end":{"line":41,"column":101}},"type":"binary-expr","locations":[{"start":{"line":41,"column":18},"end":{"line":41,"column":44}},{"start":{"line":41,"column":48},"end":{"line":41,"column":68}},{"start":{"line":41,"column":72},"end":{"line":41,"column":101}}],"line":41},"10":{"loc":{"start":{"line":47,"column":2},"end":{"line":49,"column":3}},"type":"if","locations":[{"start":{"line":47,"column":2},"end":{"line":49,"column":3}},{"start":{},"end":{}}],"line":47},"11":{"loc":{"start":{"line":70,"column":2},"end":{"line":72,"column":3}},"type":"if","locations":[{"start":{"line":70,"column":2},"end":{"line":72,"column":3}},{"start":{},"end":{}}],"line":70}},"s":{"0":0,"1":0,"2":0,"3":0,"4":0,"5":0,"6":0,"7":0,"8":0,"9":0,"10":0,"11":0,"12":0},"f":{"0":0,"1":0,"2":0},"b":{"0":[0,0],"1":[0,0,0],"2":[0,0,0],"3":[0,0,0],"4":[0,0,0],"5":[0,0,0],"6":[0,0,0],"7":[0,0,0],"8":[0,0,0],"9":[0,0,0],"10":[0,0],"11":[0,0]}}
,"/Users/dfi/Desktop/MoodflixMobile-Optimized/src/config/supabase.ts": {"path":"/Users/dfi/Desktop/MoodflixMobile-Optimized/src/config/supabase.ts","statementMap":{"0":{"start":{"line":4,"column":24},"end":{"line":4,"column":69}}},"fnMap":{},"branchMap":{},"s":{"0":0},"f":{},"b":{}}
,"/Users/dfi/Desktop/MoodflixMobile-Optimized/src/constants/assets.ts": {"path":"/Users/dfi/Desktop/MoodflixMobile-Optimized/src/constants/assets.ts","statementMap":{"0":{"start":{"line":1,"column":22},"end":{"line":39,"column":1}}},"fnMap":{},"branchMap":{},"s":{"0":0},"f":{},"b":{}}
,"/Users/dfi/Desktop/MoodflixMobile-Optimized/src/constants/index.ts": {"path":"/Users/dfi/Desktop/MoodflixMobile-Optimized/src/constants/index.ts","statementMap":{},"fnMap":{},"branchMap":{},"s":{},"f":{},"b":{}}
,"/Users/dfi/Desktop/MoodflixMobile-Optimized/src/contexts/AuthContext.tsx": {"path":"/Users/dfi/Desktop/MoodflixMobile-Optimized/src/contexts/AuthContext.tsx","statementMap":{"0":{"start":{"line":6,"column":31},"end":{"line":16,"column":1}},"1":{"start":{"line":8,"column":4},"end":{"line":8,"column":41}},"2":{"start":{"line":11,"column":4},"end":{"line":11,"column":48}},"3":{"start":{"line":14,"column":4},"end":{"line":14,"column":44}},"4":{"start":{"line":18,"column":17},"end":{"line":25,"column":2}},"5":{"start":{"line":37,"column":20},"end":{"line":37,"column":73}},"6":{"start":{"line":39,"column":69},"end":{"line":87,"column":1}},"7":{"start":{"line":40,"column":32},"end":{"line":40,"column":51}},"8":{"start":{"line":41,"column":32},"end":{"line":41,"column":46}},"9":{"start":{"line":43,"column":2},"end":{"line":54,"column":9}},"10":{"start":{"line":44,"column":4},"end":{"line":47,"column":7}},"11":{"start":{"line":45,"column":6},"end":{"line":45,"column":26}},"12":{"start":{"line":46,"column":6},"end":{"line":46,"column":24}},"13":{"start":{"line":49,"column":39},"end":{"line":51,"column":6}},"14":{"start":{"line":50,"column":6},"end":{"line":50,"column":26}},"15":{"start":{"line":53,"column":4},"end":{"line":53,"column":44}},"16":{"start":{"line":53,"column":17},"end":{"line":53,"column":43}},"17":{"start":{"line":56,"column":17},"end":{"line":59,"column":3}},"18":{"start":{"line":57,"column":22},"end":{"line":57,"column":81}},"19":{"start":{"line":58,"column":4},"end":{"line":58,"column":27}},"20":{"start":{"line":58,"column":15},"end":{"line":58,"column":27}},"21":{"start":{"line":61,"column":17},"end":{"line":64,"column":3}},"22":{"start":{"line":62,"column":22},"end":{"line":62,"column":69}},"23":{"start":{"line":63,"column":4},"end":{"line":63,"column":27}},"24":{"start":{"line":63,"column":15},"end":{"line":63,"column":27}},"25":{"start":{"line":66,"column":18},"end":{"line":69,"column":3}},"26":{"start":{"line":67,"column":22},"end":{"line":67,"column":51}},"27":{"start":{"line":68,"column":4},"end":{"line":68,"column":27}},"28":{"start":{"line":68,"column":15},"end":{"line":68,"column":27}},"29":{"start":{"line":71,"column":24},"end":{"line":74,"column":3}},"30":{"start":{"line":72,"column":22},"end":{"line":72,"column":70}},"31":{"start":{"line":73,"column":4},"end":{"line":73,"column":27}},"32":{"start":{"line":73,"column":15},"end":{"line":73,"column":27}},"33":{"start":{"line":76,"column":16},"end":{"line":84,"column":3}},"34":{"start":{"line":86,"column":2},"end":{"line":86,"column":79}},"35":{"start":{"line":89,"column":23},"end":{"line":95,"column":1}},"36":{"start":{"line":90,"column":18},"end":{"line":90,"column":41}},"37":{"start":{"line":91,"column":2},"end":{"line":93,"column":3}},"38":{"start":{"line":92,"column":4},"end":{"line":92,"column":67}},"39":{"start":{"line":94,"column":2},"end":{"line":94,"column":17}}},"fnMap":{"0":{"name":"(anonymous_0)","decl":{"start":{"line":7,"column":11},"end":{"line":7,"column":12}},"loc":{"start":{"line":7,"column":28},"end":{"line":9,"column":3}},"line":7},"1":{"name":"(anonymous_1)","decl":{"start":{"line":10,"column":11},"end":{"line":10,"column":12}},"loc":{"start":{"line":10,"column":43},"end":{"line":12,"column":3}},"line":10},"2":{"name":"(anonymous_2)","decl":{"start":{"line":13,"column":14},"end":{"line":13,"column":15}},"loc":{"start":{"line":13,"column":31},"end":{"line":15,"column":3}},"line":13},"3":{"name":"(anonymous_3)","decl":{"start":{"line":39,"column":69},"end":{"line":39,"column":70}},"loc":{"start":{"line":39,"column":87},"end":{"line":87,"column":1}},"line":39},"4":{"name":"(anonymous_4)","decl":{"start":{"line":43,"column":12},"end":{"line":43,"column":13}},"loc":{"start":{"line":43,"column":18},"end":{"line":54,"column":3}},"line":43},"5":{"name":"(anonymous_5)","decl":{"start":{"line":44,"column":36},"end":{"line":44,"column":37}},"loc":{"start":{"line":44,"column":63},"end":{"line":47,"column":5}},"line":44},"6":{"name":"(anonymous_6)","decl":{"start":{"line":49,"column":71},"end":{"line":49,"column":72}},"loc":{"start":{"line":49,"column":92},"end":{"line":51,"column":5}},"line":49},"7":{"name":"(anonymous_7)","decl":{"start":{"line":53,"column":11},"end":{"line":53,"column":12}},"loc":{"start":{"line":53,"column":17},"end":{"line":53,"column":43}},"line":53},"8":{"name":"(anonymous_8)","decl":{"start":{"line":56,"column":17},"end":{"line":56,"column":18}},"loc":{"start":{"line":56,"column":60},"end":{"line":59,"column":3}},"line":56},"9":{"name":"(anonymous_9)","decl":{"start":{"line":61,"column":17},"end":{"line":61,"column":18}},"loc":{"start":{"line":61,"column":60},"end":{"line":64,"column":3}},"line":61},"10":{"name":"(anonymous_10)","decl":{"start":{"line":66,"column":18},"end":{"line":66,"column":19}},"loc":{"start":{"line":66,"column":30},"end":{"line":69,"column":3}},"line":66},"11":{"name":"(anonymous_11)","decl":{"start":{"line":71,"column":24},"end":{"line":71,"column":25}},"loc":{"start":{"line":71,"column":49},"end":{"line":74,"column":3}},"line":71},"12":{"name":"(anonymous_12)","decl":{"start":{"line":89,"column":23},"end":{"line":89,"column":24}},"loc":{"start":{"line":89,"column":29},"end":{"line":95,"column":1}},"line":89}},"branchMap":{"0":{"loc":{"start":{"line":58,"column":4},"end":{"line":58,"column":27}},"type":"if","locations":[{"start":{"line":58,"column":4},"end":{"line":58,"column":27}},{"start":{},"end":{}}],"line":58},"1":{"loc":{"start":{"line":63,"column":4},"end":{"line":63,"column":27}},"type":"if","locations":[{"start":{"line":63,"column":4},"end":{"line":63,"column":27}},{"start":{},"end":{}}],"line":63},"2":{"loc":{"start":{"line":68,"column":4},"end":{"line":68,"column":27}},"type":"if","locations":[{"start":{"line":68,"column":4},"end":{"line":68,"column":27}},{"start":{},"end":{}}],"line":68},"3":{"loc":{"start":{"line":73,"column":4},"end":{"line":73,"column":27}},"type":"if","locations":[{"start":{"line":73,"column":4},"end":{"line":73,"column":27}},{"start":{},"end":{}}],"line":73},"4":{"loc":{"start":{"line":83,"column":10},"end":{"line":83,"column":31}},"type":"binary-expr","locations":[{"start":{"line":83,"column":10},"end":{"line":83,"column":23}},{"start":{"line":83,"column":27},"end":{"line":83,"column":31}}],"line":83},"5":{"loc":{"start":{"line":91,"column":2},"end":{"line":93,"column":3}},"type":"if","locations":[{"start":{"line":91,"column":2},"end":{"line":93,"column":3}},{"start":{},"end":{}}],"line":91}},"s":{"0":0,"1":0,"2":0,"3":0,"4":0,"5":0,"6":0,"7":0,"8":0,"9":0,"10":0,"11":0,"12":0,"13":0,"14":0,"15":0,"16":0,"17":0,"18":0,"19":0,"20":0,"21":0,"22":0,"23":0,"24":0,"25":0,"26":0,"27":0,"28":0,"29":0,"30":0,"31":0,"32":0,"33":0,"34":0,"35":0,"36":0,"37":0,"38":0,"39":0},"f":{"0":0,"1":0,"2":0,"3":0,"4":0,"5":0,"6":0,"7":0,"8":0,"9":0,"10":0,"11":0,"12":0},"b":{"0":[0,0],"1":[0,0],"2":[0,0],"3":[0,0],"4":[0,0],"5":[0,0]}}
,"/Users/dfi/Desktop/MoodflixMobile-Optimized/src/contexts/SocialContext.tsx": {"path":"/Users/dfi/Desktop/MoodflixMobile-Optimized/src/contexts/SocialContext.tsx","statementMap":{"0":{"start":{"line":29,"column":22},"end":{"line":29,"column":77}},"1":{"start":{"line":31,"column":71},"end":{"line":213,"column":1}},"2":{"start":{"line":32,"column":32},"end":{"line":32,"column":54}},"3":{"start":{"line":33,"column":46},"end":{"line":33,"column":75}},"4":{"start":{"line":34,"column":42},"end":{"line":34,"column":70}},"5":{"start":{"line":35,"column":50},"end":{"line":35,"column":64}},"6":{"start":{"line":36,"column":52},"end":{"line":36,"column":66}},"7":{"start":{"line":37,"column":52},"end":{"line":37,"column":66}},"8":{"start":{"line":38,"column":46},"end":{"line":38,"column":57}},"9":{"start":{"line":40,"column":24},"end":{"line":40,"column":51}},"10":{"start":{"line":41,"column":26},"end":{"line":41,"column":55}},"11":{"start":{"line":43,"column":2},"end":{"line":51,"column":9}},"12":{"start":{"line":44,"column":4},"end":{"line":44,"column":22}},"13":{"start":{"line":45,"column":4},"end":{"line":45,"column":25}},"14":{"start":{"line":47,"column":4},"end":{"line":50,"column":6}},"15":{"start":{"line":48,"column":6},"end":{"line":48,"column":30}},"16":{"start":{"line":49,"column":6},"end":{"line":49,"column":32}},"17":{"start":{"line":53,"column":26},"end":{"line":58,"column":3}},"18":{"start":{"line":54,"column":4},"end":{"line":57,"column":7}},"19":{"start":{"line":60,"column":29},"end":{"line":65,"column":3}},"20":{"start":{"line":61,"column":4},"end":{"line":64,"column":7}},"21":{"start":{"line":67,"column":25},"end":{"line":85,"column":3}},"22":{"start":{"line":68,"column":4},"end":{"line":84,"column":5}},"23":{"start":{"line":69,"column":6},"end":{"line":69,"column":32}},"24":{"start":{"line":70,"column":6},"end":{"line":70,"column":33}},"25":{"start":{"line":72,"column":42},"end":{"line":75,"column":8}},"26":{"start":{"line":77,"column":6},"end":{"line":77,"column":30}},"27":{"start":{"line":78,"column":6},"end":{"line":78,"column":38}},"28":{"start":{"line":80,"column":6},"end":{"line":80,"column":61}},"29":{"start":{"line":82,"column":6},"end":{"line":82,"column":33}},"30":{"start":{"line":83,"column":6},"end":{"line":83,"column":34}},"31":{"start":{"line":87,"column":26},"end":{"line":99,"column":3}},"32":{"start":{"line":88,"column":4},"end":{"line":98,"column":5}},"33":{"start":{"line":89,"column":6},"end":{"line":89,"column":33}},"34":{"start":{"line":90,"column":6},"end":{"line":90,"column":27}},"35":{"start":{"line":92,"column":27},"end":{"line":92,"column":71}},"36":{"start":{"line":93,"column":6},"end":{"line":93,"column":36}},"37":{"start":{"line":95,"column":6},"end":{"line":95,"column":62}},"38":{"start":{"line":97,"column":6},"end":{"line":97,"column":34}},"39":{"start":{"line":101,"column":27},"end":{"line":111,"column":3}},"40":{"start":{"line":102,"column":4},"end":{"line":110,"column":5}},"41":{"start":{"line":103,"column":24},"end":{"line":103,"column":43}},"42":{"start":{"line":104,"column":6},"end":{"line":104,"column":35}},"43":{"start":{"line":106,"column":27},"end":{"line":106,"column":79}},"44":{"start":{"line":107,"column":6},"end":{"line":107,"column":58}},"45":{"start":{"line":107,"column":30},"end":{"line":107,"column":56}},"46":{"start":{"line":109,"column":6},"end":{"line":109,"column":59}},"47":{"start":{"line":113,"column":28},"end":{"line":121,"column":3}},"48":{"start":{"line":114,"column":4},"end":{"line":120,"column":5}},"49":{"start":{"line":115,"column":6},"end":{"line":115,"column":54}},"50":{"start":{"line":116,"column":6},"end":{"line":116,"column":29}},"51":{"start":{"line":118,"column":6},"end":{"line":118,"column":60}},"52":{"start":{"line":119,"column":6},"end":{"line":119,"column":18}},"53":{"start":{"line":123,"column":30},"end":{"line":142,"column":3}},"54":{"start":{"line":124,"column":4},"end":{"line":141,"column":5}},"55":{"start":{"line":125,"column":6},"end":{"line":125,"column":66}},"56":{"start":{"line":126,"column":6},"end":{"line":126,"column":29}},"57":{"start":{"line":129,"column":6},"end":{"line":135,"column":8}},"58":{"start":{"line":137,"column":6},"end":{"line":137,"column":30}},"59":{"start":{"line":139,"column":6},"end":{"line":139,"column":62}},"60":{"start":{"line":140,"column":6},"end":{"line":140,"column":18}},"61":{"start":{"line":144,"column":31},"end":{"line":152,"column":3}},"62":{"start":{"line":145,"column":4},"end":{"line":151,"column":5}},"63":{"start":{"line":146,"column":6},"end":{"line":146,"column":67}},"64":{"start":{"line":147,"column":6},"end":{"line":147,"column":29}},"65":{"start":{"line":149,"column":6},"end":{"line":149,"column":62}},"66":{"start":{"line":150,"column":6},"end":{"line":150,"column":18}},"67":{"start":{"line":154,"column":23},"end":{"line":162,"column":3}},"68":{"start":{"line":155,"column":4},"end":{"line":161,"column":5}},"69":{"start":{"line":156,"column":6},"end":{"line":156,"column":49}},"70":{"start":{"line":157,"column":6},"end":{"line":157,"column":29}},"71":{"start":{"line":159,"column":6},"end":{"line":159,"column":53}},"72":{"start":{"line":160,"column":6},"end":{"line":160,"column":18}},"73":{"start":{"line":164,"column":20},"end":{"line":172,"column":3}},"74":{"start":{"line":165,"column":4},"end":{"line":171,"column":5}},"75":{"start":{"line":166,"column":6},"end":{"line":166,"column":44}},"76":{"start":{"line":167,"column":6},"end":{"line":167,"column":29}},"77":{"start":{"line":169,"column":6},"end":{"line":169,"column":51}},"78":{"start":{"line":170,"column":6},"end":{"line":170,"column":18}},"79":{"start":{"line":174,"column":25},"end":{"line":188,"column":3}},"80":{"start":{"line":181,"column":4},"end":{"line":187,"column":5}},"81":{"start":{"line":182,"column":6},"end":{"line":182,"column":95}},"82":{"start":{"line":183,"column":6},"end":{"line":183,"column":30}},"83":{"start":{"line":185,"column":6},"end":{"line":185,"column":55}},"84":{"start":{"line":186,"column":6},"end":{"line":186,"column":18}},"85":{"start":{"line":190,"column":2},"end":{"line":212,"column":4}},"86":{"start":{"line":215,"column":25},"end":{"line":221,"column":1}},"87":{"start":{"line":216,"column":18},"end":{"line":216,"column":43}},"88":{"start":{"line":217,"column":2},"end":{"line":219,"column":3}},"89":{"start":{"line":218,"column":4},"end":{"line":218,"column":70}},"90":{"start":{"line":220,"column":2},"end":{"line":220,"column":17}}},"fnMap":{"0":{"name":"(anonymous_0)","decl":{"start":{"line":31,"column":71},"end":{"line":31,"column":72}},"loc":{"start":{"line":31,"column":89},"end":{"line":213,"column":1}},"line":31},"1":{"name":"(anonymous_1)","decl":{"start":{"line":43,"column":12},"end":{"line":43,"column":13}},"loc":{"start":{"line":43,"column":18},"end":{"line":51,"column":3}},"line":43},"2":{"name":"(anonymous_2)","decl":{"start":{"line":47,"column":11},"end":{"line":47,"column":12}},"loc":{"start":{"line":47,"column":17},"end":{"line":50,"column":5}},"line":47},"3":{"name":"(anonymous_3)","decl":{"start":{"line":53,"column":26},"end":{"line":53,"column":27}},"loc":{"start":{"line":53,"column":38},"end":{"line":58,"column":3}},"line":53},"4":{"name":"(anonymous_4)","decl":{"start":{"line":60,"column":29},"end":{"line":60,"column":30}},"loc":{"start":{"line":60,"column":41},"end":{"line":65,"column":3}},"line":60},"5":{"name":"(anonymous_5)","decl":{"start":{"line":67,"column":25},"end":{"line":67,"column":26}},"loc":{"start":{"line":67,"column":37},"end":{"line":85,"column":3}},"line":67},"6":{"name":"(anonymous_6)","decl":{"start":{"line":87,"column":26},"end":{"line":87,"column":27}},"loc":{"start":{"line":87,"column":38},"end":{"line":99,"column":3}},"line":87},"7":{"name":"(anonymous_7)","decl":{"start":{"line":101,"column":27},"end":{"line":101,"column":28}},"loc":{"start":{"line":101,"column":39},"end":{"line":111,"column":3}},"line":101},"8":{"name":"(anonymous_8)","decl":{"start":{"line":107,"column":22},"end":{"line":107,"column":23}},"loc":{"start":{"line":107,"column":30},"end":{"line":107,"column":56}},"line":107},"9":{"name":"(anonymous_9)","decl":{"start":{"line":113,"column":28},"end":{"line":113,"column":29}},"loc":{"start":{"line":113,"column":56},"end":{"line":121,"column":3}},"line":113},"10":{"name":"(anonymous_10)","decl":{"start":{"line":123,"column":30},"end":{"line":123,"column":31}},"loc":{"start":{"line":123,"column":59},"end":{"line":142,"column":3}},"line":123},"11":{"name":"(anonymous_11)","decl":{"start":{"line":144,"column":31},"end":{"line":144,"column":32}},"loc":{"start":{"line":144,"column":60},"end":{"line":152,"column":3}},"line":144},"12":{"name":"(anonymous_12)","decl":{"start":{"line":154,"column":23},"end":{"line":154,"column":24}},"loc":{"start":{"line":154,"column":51},"end":{"line":162,"column":3}},"line":154},"13":{"name":"(anonymous_13)","decl":{"start":{"line":164,"column":20},"end":{"line":164,"column":21}},"loc":{"start":{"line":164,"column":46},"end":{"line":172,"column":3}},"line":164},"14":{"name":"(anonymous_14)","decl":{"start":{"line":174,"column":25},"end":{"line":174,"column":26}},"loc":{"start":{"line":180,"column":7},"end":{"line":188,"column":3}},"line":180},"15":{"name":"(anonymous_15)","decl":{"start":{"line":215,"column":25},"end":{"line":215,"column":26}},"loc":{"start":{"line":215,"column":50},"end":{"line":221,"column":1}},"line":215}},"branchMap":{"0":{"loc":{"start":{"line":179,"column":4},"end":{"line":179,"column":30}},"type":"default-arg","locations":[{"start":{"line":179,"column":25},"end":{"line":179,"column":30}}],"line":179},"1":{"loc":{"start":{"line":217,"column":2},"end":{"line":219,"column":3}},"type":"if","locations":[{"start":{"line":217,"column":2},"end":{"line":219,"column":3}},{"start":{},"end":{}}],"line":217}},"s":{"0":0,"1":0,"2":0,"3":0,"4":0,"5":0,"6":0,"7":0,"8":0,"9":0,"10":0,"11":0,"12":0,"13":0,"14":0,"15":0,"16":0,"17":0,"18":0,"19":0,"20":0,"21":0,"22":0,"23":0,"24":0,"25":0,"26":0,"27":0,"28":0,"29":0,"30":0,"31":0,"32":0,"33":0,"34":0,"35":0,"36":0,"37":0,"38":0,"39":0,"40":0,"41":0,"42":0,"43":0,"44":0,"45":0,"46":0,"47":0,"48":0,"49":0,"50":0,"51":0,"52":0,"53":0,"54":0,"55":0,"56":0,"57":0,"58":0,"59":0,"60":0,"61":0,"62":0,"63":0,"64":0,"65":0,"66":0,"67":0,"68":0,"69":0,"70":0,"71":0,"72":0,"73":0,"74":0,"75":0,"76":0,"77":0,"78":0,"79":0,"80":0,"81":0,"82":0,"83":0,"84":0,"85":0,"86":0,"87":0,"88":0,"89":0,"90":0},"f":{"0":0,"1":0,"2":0,"3":0,"4":0,"5":0,"6":0,"7":0,"8":0,"9":0,"10":0,"11":0,"12":0,"13":0,"14":0,"15":0},"b":{"0":[0],"1":[0,0]}}
,"/Users/dfi/Desktop/MoodflixMobile-Optimized/src/contexts/ThemeContext.tsx": {"path":"/Users/dfi/Desktop/MoodflixMobile-Optimized/src/contexts/ThemeContext.tsx","statementMap":{"0":{"start":{"line":14,"column":21},"end":{"line":14,"column":75}},"1":{"start":{"line":16,"column":30},"end":{"line":16,"column":48}},"2":{"start":{"line":27,"column":59},"end":{"line":116,"column":1}},"3":{"start":{"line":28,"column":28},"end":{"line":28,"column":44}},"4":{"start":{"line":29,"column":38},"end":{"line":29,"column":76}},"5":{"start":{"line":30,"column":44},"end":{"line":30,"column":58}},"6":{"start":{"line":33,"column":2},"end":{"line":50,"column":9}},"7":{"start":{"line":34,"column":33},"end":{"line":47,"column":5}},"8":{"start":{"line":35,"column":6},"end":{"line":46,"column":7}},"9":{"start":{"line":36,"column":33},"end":{"line":36,"column":82}},"10":{"start":{"line":37,"column":8},"end":{"line":43,"column":9}},"11":{"start":{"line":38,"column":48},"end":{"line":38,"column":76}},"12":{"start":{"line":39,"column":10},"end":{"line":39,"column":54}},"13":{"start":{"line":40,"column":10},"end":{"line":42,"column":11}},"14":{"start":{"line":41,"column":12},"end":{"line":41,"column":50}},"15":{"start":{"line":45,"column":8},"end":{"line":45,"column":65}},"16":{"start":{"line":49,"column":4},"end":{"line":49,"column":27}},"17":{"start":{"line":53,"column":2},"end":{"line":63,"column":22}},"18":{"start":{"line":54,"column":4},"end":{"line":62,"column":5}},"19":{"start":{"line":55,"column":27},"end":{"line":57,"column":8}},"20":{"start":{"line":56,"column":8},"end":{"line":56,"column":46}},"21":{"start":{"line":59,"column":6},"end":{"line":61,"column":8}},"22":{"start":{"line":60,"column":8},"end":{"line":60,"column":30}},"23":{"start":{"line":65,"column":31},"end":{"line":71,"column":3}},"24":{"start":{"line":66,"column":4},"end":{"line":70,"column":5}},"25":{"start":{"line":67,"column":6},"end":{"line":67,"column":85}},"26":{"start":{"line":69,"column":6},"end":{"line":69,"column":62}},"27":{"start":{"line":73,"column":22},"end":{"line":82,"column":3}},"28":{"start":{"line":74,"column":26},"end":{"line":74,"column":37}},"29":{"start":{"line":75,"column":4},"end":{"line":75,"column":33}},"30":{"start":{"line":76,"column":4},"end":{"line":81,"column":5}},"31":{"start":{"line":77,"column":6},"end":{"line":80,"column":9}},"32":{"start":{"line":84,"column":25},"end":{"line":99,"column":3}},"33":{"start":{"line":85,"column":4},"end":{"line":85,"column":32}},"34":{"start":{"line":86,"column":4},"end":{"line":98,"column":5}},"35":{"start":{"line":87,"column":27},"end":{"line":87,"column":55}},"36":{"start":{"line":88,"column":6},"end":{"line":88,"column":34}},"37":{"start":{"line":89,"column":6},"end":{"line":92,"column":9}},"38":{"start":{"line":94,"column":6},"end":{"line":97,"column":9}},"39":{"start":{"line":101,"column":16},"end":{"line":101,"column":63}},"40":{"start":{"line":103,"column":2},"end":{"line":115,"column":4}},"41":{"start":{"line":118,"column":31},"end":{"line":124,"column":1}},"42":{"start":{"line":119,"column":18},"end":{"line":119,"column":42}},"43":{"start":{"line":120,"column":2},"end":{"line":122,"column":3}},"44":{"start":{"line":121,"column":4},"end":{"line":121,"column":75}},"45":{"start":{"line":123,"column":2},"end":{"line":123,"column":17}}},"fnMap":{"0":{"name":"(anonymous_0)","decl":{"start":{"line":27,"column":59},"end":{"line":27,"column":60}},"loc":{"start":{"line":27,"column":77},"end":{"line":116,"column":1}},"line":27},"1":{"name":"(anonymous_1)","decl":{"start":{"line":33,"column":12},"end":{"line":33,"column":13}},"loc":{"start":{"line":33,"column":18},"end":{"line":50,"column":3}},"line":33},"2":{"name":"(anonymous_2)","decl":{"start":{"line":34,"column":33},"end":{"line":34,"column":34}},"loc":{"start":{"line":34,"column":45},"end":{"line":47,"column":5}},"line":34},"3":{"name":"(anonymous_3)","decl":{"start":{"line":53,"column":12},"end":{"line":53,"column":13}},"loc":{"start":{"line":53,"column":18},"end":{"line":63,"column":3}},"line":53},"4":{"name":"(anonymous_4)","decl":{"start":{"line":55,"column":56},"end":{"line":55,"column":57}},"loc":{"start":{"line":55,"column":77},"end":{"line":57,"column":7}},"line":55},"5":{"name":"(anonymous_5)","decl":{"start":{"line":59,"column":13},"end":{"line":59,"column":14}},"loc":{"start":{"line":59,"column":19},"end":{"line":61,"column":7}},"line":59},"6":{"name":"(anonymous_6)","decl":{"start":{"line":65,"column":31},"end":{"line":65,"column":32}},"loc":{"start":{"line":65,"column":72},"end":{"line":71,"column":3}},"line":65},"7":{"name":"(anonymous_7)","decl":{"start":{"line":73,"column":22},"end":{"line":73,"column":23}},"loc":{"start":{"line":73,"column":34},"end":{"line":82,"column":3}},"line":73},"8":{"name":"(anonymous_8)","decl":{"start":{"line":84,"column":25},"end":{"line":84,"column":26}},"loc":{"start":{"line":84,"column":55},"end":{"line":99,"column":3}},"line":84},"9":{"name":"(anonymous_9)","decl":{"start":{"line":118,"column":31},"end":{"line":118,"column":32}},"loc":{"start":{"line":118,"column":37},"end":{"line":124,"column":1}},"line":118}},"branchMap":{"0":{"loc":{"start":{"line":37,"column":8},"end":{"line":43,"column":9}},"type":"if","locations":[{"start":{"line":37,"column":8},"end":{"line":43,"column":9}},{"start":{},"end":{}}],"line":37},"1":{"loc":{"start":{"line":40,"column":10},"end":{"line":42,"column":11}},"type":"if","locations":[{"start":{"line":40,"column":10},"end":{"line":42,"column":11}},{"start":{},"end":{}}],"line":40},"2":{"loc":{"start":{"line":54,"column":4},"end":{"line":62,"column":5}},"type":"if","locations":[{"start":{"line":54,"column":4},"end":{"line":62,"column":5}},{"start":{},"end":{}}],"line":54},"3":{"loc":{"start":{"line":76,"column":4},"end":{"line":81,"column":5}},"type":"if","locations":[{"start":{"line":76,"column":4},"end":{"line":81,"column":5}},{"start":{},"end":{}}],"line":76},"4":{"loc":{"start":{"line":86,"column":4},"end":{"line":98,"column":5}},"type":"if","locations":[{"start":{"line":86,"column":4},"end":{"line":98,"column":5}},{"start":{"line":93,"column":11},"end":{"line":98,"column":5}}],"line":86},"5":{"loc":{"start":{"line":101,"column":16},"end":{"line":101,"column":63}},"type":"cond-expr","locations":[{"start":{"line":101,"column":29},"end":{"line":101,"column":44}},{"start":{"line":101,"column":47},"end":{"line":101,"column":63}}],"line":101},"6":{"loc":{"start":{"line":120,"column":2},"end":{"line":122,"column":3}},"type":"if","locations":[{"start":{"line":120,"column":2},"end":{"line":122,"column":3}},{"start":{},"end":{}}],"line":120}},"s":{"0":0,"1":0,"2":0,"3":0,"4":0,"5":0,"6":0,"7":0,"8":0,"9":0,"10":0,"11":0,"12":0,"13":0,"14":0,"15":0,"16":0,"17":0,"18":0,"19":0,"20":0,"21":0,"22":0,"23":0,"24":0,"25":0,"26":0,"27":0,"28":0,"29":0,"30":0,"31":0,"32":0,"33":0,"34":0,"35":0,"36":0,"37":0,"38":0,"39":0,"40":0,"41":0,"42":0,"43":0,"44":0,"45":0},"f":{"0":0,"1":0,"2":0,"3":0,"4":0,"5":0,"6":0,"7":0,"8":0,"9":0},"b":{"0":[0,0],"1":[0,0],"2":[0,0],"3":[0,0],"4":[0,0],"5":[0,0],"6":[0,0]}}
,"/Users/dfi/Desktop/MoodflixMobile-Optimized/src/contexts/auth/AuthContext.tsx": {"path":"/Users/dfi/Desktop/MoodflixMobile-Optimized/src/contexts/auth/AuthContext.tsx","statementMap":{"0":{"start":{"line":16,"column":20},"end":{"line":16,"column":73}},"1":{"start":{"line":19,"column":31},"end":{"line":29,"column":1}},"2":{"start":{"line":21,"column":4},"end":{"line":21,"column":41}},"3":{"start":{"line":24,"column":4},"end":{"line":24,"column":48}},"4":{"start":{"line":27,"column":4},"end":{"line":27,"column":44}},"5":{"start":{"line":31,"column":69},"end":{"line":108,"column":1}},"6":{"start":{"line":32,"column":32},"end":{"line":32,"column":62}},"7":{"start":{"line":33,"column":32},"end":{"line":33,"column":46}},"8":{"start":{"line":35,"column":2},"end":{"line":46,"column":9}},"9":{"start":{"line":36,"column":4},"end":{"line":39,"column":7}},"10":{"start":{"line":37,"column":6},"end":{"line":37,"column":26}},"11":{"start":{"line":38,"column":6},"end":{"line":38,"column":24}},"12":{"start":{"line":41,"column":39},"end":{"line":43,"column":6}},"13":{"start":{"line":42,"column":6},"end":{"line":42,"column":26}},"14":{"start":{"line":45,"column":4},"end":{"line":45,"column":44}},"15":{"start":{"line":45,"column":17},"end":{"line":45,"column":43}},"16":{"start":{"line":48,"column":17},"end":{"line":51,"column":3}},"17":{"start":{"line":49,"column":22},"end":{"line":49,"column":81}},"18":{"start":{"line":50,"column":4},"end":{"line":50,"column":27}},"19":{"start":{"line":50,"column":15},"end":{"line":50,"column":27}},"20":{"start":{"line":53,"column":17},"end":{"line":81,"column":3}},"21":{"start":{"line":54,"column":49},"end":{"line":62,"column":6}},"22":{"start":{"line":64,"column":4},"end":{"line":64,"column":35}},"23":{"start":{"line":64,"column":19},"end":{"line":64,"column":35}},"24":{"start":{"line":66,"column":4},"end":{"line":80,"column":5}},"25":{"start":{"line":67,"column":38},"end":{"line":77,"column":10}},"26":{"start":{"line":79,"column":6},"end":{"line":79,"column":43}},"27":{"start":{"line":79,"column":24},"end":{"line":79,"column":43}},"28":{"start":{"line":83,"column":18},"end":{"line":86,"column":3}},"29":{"start":{"line":84,"column":22},"end":{"line":84,"column":51}},"30":{"start":{"line":85,"column":4},"end":{"line":85,"column":27}},"31":{"start":{"line":85,"column":15},"end":{"line":85,"column":27}},"32":{"start":{"line":88,"column":24},"end":{"line":91,"column":3}},"33":{"start":{"line":89,"column":22},"end":{"line":89,"column":70}},"34":{"start":{"line":90,"column":4},"end":{"line":90,"column":27}},"35":{"start":{"line":90,"column":15},"end":{"line":90,"column":27}},"36":{"start":{"line":93,"column":2},"end":{"line":107,"column":4}},"37":{"start":{"line":110,"column":23},"end":{"line":116,"column":1}},"38":{"start":{"line":111,"column":18},"end":{"line":111,"column":41}},"39":{"start":{"line":112,"column":2},"end":{"line":114,"column":3}},"40":{"start":{"line":113,"column":4},"end":{"line":113,"column":67}},"41":{"start":{"line":115,"column":2},"end":{"line":115,"column":17}}},"fnMap":{"0":{"name":"(anonymous_0)","decl":{"start":{"line":20,"column":11},"end":{"line":20,"column":12}},"loc":{"start":{"line":20,"column":28},"end":{"line":22,"column":3}},"line":20},"1":{"name":"(anonymous_1)","decl":{"start":{"line":23,"column":11},"end":{"line":23,"column":12}},"loc":{"start":{"line":23,"column":43},"end":{"line":25,"column":3}},"line":23},"2":{"name":"(anonymous_2)","decl":{"start":{"line":26,"column":14},"end":{"line":26,"column":15}},"loc":{"start":{"line":26,"column":31},"end":{"line":28,"column":3}},"line":26},"3":{"name":"(anonymous_3)","decl":{"start":{"line":31,"column":69},"end":{"line":31,"column":70}},"loc":{"start":{"line":31,"column":87},"end":{"line":108,"column":1}},"line":31},"4":{"name":"(anonymous_4)","decl":{"start":{"line":35,"column":12},"end":{"line":35,"column":13}},"loc":{"start":{"line":35,"column":18},"end":{"line":46,"column":3}},"line":35},"5":{"name":"(anonymous_5)","decl":{"start":{"line":36,"column":36},"end":{"line":36,"column":37}},"loc":{"start":{"line":36,"column":63},"end":{"line":39,"column":5}},"line":36},"6":{"name":"(anonymous_6)","decl":{"start":{"line":41,"column":71},"end":{"line":41,"column":72}},"loc":{"start":{"line":41,"column":92},"end":{"line":43,"column":5}},"line":41},"7":{"name":"(anonymous_7)","decl":{"start":{"line":45,"column":11},"end":{"line":45,"column":12}},"loc":{"start":{"line":45,"column":17},"end":{"line":45,"column":43}},"line":45},"8":{"name":"(anonymous_8)","decl":{"start":{"line":48,"column":17},"end":{"line":48,"column":18}},"loc":{"start":{"line":48,"column":60},"end":{"line":51,"column":3}},"line":48},"9":{"name":"(anonymous_9)","decl":{"start":{"line":53,"column":17},"end":{"line":53,"column":18}},"loc":{"start":{"line":53,"column":78},"end":{"line":81,"column":3}},"line":53},"10":{"name":"(anonymous_10)","decl":{"start":{"line":83,"column":18},"end":{"line":83,"column":19}},"loc":{"start":{"line":83,"column":30},"end":{"line":86,"column":3}},"line":83},"11":{"name":"(anonymous_11)","decl":{"start":{"line":88,"column":24},"end":{"line":88,"column":25}},"loc":{"start":{"line":88,"column":49},"end":{"line":91,"column":3}},"line":88},"12":{"name":"(anonymous_12)","decl":{"start":{"line":110,"column":23},"end":{"line":110,"column":24}},"loc":{"start":{"line":110,"column":29},"end":{"line":116,"column":1}},"line":110}},"branchMap":{"0":{"loc":{"start":{"line":50,"column":4},"end":{"line":50,"column":27}},"type":"if","locations":[{"start":{"line":50,"column":4},"end":{"line":50,"column":27}},{"start":{},"end":{}}],"line":50},"1":{"loc":{"start":{"line":64,"column":4},"end":{"line":64,"column":35}},"type":"if","locations":[{"start":{"line":64,"column":4},"end":{"line":64,"column":35}},{"start":{},"end":{}}],"line":64},"2":{"loc":{"start":{"line":66,"column":4},"end":{"line":80,"column":5}},"type":"if","locations":[{"start":{"line":66,"column":4},"end":{"line":80,"column":5}},{"start":{},"end":{}}],"line":66},"3":{"loc":{"start":{"line":79,"column":6},"end":{"line":79,"column":43}},"type":"if","locations":[{"start":{"line":79,"column":6},"end":{"line":79,"column":43}},{"start":{},"end":{}}],"line":79},"4":{"loc":{"start":{"line":85,"column":4},"end":{"line":85,"column":27}},"type":"if","locations":[{"start":{"line":85,"column":4},"end":{"line":85,"column":27}},{"start":{},"end":{}}],"line":85},"5":{"loc":{"start":{"line":90,"column":4},"end":{"line":90,"column":27}},"type":"if","locations":[{"start":{"line":90,"column":4},"end":{"line":90,"column":27}},{"start":{},"end":{}}],"line":90},"6":{"loc":{"start":{"line":97,"column":14},"end":{"line":97,"column":35}},"type":"binary-expr","locations":[{"start":{"line":97,"column":14},"end":{"line":97,"column":27}},{"start":{"line":97,"column":31},"end":{"line":97,"column":35}}],"line":97},"7":{"loc":{"start":{"line":112,"column":2},"end":{"line":114,"column":3}},"type":"if","locations":[{"start":{"line":112,"column":2},"end":{"line":114,"column":3}},{"start":{},"end":{}}],"line":112}},"s":{"0":0,"1":0,"2":0,"3":0,"4":0,"5":0,"6":0,"7":0,"8":0,"9":0,"10":0,"11":0,"12":0,"13":0,"14":0,"15":0,"16":0,"17":0,"18":0,"19":0,"20":0,"21":0,"22":0,"23":0,"24":0,"25":0,"26":0,"27":0,"28":0,"29":0,"30":0,"31":0,"32":0,"33":0,"34":0,"35":0,"36":0,"37":0,"38":0,"39":0,"40":0,"41":0},"f":{"0":0,"1":0,"2":0,"3":0,"4":0,"5":0,"6":0,"7":0,"8":0,"9":0,"10":0,"11":0,"12":0},"b":{"0":[0,0],"1":[0,0],"2":[0,0],"3":[0,0],"4":[0,0],"5":[0,0],"6":[0,0],"7":[0,0]}}
,"/Users/dfi/Desktop/MoodflixMobile-Optimized/src/contexts/notifications/NotificationContext.tsx": {"path":"/Users/dfi/Desktop/MoodflixMobile-Optimized/src/contexts/notifications/NotificationContext.tsx","statementMap":{"0":{"start":{"line":10,"column":28},"end":{"line":10,"column":89}},"1":{"start":{"line":12,"column":77},"end":{"line":39,"column":1}},"2":{"start":{"line":13,"column":40},"end":{"line":17,"column":4}},"3":{"start":{"line":19,"column":2},"end":{"line":27,"column":9}},"4":{"start":{"line":20,"column":28},"end":{"line":25,"column":5}},"5":{"start":{"line":21,"column":31},"end":{"line":21,"column":73}},"6":{"start":{"line":22,"column":6},"end":{"line":24,"column":7}},"7":{"start":{"line":23,"column":8},"end":{"line":23,"column":41}},"8":{"start":{"line":26,"column":4},"end":{"line":26,"column":22}},"9":{"start":{"line":29,"column":28},"end":{"line":32,"column":3}},"10":{"start":{"line":30,"column":4},"end":{"line":30,"column":64}},"11":{"start":{"line":31,"column":4},"end":{"line":31,"column":35}},"12":{"start":{"line":34,"column":2},"end":{"line":38,"column":4}},"13":{"start":{"line":41,"column":32},"end":{"line":47,"column":1}},"14":{"start":{"line":42,"column":18},"end":{"line":42,"column":49}},"15":{"start":{"line":43,"column":2},"end":{"line":45,"column":3}},"16":{"start":{"line":44,"column":4},"end":{"line":44,"column":83}},"17":{"start":{"line":46,"column":2},"end":{"line":46,"column":17}}},"fnMap":{"0":{"name":"(anonymous_0)","decl":{"start":{"line":12,"column":77},"end":{"line":12,"column":78}},"loc":{"start":{"line":12,"column":95},"end":{"line":39,"column":1}},"line":12},"1":{"name":"(anonymous_1)","decl":{"start":{"line":19,"column":12},"end":{"line":19,"column":13}},"loc":{"start":{"line":19,"column":18},"end":{"line":27,"column":3}},"line":19},"2":{"name":"(anonymous_2)","decl":{"start":{"line":20,"column":28},"end":{"line":20,"column":29}},"loc":{"start":{"line":20,"column":40},"end":{"line":25,"column":5}},"line":20},"3":{"name":"(anonymous_3)","decl":{"start":{"line":29,"column":28},"end":{"line":29,"column":29}},"loc":{"start":{"line":29,"column":79},"end":{"line":32,"column":3}},"line":29},"4":{"name":"(anonymous_4)","decl":{"start":{"line":41,"column":32},"end":{"line":41,"column":33}},"loc":{"start":{"line":41,"column":38},"end":{"line":47,"column":1}},"line":41}},"branchMap":{"0":{"loc":{"start":{"line":22,"column":6},"end":{"line":24,"column":7}},"type":"if","locations":[{"start":{"line":22,"column":6},"end":{"line":24,"column":7}},{"start":{},"end":{}}],"line":22},"1":{"loc":{"start":{"line":43,"column":2},"end":{"line":45,"column":3}},"type":"if","locations":[{"start":{"line":43,"column":2},"end":{"line":45,"column":3}},{"start":{},"end":{}}],"line":43}},"s":{"0":0,"1":0,"2":0,"3":0,"4":0,"5":0,"6":0,"7":0,"8":0,"9":0,"10":0,"11":0,"12":0,"13":0,"14":0,"15":0,"16":0,"17":0},"f":{"0":0,"1":0,"2":0,"3":0,"4":0},"b":{"0":[0,0],"1":[0,0]}}
,"/Users/dfi/Desktop/MoodflixMobile-Optimized/src/hooks/useOffline.ts": {"path":"/Users/dfi/Desktop/MoodflixMobile-Optimized/src/hooks/useOffline.ts","statementMap":{"0":{"start":{"line":8,"column":26},"end":{"line":68,"column":1}},"1":{"start":{"line":9,"column":18},"end":{"line":9,"column":30}},"2":{"start":{"line":10,"column":42},"end":{"line":14,"column":4}},"3":{"start":{"line":16,"column":2},"end":{"line":26,"column":23}},"4":{"start":{"line":17,"column":29},"end":{"line":20,"column":5}},"5":{"start":{"line":18,"column":26},"end":{"line":18,"column":60}},"6":{"start":{"line":19,"column":6},"end":{"line":19,"column":58}},"7":{"start":{"line":19,"column":31},"end":{"line":19,"column":55}},"8":{"start":{"line":22,"column":4},"end":{"line":22,"column":23}},"9":{"start":{"line":23,"column":4},"end":{"line":25,"column":6}},"10":{"start":{"line":28,"column":2},"end":{"line":38,"column":28}},"11":{"start":{"line":29,"column":34},"end":{"line":32,"column":5}},"12":{"start":{"line":30,"column":26},"end":{"line":30,"column":53}},"13":{"start":{"line":31,"column":6},"end":{"line":31,"column":58}},"14":{"start":{"line":31,"column":31},"end":{"line":31,"column":55}},"15":{"start":{"line":34,"column":4},"end":{"line":34,"column":28}},"16":{"start":{"line":35,"column":4},"end":{"line":37,"column":6}},"17":{"start":{"line":40,"column":25},"end":{"line":42,"column":3}},"18":{"start":{"line":41,"column":4},"end":{"line":41,"column":74}},"19":{"start":{"line":41,"column":29},"end":{"line":41,"column":71}},"20":{"start":{"line":44,"column":21},"end":{"line":51,"column":3}},"21":{"start":{"line":45,"column":4},"end":{"line":45,"column":38}},"22":{"start":{"line":46,"column":4},"end":{"line":50,"column":8}},"23":{"start":{"line":46,"column":29},"end":{"line":50,"column":5}},"24":{"start":{"line":53,"column":22},"end":{"line":53,"column":38}},"25":{"start":{"line":54,"column":30},"end":{"line":58,"column":4}},"26":{"start":{"line":56,"column":19},"end":{"line":56,"column":77}},"27":{"start":{"line":56,"column":66},"end":{"line":56,"column":76}},"28":{"start":{"line":60,"column":2},"end":{"line":67,"column":4}},"29":{"start":{"line":83,"column":34},"end":{"line":83,"column":48}},"30":{"start":{"line":84,"column":22},"end":{"line":84,"column":38}},"31":{"start":{"line":86,"column":2},"end":{"line":89,"column":9}},"32":{"start":{"line":87,"column":24},"end":{"line":87,"column":77}},"33":{"start":{"line":88,"column":4},"end":{"line":88,"column":31}},"34":{"start":{"line":88,"column":17},"end":{"line":88,"column":30}},"35":{"start":{"line":91,"column":37},"end":{"line":113,"column":4}},"36":{"start":{"line":94,"column":6},"end":{"line":108,"column":7}},"37":{"start":{"line":95,"column":23},"end":{"line":95,"column":38}},"38":{"start":{"line":97,"column":8},"end":{"line":97,"column":71}},"39":{"start":{"line":98,"column":8},"end":{"line":98,"column":22}},"40":{"start":{"line":101,"column":8},"end":{"line":106,"column":9}},"41":{"start":{"line":102,"column":25},"end":{"line":102,"column":63}},"42":{"start":{"line":103,"column":10},"end":{"line":105,"column":11}},"43":{"start":{"line":104,"column":12},"end":{"line":104,"column":42}},"44":{"start":{"line":107,"column":8},"end":{"line":107,"column":18}},"45":{"start":{"line":115,"column":2},"end":{"line":120,"column":4}}},"fnMap":{"0":{"name":"(anonymous_0)","decl":{"start":{"line":8,"column":26},"end":{"line":8,"column":27}},"loc":{"start":{"line":8,"column":32},"end":{"line":68,"column":1}},"line":8},"1":{"name":"(anonymous_1)","decl":{"start":{"line":16,"column":12},"end":{"line":16,"column":13}},"loc":{"start":{"line":16,"column":18},"end":{"line":26,"column":3}},"line":16},"2":{"name":"(anonymous_2)","decl":{"start":{"line":17,"column":29},"end":{"line":17,"column":30}},"loc":{"start":{"line":17,"column":41},"end":{"line":20,"column":5}},"line":17},"3":{"name":"(anonymous_3)","decl":{"start":{"line":19,"column":22},"end":{"line":19,"column":23}},"loc":{"start":{"line":19,"column":31},"end":{"line":19,"column":55}},"line":19},"4":{"name":"(anonymous_4)","decl":{"start":{"line":23,"column":11},"end":{"line":23,"column":12}},"loc":{"start":{"line":23,"column":17},"end":{"line":25,"column":5}},"line":23},"5":{"name":"(anonymous_5)","decl":{"start":{"line":28,"column":12},"end":{"line":28,"column":13}},"loc":{"start":{"line":28,"column":18},"end":{"line":38,"column":3}},"line":28},"6":{"name":"(anonymous_6)","decl":{"start":{"line":29,"column":34},"end":{"line":29,"column":35}},"loc":{"start":{"line":29,"column":46},"end":{"line":32,"column":5}},"line":29},"7":{"name":"(anonymous_7)","decl":{"start":{"line":31,"column":22},"end":{"line":31,"column":23}},"loc":{"start":{"line":31,"column":31},"end":{"line":31,"column":55}},"line":31},"8":{"name":"(anonymous_8)","decl":{"start":{"line":35,"column":11},"end":{"line":35,"column":12}},"loc":{"start":{"line":35,"column":17},"end":{"line":37,"column":5}},"line":35},"9":{"name":"(anonymous_9)","decl":{"start":{"line":40,"column":25},"end":{"line":40,"column":26}},"loc":{"start":{"line":40,"column":54},"end":{"line":42,"column":3}},"line":40},"10":{"name":"(anonymous_10)","decl":{"start":{"line":41,"column":20},"end":{"line":41,"column":21}},"loc":{"start":{"line":41,"column":29},"end":{"line":41,"column":71}},"line":41},"11":{"name":"(anonymous_11)","decl":{"start":{"line":44,"column":21},"end":{"line":44,"column":22}},"loc":{"start":{"line":44,"column":33},"end":{"line":51,"column":3}},"line":44},"12":{"name":"(anonymous_12)","decl":{"start":{"line":46,"column":20},"end":{"line":46,"column":21}},"loc":{"start":{"line":46,"column":29},"end":{"line":50,"column":5}},"line":46},"13":{"name":"(anonymous_13)","decl":{"start":{"line":56,"column":13},"end":{"line":56,"column":14}},"loc":{"start":{"line":56,"column":19},"end":{"line":56,"column":77}},"line":56},"14":{"name":"(anonymous_14)","decl":{"start":{"line":56,"column":53},"end":{"line":56,"column":54}},"loc":{"start":{"line":56,"column":66},"end":{"line":56,"column":76}},"line":56},"15":{"name":"useOfflineData","decl":{"start":{"line":77,"column":16},"end":{"line":77,"column":30}},"loc":{"start":{"line":82,"column":25},"end":{"line":121,"column":1}},"line":82},"16":{"name":"(anonymous_16)","decl":{"start":{"line":86,"column":12},"end":{"line":86,"column":13}},"loc":{"start":{"line":86,"column":18},"end":{"line":89,"column":3}},"line":86},"17":{"name":"(anonymous_17)","decl":{"start":{"line":88,"column":11},"end":{"line":88,"column":12}},"loc":{"start":{"line":88,"column":17},"end":{"line":88,"column":30}},"line":88},"18":{"name":"(anonymous_18)","decl":{"start":{"line":93,"column":13},"end":{"line":93,"column":14}},"loc":{"start":{"line":93,"column":25},"end":{"line":109,"column":5}},"line":93}},"branchMap":{"0":{"loc":{"start":{"line":30,"column":26},"end":{"line":30,"column":53}},"type":"binary-expr","locations":[{"start":{"line":30,"column":26},"end":{"line":30,"column":45}},{"start":{"line":30,"column":49},"end":{"line":30,"column":53}}],"line":30},"1":{"loc":{"start":{"line":81,"column":2},"end":{"line":81,"column":27}},"type":"default-arg","locations":[{"start":{"line":81,"column":14},"end":{"line":81,"column":27}}],"line":81},"2":{"loc":{"start":{"line":101,"column":8},"end":{"line":106,"column":9}},"type":"if","locations":[{"start":{"line":101,"column":8},"end":{"line":106,"column":9}},{"start":{},"end":{}}],"line":101},"3":{"loc":{"start":{"line":103,"column":10},"end":{"line":105,"column":11}},"type":"if","locations":[{"start":{"line":103,"column":10},"end":{"line":105,"column":11}},{"start":{},"end":{}}],"line":103},"4":{"loc":{"start":{"line":111,"column":11},"end":{"line":111,"column":27}},"type":"cond-expr","locations":[{"start":{"line":111,"column":22},"end":{"line":111,"column":23}},{"start":{"line":111,"column":26},"end":{"line":111,"column":27}}],"line":111}},"s":{"0":0,"1":0,"2":0,"3":0,"4":0,"5":0,"6":0,"7":0,"8":0,"9":0,"10":0,"11":0,"12":0,"13":0,"14":0,"15":0,"16":0,"17":0,"18":0,"19":0,"20":0,"21":0,"22":0,"23":0,"24":0,"25":0,"26":0,"27":0,"28":0,"29":0,"30":0,"31":0,"32":0,"33":0,"34":0,"35":0,"36":0,"37":0,"38":0,"39":0,"40":0,"41":0,"42":0,"43":0,"44":0,"45":0},"f":{"0":0,"1":0,"2":0,"3":0,"4":0,"5":0,"6":0,"7":0,"8":0,"9":0,"10":0,"11":0,"12":0,"13":0,"14":0,"15":0,"16":0,"17":0,"18":0},"b":{"0":[0,0],"1":[0],"2":[0,0],"3":[0,0],"4":[0,0]}}
,"/Users/dfi/Desktop/MoodflixMobile-Optimized/src/lib/supabase.ts": {"path":"/Users/dfi/Desktop/MoodflixMobile-Optimized/src/lib/supabase.ts","statementMap":{"0":{"start":{"line":4,"column":24},"end":{"line":4,"column":69}}},"fnMap":{},"branchMap":{},"s":{"0":0},"f":{},"b":{}}
,"/Users/dfi/Desktop/MoodflixMobile-Optimized/src/navigation/AuthStack.tsx": {"path":"/Users/dfi/Desktop/MoodflixMobile-Optimized/src/navigation/AuthStack.tsx","statementMap":{"0":{"start":{"line":13,"column":14},"end":{"line":13,"column":56}},"1":{"start":{"line":15,"column":35},"end":{"line":29,"column":1}},"2":{"start":{"line":16,"column":2},"end":{"line":28,"column":4}}},"fnMap":{"0":{"name":"(anonymous_0)","decl":{"start":{"line":15,"column":35},"end":{"line":15,"column":36}},"loc":{"start":{"line":15,"column":41},"end":{"line":29,"column":1}},"line":15}},"branchMap":{},"s":{"0":0,"1":0,"2":0},"f":{"0":0},"b":{}}
,"/Users/dfi/Desktop/MoodflixMobile-Optimized/src/navigation/MainStack.tsx": {"path":"/Users/dfi/Desktop/MoodflixMobile-Optimized/src/navigation/MainStack.tsx","statementMap":{"0":{"start":{"line":11,"column":14},"end":{"line":11,"column":56}},"1":{"start":{"line":14,"column":55},"end":{"line":18,"column":1}},"2":{"start":{"line":15,"column":2},"end":{"line":17,"column":9}},"3":{"start":{"line":20,"column":35},"end":{"line":40,"column":1}},"4":{"start":{"line":21,"column":2},"end":{"line":39,"column":4}},"5":{"start":{"line":25,"column":25},"end":{"line":25,"column":66}},"6":{"start":{"line":30,"column":25},"end":{"line":30,"column":69}},"7":{"start":{"line":35,"column":25},"end":{"line":35,"column":68}}},"fnMap":{"0":{"name":"(anonymous_0)","decl":{"start":{"line":14,"column":55},"end":{"line":14,"column":56}},"loc":{"start":{"line":15,"column":2},"end":{"line":17,"column":9}},"line":15},"1":{"name":"(anonymous_1)","decl":{"start":{"line":20,"column":35},"end":{"line":20,"column":36}},"loc":{"start":{"line":20,"column":41},"end":{"line":40,"column":1}},"line":20},"2":{"name":"(anonymous_2)","decl":{"start":{"line":25,"column":19},"end":{"line":25,"column":20}},"loc":{"start":{"line":25,"column":25},"end":{"line":25,"column":66}},"line":25},"3":{"name":"(anonymous_3)","decl":{"start":{"line":30,"column":19},"end":{"line":30,"column":20}},"loc":{"start":{"line":30,"column":25},"end":{"line":30,"column":69}},"line":30},"4":{"name":"(anonymous_4)","decl":{"start":{"line":35,"column":19},"end":{"line":35,"column":20}},"loc":{"start":{"line":35,"column":25},"end":{"line":35,"column":68}},"line":35}},"branchMap":{},"s":{"0":0,"1":0,"2":0,"3":0,"4":0,"5":0,"6":0,"7":0},"f":{"0":0,"1":0,"2":0,"3":0,"4":0},"b":{}}
,"/Users/dfi/Desktop/MoodflixMobile-Optimized/src/navigation/RootNavigator.tsx": {"path":"/Users/dfi/Desktop/MoodflixMobile-Optimized/src/navigation/RootNavigator.tsx","statementMap":{"0":{"start":{"line":14,"column":14},"end":{"line":14,"column":56}},"1":{"start":{"line":16,"column":39},"end":{"line":38,"column":1}},"2":{"start":{"line":17,"column":31},"end":{"line":17,"column":40}},"3":{"start":{"line":19,"column":2},"end":{"line":25,"column":3}},"4":{"start":{"line":20,"column":4},"end":{"line":24,"column":6}},"5":{"start":{"line":27,"column":2},"end":{"line":37,"column":4}}},"fnMap":{"0":{"name":"(anonymous_0)","decl":{"start":{"line":16,"column":39},"end":{"line":16,"column":40}},"loc":{"start":{"line":16,"column":45},"end":{"line":38,"column":1}},"line":16}},"branchMap":{"0":{"loc":{"start":{"line":19,"column":2},"end":{"line":25,"column":3}},"type":"if","locations":[{"start":{"line":19,"column":2},"end":{"line":25,"column":3}},{"start":{},"end":{}}],"line":19},"1":{"loc":{"start":{"line":30,"column":9},"end":{"line":34,"column":9}},"type":"cond-expr","locations":[{"start":{"line":31,"column":10},"end":{"line":31,"column":60}},{"start":{"line":33,"column":10},"end":{"line":33,"column":60}}],"line":30}},"s":{"0":0,"1":0,"2":0,"3":0,"4":0,"5":0},"f":{"0":0},"b":{"0":[0,0],"1":[0,0]}}
,"/Users/dfi/Desktop/MoodflixMobile-Optimized/src/navigation/index.tsx": {"path":"/Users/dfi/Desktop/MoodflixMobile-Optimized/src/navigation/index.tsx","statementMap":{"0":{"start":{"line":16,"column":14},"end":{"line":16,"column":36}},"1":{"start":{"line":17,"column":12},"end":{"line":17,"column":38}},"2":{"start":{"line":19,"column":21},"end":{"line":38,"column":1}},"3":{"start":{"line":20,"column":2},"end":{"line":37,"column":4}},"4":{"start":{"line":22,"column":37},"end":{"line":32,"column":7}},"5":{"start":{"line":25,"column":10},"end":{"line":29,"column":11}},"6":{"start":{"line":26,"column":12},"end":{"line":26,"column":30}},"7":{"start":{"line":27,"column":17},"end":{"line":29,"column":11}},"8":{"start":{"line":28,"column":12},"end":{"line":28,"column":33}},"9":{"start":{"line":30,"column":10},"end":{"line":30,"column":78}},"10":{"start":{"line":40,"column":19},"end":{"line":60,"column":1}},"11":{"start":{"line":41,"column":19},"end":{"line":41,"column":28}},"12":{"start":{"line":43,"column":2},"end":{"line":59,"column":4}}},"fnMap":{"0":{"name":"(anonymous_0)","decl":{"start":{"line":19,"column":21},"end":{"line":19,"column":22}},"loc":{"start":{"line":19,"column":27},"end":{"line":38,"column":1}},"line":19},"1":{"name":"(anonymous_1)","decl":{"start":{"line":22,"column":21},"end":{"line":22,"column":22}},"loc":{"start":{"line":22,"column":37},"end":{"line":32,"column":7}},"line":22},"2":{"name":"(anonymous_2)","decl":{"start":{"line":23,"column":20},"end":{"line":23,"column":21}},"loc":{"start":{"line":23,"column":50},"end":{"line":31,"column":9}},"line":23},"3":{"name":"(anonymous_3)","decl":{"start":{"line":40,"column":19},"end":{"line":40,"column":20}},"loc":{"start":{"line":40,"column":25},"end":{"line":60,"column":1}},"line":40}},"branchMap":{"0":{"loc":{"start":{"line":25,"column":10},"end":{"line":29,"column":11}},"type":"if","locations":[{"start":{"line":25,"column":10},"end":{"line":29,"column":11}},{"start":{"line":27,"column":17},"end":{"line":29,"column":11}}],"line":25},"1":{"loc":{"start":{"line":27,"column":17},"end":{"line":29,"column":11}},"type":"if","locations":[{"start":{"line":27,"column":17},"end":{"line":29,"column":11}},{"start":{},"end":{}}],"line":27},"2":{"loc":{"start":{"line":46,"column":9},"end":{"line":56,"column":9}},"type":"cond-expr","locations":[{"start":{"line":47,"column":10},"end":{"line":50,"column":13}},{"start":{"line":52,"column":10},"end":{"line":55,"column":13}}],"line":46}},"s":{"0":0,"1":0,"2":0,"3":0,"4":0,"5":0,"6":0,"7":0,"8":0,"9":0,"10":0,"11":0,"12":0},"f":{"0":0,"1":0,"2":0,"3":0},"b":{"0":[0,0],"1":[0,0],"2":[0,0]}}
,"/Users/dfi/Desktop/MoodflixMobile-Optimized/src/navigation/types.ts": {"path":"/Users/dfi/Desktop/MoodflixMobile-Optimized/src/navigation/types.ts","statementMap":{},"fnMap":{},"branchMap":{},"s":{},"f":{},"b":{}}
,"/Users/dfi/Desktop/MoodflixMobile-Optimized/src/screens/FriendsScreen.tsx": {"path":"/Users/dfi/Desktop/MoodflixMobile-Optimized/src/screens/FriendsScreen.tsx","statementMap":{"0":{"start":{"line":8,"column":39},"end":{"line":233,"column":1}},"1":{"start":{"line":19,"column":6},"end":{"line":19,"column":17}},"2":{"start":{"line":21,"column":21},"end":{"line":21,"column":36}},"3":{"start":{"line":22,"column":16},"end":{"line":22,"column":26}},"4":{"start":{"line":24,"column":40},"end":{"line":24,"column":52}},"5":{"start":{"line":25,"column":50},"end":{"line":25,"column":65}},"6":{"start":{"line":26,"column":44},"end":{"line":26,"column":56}},"7":{"start":{"line":27,"column":42},"end":{"line":27,"column":57}},"8":{"start":{"line":28,"column":28},"end":{"line":28,"column":57}},"9":{"start":{"line":29,"column":36},"end":{"line":29,"column":79}},"10":{"start":{"line":31,"column":26},"end":{"line":33,"column":3}},"11":{"start":{"line":32,"column":4},"end":{"line":32,"column":65}},"12":{"start":{"line":35,"column":26},"end":{"line":52,"column":3}},"13":{"start":{"line":36,"column":4},"end":{"line":39,"column":5}},"14":{"start":{"line":37,"column":6},"end":{"line":37,"column":49}},"15":{"start":{"line":38,"column":6},"end":{"line":38,"column":13}},"16":{"start":{"line":41,"column":4},"end":{"line":51,"column":5}},"17":{"start":{"line":42,"column":6},"end":{"line":42,"column":28}},"18":{"start":{"line":43,"column":6},"end":{"line":43,"column":21}},"19":{"start":{"line":44,"column":6},"end":{"line":44,"column":52}},"20":{"start":{"line":45,"column":6},"end":{"line":45,"column":33}},"21":{"start":{"line":46,"column":6},"end":{"line":46,"column":27}},"22":{"start":{"line":48,"column":6},"end":{"line":48,"column":89}},"23":{"start":{"line":50,"column":6},"end":{"line":50,"column":29}},"24":{"start":{"line":54,"column":27},"end":{"line":88,"column":3}},"25":{"start":{"line":55,"column":4},"end":{"line":87,"column":11}},"26":{"start":{"line":60,"column":10},"end":{"line":67,"column":12}},"27":{"start":{"line":70,"column":10},"end":{"line":76,"column":19}},"28":{"start":{"line":73,"column":27},"end":{"line":73,"column":82}},"29":{"start":{"line":80,"column":31},"end":{"line":80,"column":85}},"30":{"start":{"line":83,"column":31},"end":{"line":83,"column":56}},"31":{"start":{"line":90,"column":28},"end":{"line":122,"column":3}},"32":{"start":{"line":91,"column":4},"end"
[...]
line":254,"column":15}},"line":252},"17":{"name":"(anonymous_17)","decl":{"start":{"line":312,"column":2},"end":{"line":312,"column":3}},"loc":{"start":{"line":312,"column":84},"end":{"line":332,"column":3}},"line":312},"18":{"name":"(anonymous_18)","decl":{"start":{"line":334,"column":2},"end":{"line":334,"column":3}},"loc":{"start":{"line":334,"column":56},"end":{"line":368,"column":3}},"line":334},"19":{"name":"(anonymous_19)","decl":{"start":{"line":370,"column":2},"end":{"line":370,"column":3}},"loc":{"start":{"line":370,"column":65},"end":{"line":400,"column":3}},"line":370},"20":{"name":"(anonymous_20)","decl":{"start":{"line":402,"column":2},"end":{"line":402,"column":3}},"loc":{"start":{"line":402,"column":41},"end":{"line":436,"column":3}},"line":402},"21":{"name":"(anonymous_21)","decl":{"start":{"line":412,"column":69},"end":{"line":412,"column":70}},"loc":{"start":{"line":413,"column":8},"end":{"line":415,"column":13}},"line":413},"22":{"name":"(anonymous_22)","decl":{"start":{"line":438,"column":2},"end":{"line":438,"column":3}},"loc":{"start":{"line":438,"column":77},"end":{"line":460,"column":3}},"line":438},"23":{"name":"(anonymous_23)","decl":{"start":{"line":462,"column":2},"end":{"line":462,"column":3}},"loc":{"start":{"line":462,"column":72},"end":{"line":474,"column":3}},"line":462},"24":{"name":"(anonymous_24)","decl":{"start":{"line":471,"column":11},"end":{"line":471,"column":12}},"loc":{"start":{"line":471,"column":17},"end":{"line":473,"column":5}},"line":471},"25":{"name":"(anonymous_25)","decl":{"start":{"line":472,"column":67},"end":{"line":472,"column":68}},"loc":{"start":{"line":472,"column":73},"end":{"line":472,"column":88}},"line":472},"26":{"name":"(anonymous_26)","decl":{"start":{"line":476,"column":2},"end":{"line":476,"column":3}},"loc":{"start":{"line":476,"column":44},"end":{"line":504,"column":3}},"line":476},"27":{"name":"(anonymous_27)","decl":{"start":{"line":494,"column":8},"end":{"line":494,"column":9}},"loc":{"start":{"line":494,"column":21},"end":{"line":497,"column":9}},"line":494},"28":{"name":"(anonymous_28)","decl":{"start":{"line":501,"column":36},"end":{"line":501,"column":37}},"loc":{"start":{"line":501,"column":42},"end":{"line":503,"column":5}},"line":501},"29":{"name":"(anonymous_29)","decl":{"start":{"line":506,"column":2},"end":{"line":506,"column":3}},"loc":{"start":{"line":506,"column":43},"end":{"line":541,"column":3}},"line":506},"30":{"name":"(anonymous_30)","decl":{"start":{"line":521,"column":59},"end":{"line":521,"column":60}},"loc":{"start":{"line":522,"column":10},"end":{"line":524,"column":15}},"line":522},"31":{"name":"(anonymous_31)","decl":{"start":{"line":543,"column":2},"end":{"line":543,"column":3}},"loc":{"start":{"line":543,"column":44},"end":{"line":549,"column":3}},"line":543},"32":{"name":"(anonymous_32)","decl":{"start":{"line":551,"column":2},"end":{"line":551,"column":3}},"loc":{"start":{"line":551,"column":26},"end":{"line":563,"column":3}},"line":551},"33":{"name":"(anonymous_33)","decl":{"start":{"line":565,"column":2},"end":{"line":565,"column":3}},"loc":{"start":{"line":565,"column":34},"end":{"line":575,"column":3}},"line":565},"34":{"name":"(anonymous_34)","decl":{"start":{"line":568,"column":38},"end":{"line":568,"column":39}},"loc":{"start":{"line":568,"column":50},"end":{"line":574,"column":5}},"line":568},"35":{"name":"(anonymous_35)","decl":{"start":{"line":577,"column":2},"end":{"line":577,"column":3}},"loc":{"start":{"line":577,"column":51},"end":{"line":583,"column":3}},"line":577}},"branchMap":{"0":{"loc":{"start":{"line":47,"column":4},"end":{"line":49,"column":5}},"type":"if","locations":[{"start":{"line":47,"column":4},"end":{"line":49,"column":5}},{"start":{},"end":{}}],"line":47},"1":{"loc":{"start":{"line":55,"column":4},"end":{"line":57,"column":5}},"type":"if","locations":[{"start":{"line":55,"column":4},"end":{"line":57,"column":5}},{"start":{},"end":{}}],"line":55},"2":{"loc":{"start":{"line":55,"column":8},"end":{"line":55,"column":25}},"type":"binary-expr","locations":[{"start":{"line":55,"column":8},"end":{"line":55,"column":13}},{"start":{"line":55,"column":17},"end":{"line":55,"column":25}}],"line":55},"3":{"loc":{"start":{"line":63,"column":4},"end":{"line":65,"column":5}},"type":"if","locations":[{"start":{"line":63,"column":4},"end":{"line":65,"column":5}},{"start":{},"end":{}}],"line":63},"4":{"loc":{"start":{"line":63,"column":8},"end":{"line":63,"column":37}},"type":"binary-expr","locations":[{"start":{"line":63,"column":8},"end":{"line":63,"column":13}},{"start":{"line":63,"column":17},"end":{"line":63,"column":22}},{"start":{"line":63,"column":26},"end":{"line":63,"column":37}}],"line":63},"5":{"loc":{"start":{"line":75,"column":4},"end":{"line":75,"column":57}},"type":"if","locations":[{"start":{"line":75,"column":4},"end":{"line":75,"column":57}},{"start":{},"end":{}}],"line":75},"6":{"loc":{"start":{"line":89,"column":4},"end":{"line":89,"column":37}},"type":"if","locations":[{"start":{"line":89,"column":4},"end":{"line":89,"column":37}},{"start":{},"end":{}}],"line":89},"7":{"loc":{"start":{"line":102,"column":4},"end":{"line":106,"column":5}},"type":"if","locations":[{"start":{"line":102,"column":4},"end":{"line":106,"column":5}},{"start":{},"end":{}}],"line":102},"8":{"loc":{"start":{"line":117,"column":36},"end":{"line":117,"column":68}},"type":"cond-expr","locations":[{"start":{"line":117,"column":45},"end":{"line":117,"column":63}},{"start":{"line":117,"column":66},"end":{"line":117,"column":68}}],"line":117},"9":{"loc":{"start":{"line":121,"column":6},"end":{"line":123,"column":7}},"type":"if","locations":[{"start":{"line":121,"column":6},"end":{"line":123,"column":7}},{"start":{},"end":{}}],"line":121},"10":{"loc":{"start":{"line":133,"column":4},"end":{"line":133,"column":57}},"type":"if","locations":[{"start":{"line":133,"column":4},"end":{"line":133,"column":57}},{"start":{},"end":{}}],"line":133},"11":{"loc":{"start":{"line":138,"column":6},"end":{"line":141,"column":7}},"type":"if","locations":[{"start":{"line":138,"column":6},"end":{"line":141,"column":7}},{"start":{},"end":{}}],"line":138},"12":{"loc":{"start":{"line":140,"column":15},"end":{"line":140,"column":74}},"type":"cond-expr","locations":[{"start":{"line":140,"column":24},"end":{"line":140,"column":64}},{"start":{"line":140,"column":67},"end":{"line":140,"column":74}}],"line":140},"13":{"loc":{"start":{"line":155,"column":4},"end":{"line":157,"column":5}},"type":"if","locations":[{"start":{"line":155,"column":4},"end":{"line":157,"column":5}},{"start":{},"end":{}}],"line":155},"14":{"loc":{"start":{"line":160,"column":4},"end":{"line":160,"column":27}},"type":"if","locations":[{"start":{"line":160,"column":4},"end":{"line":160,"column":27}},{"start":{},"end":{}}],"line":160},"15":{"loc":{"start":{"line":178,"column":4},"end":{"line":178,"column":57}},"type":"if","locations":[{"start":{"line":178,"column":4},"end":{"line":178,"column":57}},{"start":{},"end":{}}],"line":178},"16":{"loc":{"start":{"line":188,"column":4},"end":{"line":188,"column":27}},"type":"if","locations":[{"start":{"line":188,"column":4},"end":{"line":188,"column":27}},{"start":{},"end":{}}],"line":188},"17":{"loc":{"start":{"line":197,"column":4},"end":{"line":197,"column":57}},"type":"if","locations":[{"start":{"line":197,"column":4},"end":{"line":197,"column":57}},{"start":{},"end":{}}],"line":197},"18":{"loc":{"start":{"line":207,"column":4},"end":{"line":207,"column":27}},"type":"if","locations":[{"start":{"line":207,"column":4},"end":{"line":207,"column":27}},{"start":{},"end":{}}],"line":207},"19":{"loc":{"start":{"line":220,"column":4},"end":{"line":220,"column":27}},"type":"if","locations":[{"start":{"line":220,"column":4},"end":{"line":220,"column":27}},{"start":{},"end":{}}],"line":220},"20":{"loc":{"start":{"line":236,"column":6},"end":{"line":236,"column":29}},"type":"if","locations":[{"start":{"line":236,"column":6},"end":{"line":236,"column":29}},{"start":{},"end":{}}],"line":236},"21":{"loc":{"start":{"line":237,"column":6},"end":{"line":237,"column":59}},"type":"if","locations":[{"start":{"line":237,"column":6},"end":{"line":237,"column":59}},{"start":{},"end":{}}],"line":237},"22":{"loc":{"start":{"line":239,"column":6},"end":{"line":241,"column":7}},"type":"if","locations":[{"start":{"line":239,"column":6},"end":{"line":241,"column":7}},{"start":{},"end":{}}],"line":239},"23":{"loc":{"start":{"line":239,"column":10},"end":{"line":239,"column":77}},"type":"binary-expr","locations":[{"start":{"line":239,"column":10},"end":{"line":239,"column":28}},{"start":{"line":239,"column":32},"end":{"line":239,"column":77}}],"line":239},"24":{"loc":{"start":{"line":249,"column":6},"end":{"line":305,"column":7}},"type":"if","locations":[{"start":{"line":249,"column":6},"end":{"line":305,"column":7}},{"start":{"line":275,"column":13},"end":{"line":305,"column":7}}],"line":249},"25":{"loc":{"start":{"line":252,"column":10},"end":{"line":254,"column":15}},"type":"cond-expr","locations":[{"start":{"line":253,"column":14},"end":{"line":253,"column":76}},{"start":{"line":254,"column":14},"end":{"line":254,"column":15}}],"line":252},"26":{"loc":{"start":{"line":267,"column":8},"end":{"line":267,"column":43}},"type":"if","locations":[{"start":{"line":267,"column":8},"end":{"line":267,"column":43}},{"start":{},"end":{}}],"line":267},"27":{"loc":{"start":{"line":285,"column":41},"end":{"line":285,"column":65}},"type":"binary-expr","locations":[{"start":{"line":285,"column":41},"end":{"line":285,"column":59}},{"start":{"line":285,"column":63},"end":{"line":285,"column":65}}],"line":285},"28":{"loc":{"start":{"line":297,"column":8},"end":{"line":297,"column":43}},"type":"if","locations":[{"start":{"line":297,"column":8},"end":{"line":297,"column":43}},{"start":{},"end":{}}],"line":297},"29":{"loc":{"start":{"line":313,"column":4},"end":{"line":315,"column":5}},"type":"if","locations":[{"start":{"line":313,"column":4},"end":{"line":315,"column":5}},{"start":{},"end":{}}],"line":313},"30":{"loc":{"start":{"line":327,"column":6},"end":{"line":327,"column":29}},"type":"if","locations":[{"start":{"line":327,"column":6},"end":{"line":327,"column":29}},{"start":{},"end":{}}],"line":327},"31":{"loc":{"start":{"line":335,"column":4},"end":{"line":337,"column":5}},"type":"if","locations":[{"start":{"line":335,"column":4},"end":{"line":337,"column":5}},{"start":{},"end":{}}],"line":335},"32":{"loc":{"start":{"line":352,"column":30},"end":{"line":352,"column":66}},"type":"binary-expr","locations":[{"start":{"line":352,"column":30},"end":{"line":352,"column":60}},{"start":{"line":352,"column":64},"end":{"line":352,"column":66}}],"line":352},"33":{"loc":{"start":{"line":363,"column":6},"end":{"line":363,"column":29}},"type":"if","locations":[{"start":{"line":363,"column":6},"end":{"line":363,"column":29}},{"start":{},"end":{}}],"line":363},"34":{"loc":{"start":{"line":371,"column":4},"end":{"line":373,"column":5}},"type":"if","locations":[{"start":{"line":371,"column":4},"end":{"line":373,"column":5}},{"start":{},"end":{}}],"line":371},"35":{"loc":{"start":{"line":385,"column":30},"end":{"line":385,"column":66}},"type":"binary-expr","locations":[{"start":{"line":385,"column":30},"end":{"line":385,"column":60}},{"start":{"line":385,"column":64},"end":{"line":385,"column":66}}],"line":385},"36":{"loc":{"start":{"line":396,"column":6},"end":{"line":396,"column":29}},"type":"if","locations":[{"start":{"line":396,"column":6},"end":{"line":396,"column":29}},{"start":{},"end":{}}],"line":396},"37":{"loc":{"start":{"line":403,"column":4},"end":{"line":405,"column":5}},"type":"if","locations":[{"start":{"line":403,"column":4},"end":{"line":405,"column":5}},{"start":{},"end":{}}],"line":403},"38":{"loc":{"start":{"line":413,"column":8},"end":{"line":415,"column":13}},"type":"cond-expr","locations":[{"start":{"line":414,"column":12},"end":{"line":414,"column":72}},{"start":{"line":415,"column":12},"end":{"line":415,"column":13}}],"line":413},"39":{"loc":{"start":{"line":426,"column":6},"end":{"line":426,"column":29}},"type":"if","locations":[{"start":{"line":426,"column":6},"end":{"line":426,"column":29}},{"start":{},"end":{}}],"line":426},"40":{"loc":{"start":{"line":439,"column":4},"end":{"line":441,"column":5}},"type":"if","locations":[{"start":{"line":439,"column":4},"end":{"line":441,"column":5}},{"start":{},"end":{}}],"line":439},"41":{"loc":{"start":{"line":466,"column":4},"end":{"line":468,"column":5}},"type":"if","locations":[{"start":{"line":466,"column":4},"end":{"line":468,"column":5}},{"start":{},"end":{}}],"line":466},"42":{"loc":{"start":{"line":477,"column":4},"end":{"line":477,"column":35}},"type":"if","locations":[{"start":{"line":477,"column":4},"end":{"line":477,"column":35}},{"start":{},"end":{}}],"line":477},"43":{"loc":{"start":{"line":480,"column":4},"end":{"line":482,"column":5}},"type":"if","locations":[{"start":{"line":480,"column":4},"end":{"line":482,"column":5}},{"start":{},"end":{}}],"line":480},"44":{"loc":{"start":{"line":507,"column":4},"end":{"line":507,"column":35}},"type":"if","locations":[{"start":{"line":507,"column":4},"end":{"line":507,"column":35}},{"start":{},"end":{}}],"line":507},"45":{"loc":{"start":{"line":516,"column":6},"end":{"line":516,"column":29}},"type":"if","locations":[{"start":{"line":516,"column":6},"end":{"line":516,"column":29}},{"start":{},"end":{}}],"line":516},"46":{"loc":{"start":{"line":519,"column":6},"end":{"line":533,"column":7}},"type":"if","locations":[{"start":{"line":519,"column":6},"end":{"line":533,"column":7}},{"start":{},"end":{}}],"line":519},"47":{"loc":{"start":{"line":522,"column":10},"end":{"line":524,"column":15}},"type":"cond-expr","locations":[{"start":{"line":523,"column":14},"end":{"line":523,"column":58}},{"start":{"line":524,"column":14},"end":{"line":524,"column":15}}],"line":522},"48":{"loc":{"start":{"line":545,"column":4},"end":{"line":548,"column":5}},"type":"if","locations":[{"start":{"line":545,"column":4},"end":{"line":548,"column":5}},{"start":{},"end":{}}],"line":545},"49":{"loc":{"start":{"line":552,"column":4},"end":{"line":555,"column":5}},"type":"if","locations":[{"start":{"line":552,"column":4},"end":{"line":555,"column":5}},{"start":{},"end":{}}],"line":552},"50":{"loc":{"start":{"line":556,"column":4},"end":{"line":559,"column":5}},"type":"if","locations":[{"start":{"line":556,"column":4},"end":{"line":559,"column":5}},{"start":{},"end":{}}],"line":556},"51":{"loc":{"start":{"line":566,"column":4},"end":{"line":566,"column":35}},"type":"if","locations":[{"start":{"line":566,"column":4},"end":{"line":566,"column":35}},{"start":{},"end":{}}],"line":566},"52":{"loc":{"start":{"line":579,"column":12},"end":{"line":579,"column":41}},"type":"binary-expr","locations":[{"start":{"line":579,"column":12},"end":{"line":579,"column":22}},{"start":{"line":579,"column":26},"end":{"line":579,"column":41}}],"line":579},"53":{"loc":{"start":{"line":580,"column":15},"end":{"line":580,"column":59}},"type":"binary-expr","locations":[{"start":{"line":580,"column":15},"end":{"line":580,"column":28}},{"start":{"line":580,"column":32},"end":{"line":580,"column":59}}],"line":580}},"s":{"0":0,"1":0,"2":0,"3":0,"4":0,"5":0,"6":0,"7":0,"8":0,"9":0,"10":0,"11":0,"12":0,"13":0,"14":0,"15":0,"16":0,"17":0,"18":0,"19":0,"20":0,"21":0,"22":0,"23":0,"24":0,"25":0,"26":0,"27":0,"28":0,"29":0,"30":0,"31":0,"32":0,"33":0,"34":0,"35":0,"36":0,"37":0,"38":0,"39":0,"40":0,"41":0,"42":0,"43":0,"44":0,"45":0,"46":0,"47":0,"48":0,"49":0,"50":0,"51":0,"52":0,"53":0,"54":0,"55":0,"56":0,"57":0,"58":0,"59":0,"60":0,"61":0,"62":0,"63":0,"64":0,"65":0,"66":0,"67":0,"68":0,"69":0,"70":0,"71":0,"72":0,"73":0,"74":0,"75":0,"76":0,"77":0,"78":0,"79":0,"80":0,"81":0,"82":0,"83":0,"84":0,"85":0,"86":0,"87":0,"88":0,"89":0,"90":0,"91":0,"92":0,"93":0,"94":0,"95":0,"96":0,"97":0,"98":0,"99":0,"100":0,"101":0,"102":0,"103":0,"104":0,"105":0,"106":0,"107":0,"108":0,"109":0,"110":0,"111":0,"112":0,"113":0,"114":0,"115":0,"116":0,"117":0,"118":0,"119":0,"120":0,"121":0,"122":0,"123":0,"124":0,"125":0,"126":0,"127":0,"128":0,"129":0,"130":0,"131":0,"132":0,"133":0,"134":0,"135":0,"136":0,"137":0,"138":0,"139":0,"140":0,"141":0,"142":0,"143":0,"144":0,"145":0,"146":0,"147":0,"148":0,"149":0,"150":0,"151":0,"152":0,"153":0,"154":0,"155":0,"156":0,"157":0,"158":0,"159":0,"160":0,"161":0,"162":0,"163":0,"164":0,"165":0,"166":0,"167":0,"168":0,"169":0,"170":0,"171":0,"172":0,"173":0,"174":0,"175":0,"176":0,"177":0,"178":0,"179":0,"180":0,"181":0,"182":0,"183":0,"184":0,"185":0,"186":0,"187":0,"188":0,"189":0,"190":0,"191":0,"192":0,"193":0,"194":0,"195":0,"196":0,"197":0,"198":0,"199":0,"200":0,"201":0,"202":0,"203":0,"204":0,"205":0,"206":0,"207":0,"208":0,"209":0,"210":0,"211":0,"212":0,"213":0,"214":0,"215":0,"216":0,"217":0},"f":{"0":0,"1":0,"2":0,"3":0,"4":0,"5":0,"6":0,"7":0,"8":0,"9":0,"10":0,"11":0,"12":0,"13":0,"14":0,"15":0,"16":0,"17":0,"18":0,"19":0,"20":0,"21":0,"22":0,"23":0,"24":0,"25":0,"26":0,"27":0,"28":0,"29":0,"30":0,"31":0,"32":0,"33":0,"34":0,"35":0},"b":{"0":[0,0],"1":[0,0],"2":[0,0],"3":[0,0],"4":[0,0,0],"5":[0,0],"6":[0,0],"7":[0,0],"8":[0,0],"9":[0,0],"10":[0,0],"11":[0,0],"12":[0,0],"13":[0,0],"14":[0,0],"15":[0,0],"16":[0,0],"17":[0,0],"18":[0,0],"19":[0,0],"20":[0,0],"21":[0,0],"22":[0,0],"23":[0,0],"24":[0,0],"25":[0,0],"26":[0,0],"27":[0,0],"28":[0,0],"29":[0,0],"30":[0,0],"31":[0,0],"32":[0,0],"33":[0,0],"34":[0,0],"35":[0,0],"36":[0,0],"37":[0,0],"38":[0,0],"39":[0,0],"40":[0,0],"41":[0,0],"42":[0,0],"43":[0,0],"44":[0,0],"45":[0,0],"46":[0,0],"47":[0,0],"48":[0,0],"49":[0,0],"50":[0,0],"51":[0,0],"52":[0,0],"53":[0,0]}}
,"/Users/dfi/Desktop/MoodflixMobile-Optimized/src/theme/theme.ts": {"path":"/Users/dfi/Desktop/MoodflixMobile-Optimized/src/theme/theme.ts","statementMap":{"0":{"start":{"line":4,"column":19},"end":{"line":11,"column":1}},"1":{"start":{"line":14,"column":20},"end":{"line":27,"column":1}},"2":{"start":{"line":30,"column":19},"end":{"line":43,"column":1}},"3":{"start":{"line":46,"column":19},"end":{"line":90,"column":1}},"4":{"start":{"line":93,"column":32},"end":{"line":103,"column":1}},"5":{"start":{"line":105,"column":31},"end":{"line":115,"column":1}}},"fnMap":{},"branchMap":{},"s":{"0":0,"1":0,"2":0,"3":0,"4":0,"5":0},"f":{},"b":{}}
,"/Users/dfi/Desktop/MoodflixMobile-Optimized/src/types/auth.ts": {"path":"/Users/dfi/Desktop/MoodflixMobile-Optimized/src/types/auth.ts","statementMap":{},"fnMap":{},"branchMap":{},"s":{},"f":{},"b":{}}
,"/Users/dfi/Desktop/MoodflixMobile-Optimized/src/types/index.ts": {"path":"/Users/dfi/Desktop/MoodflixMobile-Optimized/src/types/index.ts","statementMap":{},"fnMap":{},"branchMap":{},"s":{},"f":{},"b":{}}
,"/Users/dfi/Desktop/MoodflixMobile-Optimized/src/types/movie.ts": {"path":"/Users/dfi/Desktop/MoodflixMobile-Optimized/src/types/movie.ts","statementMap":{},"fnMap":{},"branchMap":{},"s":{},"f":{},"b":{}}
,"/Users/dfi/Desktop/MoodflixMobile-Optimized/src/types/navigation.ts": {"path":"/Users/dfi/Desktop/MoodflixMobile-Optimized/src/types/navigation.ts","statementMap":{},"fnMap":{},"branchMap":{},"s":{},"f":{},"b":{}}
,"/Users/dfi/Desktop/MoodflixMobile-Optimized/src/types/notifications.ts": {"path":"/Users/dfi/Desktop/MoodflixMobile-Optimized/src/types/notifications.ts","statementMap":{},"fnMap":{},"branchMap":{},"s":{},"f":{},"b":{}}
,"/Users/dfi/Desktop/MoodflixMobile-Optimized/src/types/offline.ts": {"path":"/Users/dfi/Desktop/MoodflixMobile-Optimized/src/types/offline.ts","statementMap":{},"fnMap":{},"branchMap":{},"s":{},"f":{},"b":{}}
,"/Users/dfi/Desktop/MoodflixMobile-Optimized/src/types/tmdb.ts": {"path":"/Users/dfi/Desktop/MoodflixMobile-Optimized/src/types/tmdb.ts","statementMap":{},"fnMap":{},"branchMap":{},"s":{},"f":{},"b":{}}
,"/Users/dfi/Desktop/MoodflixMobile-Optimized/src/types/watch-party.ts": {"path":"/Users/dfi/Desktop/MoodflixMobile-Optimized/src/types/watch-party.ts","statementMap":{},"fnMap":{},"branchMap":{},"s":{},"f":{},"b":{}}
}
