TN:
SF:src/components/ThemeToggle.tsx
FN:12,(anonymous_0)
FN:19,(anonymous_1)
FN:28,(anonymous_2)
FN:34,(anonymous_3)
FNF:4
FNH:0
FNDA:0,(anonymous_0)
FNDA:0,(anonymous_1)
FNDA:0,(anonymous_2)
FNDA:0,(anonymous_3)
DA:12,0
DA:13,0
DA:16,0
DA:17,0
DA:19,0
DA:20,0
DA:28,0
DA:30,0
DA:34,0
DA:35,0
DA:38,0
DA:41,0
DA:86,0
LF:13
LH:0
BRDA:16,0,0,0
BRDA:16,0,1,0
BRDA:30,1,0,0
BRDA:30,1,1,0
BRDA:52,2,0,0
BRDA:52,2,1,0
BRDA:63,3,0,0
BRDA:63,3,1,0
BRF:8
BRH:0
end_of_record
TN:
SF:src/components/BiometricSettings/index.tsx
FN:7,(anonymous_0)
FN:13,(anonymous_1)
FN:17,(anonymous_2)
FN:32,(anonymous_3)
FN:78,(anonymous_4)
FNF:5
FNH:0
FNDA:0,(anonymous_0)
FNDA:0,(anonymous_1)
FNDA:0,(anonymous_2)
FNDA:0,(anonymous_3)
FNDA:0,(anonymous_4)
DA:7,0
DA:8,0
DA:9,0
DA:10,0
DA:11,0
DA:13,0
DA:14,0
DA:17,0
DA:18,0
DA:19,0
DA:20,0
DA:21,0
DA:22,0
DA:23,0
DA:25,0
DA:26,0
DA:28,0
DA:32,0
DA:33,0
DA:34,0
DA:35,0
DA:36,0
DA:37,0
DA:39,0
DA:40,0
DA:41,0
DA:42,0
DA:44,0
DA:48,0
DA:49,0
DA:51,0
DA:55,0
DA:56,0
DA:63,0
DA:64,0
DA:71,0
DA:79,0
DA:92,0
LF:38
LH:0
BRDA:35,0,0,0
BRDA:35,0,1,0
BRDA:40,1,0,0
BRDA:40,1,1,0
BRDA:44,2,0,0
BRDA:44,2,1,0
BRDA:55,3,0,0
BRDA:55,3,1,0
BRDA:63,4,0,0
BRDA:63,4,1,0
BRDA:73,5,0,0
BRDA:73,5,1,0
BRF:12
BRH:0
end_of_record
TN:
SF:src/components/ErrorBoundary/index.tsx
FN:21,(anonymous_0)
FN:25,(anonymous_1)
FN:29,(anonymous_2)
FN:33,(anonymous_3)
FNF:4
FNH:0
FNDA:0,(anonymous_0)
FNDA:0,(anonymous_1)
FNDA:0,(anonymous_2)
FNDA:0,(anonymous_3)
DA:16,0
DA:22,0
DA:26,0
DA:29,0
DA:30,0
DA:34,0
DA:35,0
DA:36,0
DA:39,0
DA:48,0
DA:52,0
LF:11
LH:0
BRDA:34,0,0,0
BRDA:34,0,1,0
BRDA:35,1,0,0
BRDA:35,1,1,0
BRF:4
BRH:0
end_of_record
TN:
SF:src/components/MoodRecommendations/index.tsx
FN:14,(anonymous_0)
FN:24,(anonymous_1)
FN:25,(anonymous_2)
FN:78,(anonymous_3)
FN:79,(anonymous_4)
FN:83,(anonymous_5)
FNF:6
FNH:0
FNDA:0,(anonymous_0)
FNDA:0,(anonymous_1)
FNDA:0,(anonymous_2)
FNDA:0,(anonymous_3)
FNDA:0,(anonymous_4)
FNDA:0,(anonymous_5)
DA:14,0
DA:18,0
DA:19,0
DA:20,0
DA:21,0
DA:22,0
DA:24,0
DA:25,0
DA:26,0
DA:27,0
DA:28,0
DA:29,0
DA:30,0
DA:32,0
DA:33,0
DA:35,0
DA:39,0
DA:42,0
DA:43,0
DA:54,0
DA:55,0
DA:67,0
DA:68,0
DA:75,0
DA:78,0
DA:80,0
DA:83,0
DA:92,0
LF:28
LH:0
BRDA:42,0,0,0
BRDA:42,0,1,0
BRDA:54,1,0,0
BRDA:54,1,1,0
BRDA:58,2,0,0
BRDA:58,2,1,0
BRDA:67,3,0,0
BRDA:67,3,1,0
BRF:8
BRH:0
end_of_record
TN:
SF:src/components/MovieCard/index.tsx
FN:12,(anonymous_0)
FN:19,(anonymous_1)
FNF:2
FNH:0
FNDA:0,(anonymous_0)
FNDA:0,(anonymous_1)
DA:12,0
DA:13,0
DA:14,0
DA:16,0
DA:19,0
DA:59,0
LF:6
LH:0
BRDA:26,0,0,0
BRDA:26,0,1,0
BRF:2
BRH:0
end_of_record
TN:
SF:src/components/NotificationSettings/index.tsx
FN:7,(anonymous_0)
FN:11,(anonymous_1)
FN:27,(anonymous_2)
FN:30,(anonymous_3)
FN:38,(anonymous_4)
FN:41,(anonymous_5)
FN:49,(anonymous_6)
FN:52,(anonymous_7)
FNF:8
FNH:0
FNDA:0,(anonymous_0)
FNDA:0,(anonymous_1)
FNDA:0,(anonymous_2)
FNDA:0,(anonymous_3)
FNDA:0,(anonymous_4)
FNDA:0,(anonymous_5)
FNDA:0,(anonymous_6)
FNDA:0,(anonymous_7)
DA:7,0
DA:8,0
DA:9,0
DA:11,0
DA:12,0
DA:13,0
DA:18,0
DA:22,0
DA:28,0
DA:30,0
DA:39,0
DA:41,0
DA:50,0
DA:52,0
DA:62,0
LF:15
LH:0
BRF:0
BRH:0
end_of_record
TN:
SF:src/components/OfflineIndicator/index.tsx
FN:7,(anonymous_0)
FN:11,(anonymous_1)
FN:13,(anonymous_2)
FN:16,(anonymous_3)
FNF:4
FNH:0
FNDA:0,(anonymous_0)
FNDA:0,(anonymous_1)
FNDA:0,(anonymous_2)
FNDA:0,(anonymous_3)
DA:7,0
DA:8,0
DA:9,0
DA:11,0
DA:12,0
DA:13,0
DA:16,0
DA:17,0
DA:18,0
DA:34,0
DA:36,0
DA:43,0
LF:12
LH:0
BRDA:17,0,0,0
BRDA:17,0,1,0
BRDA:34,1,0,0
BRDA:34,1,1,0
BRF:4
BRH:0
end_of_record
TN:
SF:src/config/env.ts
FN:46,(anonymous_0)
FN:64,(anonymous_1)
FN:69,(anonymous_2)
FNF:3
FNH:0
FNDA:0,(anonymous_0)
FNDA:0,(anonymous_1)
FNDA:0,(anonymous_2)
DA:16,0
DA:29,0
DA:32,0
DA:45,0
DA:46,0
DA:47,0
DA:48,0
DA:58,0
DA:64,0
DA:65,0
DA:69,0
DA:70,0
DA:71,0
LF:13
LH:0
BRDA:29,0,0,0
BRDA:29,0,1,0
BRDA:33,1,0,0
BRDA:33,1,1,0
BRDA:33,1,2,0
BRDA:34,2,0,0
BRDA:34,2,1,0
BRDA:34,2,2,0
BRDA:35,3,0,0
BRDA:35,3,1,0
BRDA:35,3,2,0
BRDA:36,4,0,0
BRDA:36,4,1,0
BRDA:36,4,2,0
BRDA:37,5,0,0
BRDA:37,5,1,0
BRDA:37,5,2,0
BRDA:38,6,0,0
BRDA:38,6,1,0
BRDA:38,6,2,0
BRDA:39,7,0,0
BRDA:39,7,1,0
BRDA:39,7,2,0
BRDA:40,8,0,0
BRDA:40,8,1,0
BRDA:40,8,2,0
BRDA:41,9,0,0
BRDA:41,9,1,0
BRDA:41,9,2,0
BRDA:47,10,0,0
BRDA:47,10,1,0
BRDA:70,11,0,0
BRDA:70,11,1,0
BRF:33
BRH:0
end_of_record
TN:
SF:src/config/supabase.ts
FNF:0
FNH:0
DA:4,0
LF:1
LH:0
BRF:0
BRH:0
end_of_record
TN:
SF:src/constants/assets.ts
FNF:0
FNH:0
DA:1,0
LF:1
LH:0
BRF:0
BRH:0
end_of_record
TN:
SF:src/constants/index.ts
FNF:0
FNH:0
LF:0
LH:0
BRF:0
BRH:0
end_of_record
TN:
SF:src/contexts/AuthContext.tsx
FN:7,(anonymous_0)
FN:10,(anonymous_1)
FN:13,(anonymous_2)
FN:39,(anonymous_3)
FN:43,(anonymous_4)
FN:44,(anonymous_5)
FN:49,(anonymous_6)
FN:53,(anonymous_7)
FN:56,(anonymous_8)
FN:61,(anonymous_9)
FN:66,(anonymous_10)
FN:71,(anonymous_11)
FN:89,(anonymous_12)
FNF:13
FNH:0
FNDA:0,(anonymous_0)
FNDA:0,(anonymous_1)
FNDA:0,(anonymous_2)
FNDA:0,(anonymous_3)
FNDA:0,(anonymous_4)
FNDA:0,(anonymous_5)
FNDA:0,(anonymous_6)
FNDA:0,(anonymous_7)
FNDA:0,(anonymous_8)
FNDA:0,(anonymous_9)
FNDA:0,(anonymous_10)
FNDA:0,(anonymous_11)
FNDA:0,(anonymous_12)
DA:6,0
DA:8,0
DA:11,0
DA:14,0
DA:18,0
DA:37,0
DA:39,0
DA:40,0
DA:41,0
DA:43,0
DA:44,0
DA:45,0
DA:46,0
DA:49,0
DA:50,0
DA:53,0
DA:56,0
DA:57,0
DA:58,0
DA:61,0
DA:62,0
DA:63,0
DA:66,0
DA:67,0
DA:68,0
DA:71,0
DA:72,0
DA:73,0
DA:76,0
DA:86,0
DA:89,0
DA:90,0
DA:91,0
DA:92,0
DA:94,0
LF:35
LH:0
BRDA:58,0,0,0
BRDA:58,0,1,0
BRDA:63,1,0,0
BRDA:63,1,1,0
BRDA:68,2,0,0
BRDA:68,2,1,0
BRDA:73,3,0,0
BRDA:73,3,1,0
BRDA:83,4,0,0
BRDA:83,4,1,0
BRDA:91,5,0,0
BRDA:91,5,1,0
BRF:12
BRH:0
end_of_record
TN:
SF:src/contexts/SocialContext.tsx
FN:31,(anonymous_0)
FN:43,(anonymous_1)
FN:47,(anonymous_2)
FN:53,(anonymous_3)
FN:60,(anonymous_4)
FN:67,(anonymous_5)
FN:87,(anonymous_6)
FN:101,(anonymous_7)
FN:107,(anonymous_8)
FN:113,(anonymous_9)
FN:123,(anonymous_10)
FN:144,(anonymous_11)
FN:154,(anonymous_12)
FN:164,(anonymous_13)
FN:174,(anonymous_14)
FN:215,(anonymous_15)
FNF:16
FNH:0
FNDA:0,(anonymous_0)
FNDA:0,(anonymous_1)
FNDA:0,(anonymous_2)
FNDA:0,(anonymous_3)
FNDA:0,(anonymous_4)
FNDA:0,(anonymous_5)
FNDA:0,(anonymous_6)
FNDA:0,(anonymous_7)
FNDA:0,(anonymous_8)
FNDA:0,(anonymous_9)
FNDA:0,(anonymous_10)
FNDA:0,(anonymous_11)
FNDA:0,(anonymous_12)
FNDA:0,(anonymous_13)
FNDA:0,(anonymous_14)
FNDA:0,(anonymous_15)
DA:29,0
DA:31,0
DA:32,0
DA:33,0
DA:34,0
DA:35,0
DA:36,0
DA:37,0
DA:38,0
DA:40,0
DA:41,0
DA:43,0
DA:44,0
DA:45,0
DA:47,0
DA:48,0
DA:49,0
DA:53,0
DA:54,0
DA:60,0
DA:61,0
DA:67,0
DA:68,0
DA:69,0
DA:70,0
DA:72,0
DA:77,0
DA:78,0
DA:80,0
DA:82,0
DA:83,0
DA:87,0
DA:88,0
DA:89,0
DA:90,0
DA:92,0
DA:93,0
DA:95,0
DA:97,0
DA:101,0
DA:102,0
DA:103,0
DA:104,0
DA:106,0
DA:107,0
DA:109,0
DA:113,0
DA:114,0
DA:115,0
DA:116,0
DA:118,0
DA:119,0
DA:123,0
DA:124,0
DA:125,0
DA:126,0
DA:129,0
DA:137,0
DA:139,0
DA:140,0
DA:144,0
DA:145,0
DA:146,0
DA:147,0
DA:149,0
DA:150,0
DA:154,0
DA:155,0
DA:156,0
DA:157,0
DA:159,0
DA:160,0
DA:164,0
DA:165,0
DA:166,0
DA:167,0
DA:169,0
DA:170,0
DA:174,0
DA:181,0
DA:182,0
DA:183,0
DA:185,0
DA:186,0
DA:190,0
DA:215,0
DA:216,0
DA:217,0
DA:218,0
DA:220,0
LF:90
LH:0
BRDA:179,0,0,0
BRDA:217,1,0,0
BRDA:217,1,1,0
BRF:3
BRH:0
end_of_record
TN:
SF:src/contexts/ThemeContext.tsx
FN:27,(anonymous_0)
FN:33,(anonymous_1)
FN:34,(anonymous_2)
FN:53,(anonymous_3)
FN:55,(anonymous_4)
FN:59,(anonymous_5)
FN:65,(anonymous_6)
FN:73,(anonymous_7)
FN:84,(anonymous_8)
FN:118,(anonymous_9)
FNF:10
FNH:0
FNDA:0,(anonymous_0)
FNDA:0,(anonymous_1)
FNDA:0,(anonymous_2)
FNDA:0,(anonymous_3)
FNDA:0,(anonymous_4)
FNDA:0,(anonymous_5)
FNDA:0,(anonymous_6)
FNDA:0,(anonymous_7)
FNDA:0,(anonymous_8)
FNDA:0,(anonymous_9)
DA:14,0
DA:16,0
DA:27,0
DA:28,0
DA:29,0
DA:30,0
DA:33,0
DA:34,0
DA:35,0
DA:36,0
DA:37,0
DA:38,0
DA:39,0
DA:40,0
DA:41,0
DA:45,0
DA:49,0
DA:53,0
DA:54,0
DA:55,0
DA:56,0
DA:59,0
DA:60,0
DA:65,0
DA:66,0
DA:67,0
DA:69,0
DA:73,0
DA:74,0
DA:75,0
DA:76,0
DA:77,0
DA:84,0
DA:85,0
DA:86,0
DA:87,0
DA:88,0
DA:89,0
DA:94,0
DA:101,0
DA:103,0
DA:118,0
DA:119,0
DA:120,0
DA:121,0
DA:123,0
LF:46
LH:0
BRDA:37,0,0,0
BRDA:37,0,1,0
BRDA:40,1,0,0
BRDA:40,1,1,0
BRDA:54,2,0,0
BRDA:54,2,1,0
BRDA:76,3,0,0
BRDA:76,3,1,0
BRDA:86,4,0,0
BRDA:86,4,1,0
BRDA:101,5,0,0
BRDA:101,5,1,0
BRDA:120,6,0,0
BRDA:120,6,1,0
BRF:14
BRH:0
end_of_record
TN:
SF:src/contexts/auth/AuthContext.tsx
FN:20,(anonymous_0)
FN:23,(anonymous_1)
FN:26,(anonymous_2)
FN:31,(anonymous_3)
FN:35,(anonymous_4)
FN:36,(anonymous_5)
FN:41,(anonymous_6)
FN:45,(anonymous_7)
FN:48,(anonymous_8)
FN:53,(anonymous_9)
FN:83,(anonymous_10)
FN:88,(anonymous_11)
FN:110,(anonymous_12)
FNF:13
FNH:0
FNDA:0,(anonymous_0)
FNDA:0,(anonymous_1)
FNDA:0,(anonymous_2)
FNDA:0,(anonymous_3)
FNDA:0,(anonymous_4)
FNDA:0,(anonymous_5)
FNDA:0,(anonymous_6)
FNDA:0,(anonymous_7)
FNDA:0,(anonymous_8)
FNDA:0,(anonymous_9)
FNDA:0,(anonymous_10)
FNDA:0,(anonymous_11)
FNDA:0,(anonymous_12)
DA:16,0
DA:19,0
DA:21,0
DA:24,0
DA:27,0
DA:31,0
DA:32,0
DA:33,0
DA:35,0
DA:36,0
DA:37,0
DA:38,0
DA:41,0
DA:42,0
DA:45,0
DA:48,0
DA:49,0
DA:50,0
DA:53,0
DA:54,0
DA:64,0
DA:66,0
DA:67,0
DA:79,0
DA:83,0
DA:84,0
DA:85,0
DA:88,0
DA:89,0
DA:90,0
DA:93,0
DA:110,0
DA:111,0
DA:112,0
DA:113,0
DA:115,0
LF:36
LH:0
BRDA:50,0,0,0
BRDA:50,0,1,0
BRDA:64,1,0,0
BRDA:64,1,1,0
BRDA:66,2,0,0
BRDA:66,2,1,0
BRDA:79,3,0,0
BRDA:79,3,1,0
BRDA:85,4,0,0
BRDA:85,4,1,0
BRDA:90,5,0,0
BRDA:90,5,1,0
BRDA:97,6,0,0
BRDA:97,6,1,0
BRDA:112,7,0,0
BRDA:112,7,1,0
BRF:16
BRH:0
end_of_record
TN:
SF:src/contexts/notifications/NotificationContext.tsx
FN:12,(anonymous_0)
FN:19,(anonymous_1)
FN:20,(anonymous_2)
FN:29,(anonymous_3)
FN:41,(anonymous_4)
FNF:5
FNH:0
FNDA:0,(anonymous_0)
FNDA:0,(anonymous_1)
FNDA:0,(anonymous_2)
FNDA:0,(anonymous_3)
FNDA:0,(anonymous_4)
DA:10,0
DA:12,0
DA:13,0
DA:19,0
DA:20,0
DA:21,0
DA:22,0
DA:23,0
DA:26,0
DA:29,0
DA:30,0
DA:31,0
DA:34,0
DA:41,0
DA:42,0
DA:43,0
DA:44,0
DA:46,0
LF:18
LH:0
BRDA:22,0,0,0
BRDA:22,0,1,0
BRDA:43,1,0,0
BRDA:43,1,1,0
BRF:4
BRH:0
end_of_record
TN:
SF:src/hooks/useOffline.ts
FN:8,(anonymous_0)
FN:16,(anonymous_1)
FN:17,(anonymous_2)
FN:19,(anonymous_3)
FN:23,(anonymous_4)
FN:28,(anonymous_5)
FN:29,(anonymous_6)
FN:31,(anonymous_7)
FN:35,(anonymous_8)
FN:40,(anonymous_9)
FN:41,(anonymous_10)
FN:44,(anonymous_11)
FN:46,(anonymous_12)
FN:56,(anonymous_13)
FN:56,(anonymous_14)
FN:77,useOfflineData
FN:86,(anonymous_16)
FN:88,(anonymous_17)
FN:93,(anonymous_18)
FNF:19
FNH:0
FNDA:0,(anonymous_0)
FNDA:0,(anonymous_1)
FNDA:0,(anonymous_2)
FNDA:0,(anonymous_3)
FNDA:0,(anonymous_4)
FNDA:0,(anonymous_5)
FNDA:0,(anonymous_6)
FNDA:0,(anonymous_7)
FNDA:0,(anonymous_8)
FNDA:0,(anonymous_9)
FNDA:0,(anonymous_10)
FNDA:0,(anonymous_11)
FNDA:0,(anonymous_12)
FNDA:0,(anonymous_13)
FNDA:0,(anonymous_14)
FNDA:0,useOfflineData
FNDA:0,(anonymous_16)
FNDA:0,(anonymous_17)
FNDA:0,(anonymous_18)
DA:8,0
DA:9,0
DA:10,0
DA:16,0
DA:17,0
DA:18,0
DA:19,0
DA:22,0
DA:23,0
DA:28,0
DA:29,0
DA:30,0
DA:31,0
DA:34,0
DA:35,0
DA:40,0
DA:41,0
DA:44,0
DA:45,0
DA:46,0
DA:53,0
DA:54,0
DA:56,0
DA:60,0
DA:83,0
DA:84,0
DA:86,0
DA:87,0
DA:88,0
DA:91,0
DA:94,0
DA:95,0
DA:97,0
DA:98,0
DA:101,0
DA:102,0
DA:103,0
DA:104,0
DA:107,0
DA:115,0
LF:40
LH:0
BRDA:30,0,0,0
BRDA:30,0,1,0
BRDA:81,1,0,0
BRDA:101,2,0,0
BRDA:101,2,1,0
BRDA:103,3,0,0
BRDA:103,3,1,0
BRDA:111,4,0,0
BRDA:111,4,1,0
BRF:9
BRH:0
end_of_record
TN:
SF:src/lib/supabase.ts
FNF:0
FNH:0
DA:4,0
LF:1
LH:0
BRF:0
BRH:0
end_of_record
TN:
SF:src/navigation/AuthStack.tsx
FN:15,(anonymous_0)
FNF:1
FNH:0
FNDA:0,(anonymous_0)
DA:13,0
DA:15,0
DA:16,0
LF:3
LH:0
BRF:0
BRH:0
end_of_record
TN:
SF:src/navigation/MainStack.tsx
FN:14,(anonymous_0)
FN:20,(anonymous_1)
FN:25,(anonymous_2)
FN:30,(anonymous_3)
FN:35,(anonymous_4)
FNF:5
FNH:0
FNDA:0,(anonymous_0)
FNDA:0,(anonymous_1)
FNDA:0,(anonymous_2)
FNDA:0,(anonymous_3)
FNDA:0,(anonymous_4)
DA:11,0
DA:14,0
DA:15,0
DA:20,0
DA:21,0
DA:25,0
DA:30,0
DA:35,0
LF:8
LH:0
BRF:0
BRH:0
end_of_record
TN:
SF:src/navigation/RootNavigator.tsx
FN:16,(anonymous_0)
FNF:1
FNH:0
FNDA:0,(anonymous_0)
DA:14,0
DA:16,0
DA:17,0
DA:19,0
DA:20,0
DA:27,0
LF:6
LH:0
BRDA:19,0,0,0
BRDA:19,0,1,0
BRDA:30,1,0,0
BRDA:30,1,1,0
BRF:4
BRH:0
end_of_record
TN:
SF:src/navigation/index.tsx
FN:19,(anonymous_0)
FN:22,(anonymous_1)
FN:23,(anonymous_2)
FN:40,(anonymous_3)
FNF:4
FNH:0
FNDA:0,(anonymous_0)
FNDA:0,(anonymous_1)
FNDA:0,(anonymous_2)
FNDA:0,(anonymous_3)
DA:16,0
DA:17,0
DA:19,0
DA:20,0
DA:22,0
DA:25,0
DA:26,0
DA:27,0
DA:28,0
DA:30,0
DA:40,0
DA:41,0
DA:43,0
LF:13
LH:0
BRDA:25,0,0,0
BRDA:25,0,1,0
BRDA:27,1,0,0
BRDA:27,1,1,0
BRDA:46,2,0,0
BRDA:46,2,1,0
BRF:6
BRH:0
end_of_record
TN:
SF:src/navigation/types.ts
FNF:0
FNH:0
LF:0
LH:0
BRF:0
BRH:0
end_of_record
TN:
SF:src/screens/FriendsScreen.tsx
FN:8,(anonymous_0)
FN:31,(anonymous_1)
FN:35,(anonymous_2)
FN:54,(anonymous_3)
FN:59,(anonymous_4)
FN:69,(anonymous_5)
FN:73,(anonymous_6)
FN:80,(anonymous_7)
FN:83,(anonymous_8)
FN:90,(anonymous_9)
FN:95,(anonymous_10)
FN:109,(anonymous_11)
FN:116,(anonymous_12)
FN:129,(anonymous_13)
FN:136,(anonymous_14)
FN:154,(anonymous_15)
FN:173,(anonymous_16)
FN:187,(anonymous_17)
FN:207,(anonymous_18)
FN:211,(anonymous_19)
FN:224,(anonymous_20)
FNF:21
FNH:0
FNDA:0,(anonymous_0)
FNDA:0,(anonymous_1)
FNDA:0,(anonymous_2)
FNDA:0,(anonymous_3)
FNDA:0,(anonymous_4)
FNDA:0,(anonymous_5)
FNDA:0,(anonymous_6)
FNDA:0,(anonymous_7)
FNDA:0,(anonymous_8)
FNDA:0,(anonymous_9)
FNDA:0,(anonymous_10)
FNDA:0,(anonymous_11)
FNDA:0,(anonymous_12)
FNDA:0,(anonymous_13)
FNDA:0,(anonymous_14)
FNDA:0,(anonymous_15)
FNDA:0,(anonymous_16)
FNDA:0,(anonymous_17)
FNDA:0,(anonymous_18)
FNDA:0,(anonymous_19)
FNDA:0,(anonymous_20)
DA:8,0
DA:19,0
DA:21,0
DA:22,0
DA:24,0
DA:25,0
DA:26,0
DA:27,0
DA:28,0
DA:29,0
DA:31,0
DA:32,0
DA:35,0
DA:36,0
DA:37,0
DA:38,0
DA:41,0
DA:42,0
DA:43,0
DA:44,0
DA:45,0
DA:46,0
DA:48,0
DA:50,0
DA:54,0
DA:55,0
DA:60,0
DA:70,0
DA:73,0
DA:80,0
DA:83,0
DA:90,0
DA:91,0
DA:96,0
DA:109,0
DA:116,0
DA:124,0
DA:129,0
DA:136,0
DA:154,0
DA:173,0
DA:187,0
DA:207,0
DA:211,0
DA:224,0
DA:235,0
LF:46
LH:0
BRDA:36,0,0,0
BRDA:36,0,1,0
BRDA:48,1,0,0
BRDA:48,1,1,0
BRDA:63,2,0,0
BRDA:63,2,1,0
BRDA:99,3,0,0
BRDA:99,3,1,0
BRDA:128,4,0,0
BRDA:128,4,1,0
BRDA:135,5,0,0
BRDA:135,5,1,0
BRDA:143,6,0,0
BRDA:143,6,1,0
BRDA:166,7,0,0
BRDA:166,7,1,0
BRDA:170,8,0,0
BRDA:170,8,1,0
BRDA:221,9,0,0
BRDA:221,9,1,0
BRF:20
BRH:0
end_of_record
TN:
SF:src/screens/HomeScreen.tsx
FN:8,HomeScreen
FNF:1
FNH:0
FNDA:0,HomeScreen
DA:9,0
DA:11,0
DA:22,0
LF:3
LH:0
BRDA:17,0,0,0
BRDA:17,0,1,0
BRF:2
BRH:0
end_of_record
TN:
SF:src/screens/MovieDetailScreen.tsx
FN:12,MovieDetailScreen
FN:21,(anonymous_1)
FN:25,(anonymous_2)
FN:40,(anonymous_3)
FN:75,(anonymous_4)
FN:91,(anonymous_5)
FN:95,(anonymous_6)
FN:105,(anonymous_7)
FNF:8
FNH:0
FNDA:0,MovieDetailScreen
FNDA:0,(anonymous_1)
FNDA:0,(anonymous_2)
FNDA:0,(anonymous_3)
FNDA:0,(anonymous_4)
FNDA:0,(anonymous_5)
FNDA:0,(anonymous_6)
FNDA:0,(anonymous_7)
DA:10,0
DA:13,0
DA:14,0
DA:15,0
DA:16,0
DA:17,0
DA:18,0
DA:19,0
DA:21,0
DA:22,0
DA:25,0
DA:26,0
DA:27,0
DA:28,0
DA:29,0
DA:31,0
DA:34,0
DA:36,0
DA:40,0
DA:41,0
DA:45,0
DA:46,0
DA:53,0
DA:76,0
DA:92,0
DA:95,0
DA:107,0
DA:119,0
DA:121,0
LF:29
LH:0
BRDA:28,0,0,0
BRDA:28,0,1,0
BRDA:45,1,0,0
BRDA:45,1,1,0
BRDA:45,2,0,0
BRDA:45,2,1,0
BRF:6
BRH:0
end_of_record
TN:
SF:src/screens/ProfileScreen.tsx
FN:22,(anonymous_0)
FNF:1
FNH:0
FNDA:0,(anonymous_0)
DA:6,0
DA:22,0
DA:23,0
DA:25,0
LF:4
LH:0
BRF:0
BRH:0
end_of_record
TN:
SF:src/screens/SearchScreen.tsx
FN:21,(anonymous_0)
FN:26,(anonymous_1)
FNF:2
FNH:0
FNDA:0,(anonymous_0)
FNDA:0,(anonymous_1)
DA:7,0
DA:21,0
DA:22,0
DA:23,0
DA:24,0
DA:26,0
DA:27,0
DA:28,0
DA:29,0
DA:30,0
DA:31,0
DA:32,0
DA:34,0
DA:36,0
DA:39,0
DA:43,0
LF:16
LH:0
BRDA:28,0,0,0
BRDA:28,0,1,0
BRDA:51,1,0,0
BRDA:51,1,1,0
BRF:4
BRH:0
end_of_record
TN:
SF:src/screens/SettingsScreen.tsx
FN:13,(anonymous_0)
FN:20,(anonymous_1)
FN:24,(anonymous_2)
FN:28,(anonymous_3)
FNF:4
FNH:0
FNDA:0,(anonymous_0)
FNDA:0,(anonymous_1)
FNDA:0,(anonymous_2)
FNDA:0,(anonymous_3)
DA:6,0
DA:13,0
DA:14,0
DA:16,0
DA:20,0
DA:24,0
DA:28,0
LF:7
LH:0
BRF:0
BRH:0
end_of_record
TN:
SF:src/screens/WatchPartyScreen.tsx
FN:10,(anonymous_0)
FN:31,(anonymous_1)
FN:35,(anonymous_2)
FN:40,(anonymous_3)
FN:64,(anonymous_4)
FN:67,(anonymous_5)
FN:84,(anonymous_6)
FN:96,(anonymous_7)
FN:104,(anonymous_8)
FN:126,(anonymous_9)
FN:137,(anonymous_10)
FN:153,(anonymous_11)
FN:185,(anonymous_12)
FN:204,(anonymous_13)
FN:209,(anonymous_14)
FN:222,(anonymous_15)
FN:238,(anonymous_16)
FN:250,(anonymous_17)
FN:251,(anonymous_18)
FN:277,(anonymous_19)
FN:326,(anonymous_20)
FN:327,(anonymous_21)
FN:340,(anonymous_22)
FN:349,(anonymous_23)
FNF:24
FNH:0
FNDA:0,(anonymous_0)
FNDA:0,(anonymous_1)
FNDA:0,(anonymous_2)
FNDA:0,(anonymous_3)
FNDA:0,(anonymous_4)
FNDA:0,(anonymous_5)
FNDA:0,(anonymous_6)
FNDA:0,(anonymous_7)
FNDA:0,(anonymous_8)
FNDA:0,(anonymous_9)
FNDA:0,(anonymous_10)
FNDA:0,(anonymous_11)
FNDA:0,(anonymous_12)
FNDA:0,(anonymous_13)
FNDA:0,(anonymous_14)
FNDA:0,(anonymous_15)
FNDA:0,(anonymous_16)
FNDA:0,(anonymous_17)
FNDA:0,(anonymous_18)
FNDA:0,(anonymous_19)
FNDA:0,(anonymous_20)
FNDA:0,(anonymous_21)
FNDA:0,(anonymous_22)
FNDA:0,(anonymous_23)
DA:10,0
DA:11,0
DA:12,0
DA:13,0
DA:14,0
DA:15,0
DA:17,0
DA:18,0
DA:19,0
DA:20,0
DA:21,0
DA:22,0
DA:23,0
DA:24,0
DA:25,0
DA:27,0
DA:28,0
DA:29,0
DA:31,0
DA:32,0
DA:33,0
DA:35,0
DA:36,0
DA:40,0
DA:41,0
DA:42,0
DA:43,0
DA:44,0
DA:45,0
DA:46,0
DA:47,0
DA:50,0
DA:57,0
DA:58,0
DA:60,0
DA:64,0
DA:65,0
DA:67,0
DA:68,0
DA:69,0
DA:70,0
DA:73,0
DA:74,0
DA:75,0
DA:76,0
DA:78,0
DA:80,0
DA:84,0
DA:85,0
DA:86,0
DA:92,0
DA:96,0
DA:97,0
DA:98,0
DA:100,0
DA:104,0
DA:105,0
DA:107,0
DA:108,0
DA:109,0
DA:111,0
DA:112,0
DA:114,0
DA:117,0
DA:118,0
DA:119,0
DA:122,0
DA:126,0
DA:127,0
DA:129,0
DA:130,0
DA:131,0
DA:133,0
DA:137,0
DA:138,0
DA:140,0
DA:141,0
DA:142,0
DA:145,0
DA:146,0
DA:149,0
DA:153,0
DA:154,0
DA:155,0
DA:156,0
DA:158,0
DA:162,0
DA:163,0
DA:170,0
DA:171,0
DA:181,0
DA:182,0
DA:185,0
DA:192,0
DA:204,0
DA:209,0
DA:223,0
DA:224,0
DA:225,0
DA:238,0
DA:250,0
DA:252,0
DA:278,0
DA:326,0
DA:328,0
DA:340,0
DA:349,0
DA:358,0
LF:108
LH:0
BRDA:47,0,0,0
BRDA:47,0,1,0
BRDA:58,1,0,0
BRDA:58,1,1,0
BRDA:70,2,0,0
BRDA:70,2,1,0
BRDA:73,3,0,0
BRDA:73,3,1,0
BRDA:74,4,0,0
BRDA:74,4,1,0
BRDA:75,5,0,0
BRDA:75,5,1,0
BRDA:85,6,0,0
BRDA:85,6,1,0
BRDA:85,7,0,0
BRDA:85,7,1,0
BRDA:105,8,0,0
BRDA:105,8,1,0
BRDA:105,9,0,0
BRDA:105,9,1,0
BRDA:111,10,0,0
BRDA:111,10,1,0
BRDA:118,11,0,0
BRDA:118,11,1,0
BRDA:127,12,0,0
BRDA:127,12,1,0
BRDA:127,13,0,0
BRDA:127,13,1,0
BRDA:138,14,0,0
BRDA:138,14,1,0
BRDA:145,15,0,0
BRDA:145,15,1,0
BRDA:162,16,0,0
BRDA:162,16,1,0
BRDA:170,17,0,0
BRDA:170,17,1,0
BRDA:181,18,0,0
BRDA:181,18,1,0
BRDA:195,19,0,0
BRDA:195,19,1,0
BRDA:196,20,0,0
BRDA:196,20,1,0
BRDA:218,21,0,0
BRDA:218,21,1,0
BRDA:223,22,0,0
BRDA:223,22,1,0
BRDA:223,23,0,0
BRDA:223,23,1,0
BRDA:231,24,0,0
BRDA:231,24,1,0
BRDA:244,25,0,0
BRDA:244,25,1,0
BRDA:256,26,0,0
BRDA:256,26,1,0
BRDA:282,27,0,0
BRDA:282,27,1,0
BRDA:287,28,0,0
BRDA:287,28,1,0
BRDA:319,29,0,0
BRDA:319,29,1,0
BRDA:332,30,0,0
BRDA:332,30,1,0
BRF:62
BRH:0
end_of_record
TN:
SF:src/screens/auth/BiometricAuthScreen.tsx
FN:12,(anonymous_0)
FN:18,(anonymous_1)
FN:22,(anonymous_2)
FN:41,(anonymous_3)
FN:60,(anonymous_4)
FNF:5
FNH:0
FNDA:0,(anonymous_0)
FNDA:0,(anonymous_1)
FNDA:0,(anonymous_2)
FNDA:0,(anonymous_3)
FNDA:0,(anonymous_4)
DA:12,0
DA:13,0
DA:14,0
DA:15,0
DA:16,0
DA:18,0
DA:19,0
DA:22,0
DA:23,0
DA:24,0
DA:25,0
DA:27,0
DA:28,0
DA:29,0
DA:32,0
DA:34,0
DA:35,0
DA:37,0
DA:41,0
DA:42,0
DA:43,0
DA:44,0
DA:45,0
DA:46,0
DA:47,0
DA:49,0
DA:52,0
DA:55,0
DA:56,0
DA:60,0
DA:61,0
DA:64,0
DA:65,0
DA:72,0
DA:97,0
LF:35
LH:0
BRDA:27,0,0,0
BRDA:27,0,1,0
BRDA:27,1,0,0
BRDA:27,1,1,0
BRDA:44,2,0,0
BRDA:44,2,1,0
BRDA:46,3,0,0
BRDA:46,3,1,0
BRDA:52,4,0,0
BRDA:52,4,1,0
BRDA:64,5,0,0
BRDA:64,5,1,0
BRDA:74,6,0,0
BRDA:74,6,1,0
BRF:14
BRH:0
end_of_record
TN:
SF:src/screens/auth/ForgotPasswordScreen.tsx
FN:8,(anonymous_0)
FN:17,(anonymous_1)
FN:31,(anonymous_2)
FN:92,(anonymous_3)
FNF:4
FNH:0
FNDA:0,(anonymous_0)
FNDA:0,(anonymous_1)
FNDA:0,(anonymous_2)
FNDA:0,(anonymous_3)
DA:8,0
DA:9,0
DA:10,0
DA:11,0
DA:12,0
DA:14,0
DA:15,0
DA:17,0
DA:18,0
DA:19,0
DA:20,0
DA:23,0
DA:24,0
DA:25,0
DA:28,0
DA:31,0
DA:32,0
DA:34,0
DA:35,0
DA:36,0
DA:38,0
DA:39,0
DA:40,0
DA:42,0
DA:44,0
DA:48,0
DA:92,0
DA:104,0
LF:28
LH:0
BRDA:18,0,0,0
BRDA:18,0,1,0
BRDA:23,1,0,0
BRDA:23,1,1,0
BRDA:32,2,0,0
BRDA:32,2,1,0
BRDA:42,3,0,0
BRDA:42,3,1,0
BRDA:50,4,0,0
BRDA:50,4,1,0
BRDA:67,5,0,0
BRDA:67,5,1,0
BRDA:73,6,0,0
BRDA:73,6,1,0
BRF:14
BRH:0
end_of_record
TN:
SF:src/screens/auth/LoginScreen.tsx
FN:8,(anonymous_0)
FN:17,(anonymous_1)
FN:31,(anonymous_2)
FN:94,(anonymous_3)
FN:104,(anonymous_4)
FNF:5
FNH:0
FNDA:0,(anonymous_0)
FNDA:0,(anonymous_1)
FNDA:0,(anonymous_2)
FNDA:0,(anonymous_3)
FNDA:0,(anonymous_4)
DA:8,0
DA:9,0
DA:10,0
DA:11,0
DA:12,0
DA:14,0
DA:15,0
DA:17,0
DA:18,0
DA:19,0
DA:20,0
DA:23,0
DA:24,0
DA:25,0
DA:28,0
DA:31,0
DA:32,0
DA:34,0
DA:35,0
DA:37,0
DA:38,0
DA:40,0
DA:42,0
DA:46,0
DA:94,0
DA:104,0
DA:116,0
LF:27
LH:0
BRDA:18,0,0,0
BRDA:18,0,1,0
BRDA:18,1,0,0
BRDA:18,1,1,0
BRDA:23,2,0,0
BRDA:23,2,1,0
BRDA:32,3,0,0
BRDA:32,3,1,0
BRDA:40,4,0,0
BRDA:40,4,1,0
BRDA:48,5,0,0
BRDA:48,5,1,0
BRDA:75,6,0,0
BRDA:75,6,1,0
BRF:14
BRH:0
end_of_record
TN:
SF:src/screens/auth/RegisterScreen.tsx
FN:8,(anonymous_0)
FN:19,(anonymous_1)
FN:43,(anonymous_2)
FN:127,(anonymous_3)
FNF:4
FNH:0
FNDA:0,(anonymous_0)
FNDA:0,(anonymous_1)
FNDA:0,(anonymous_2)
FNDA:0,(anonymous_3)
DA:8,0
DA:9,0
DA:10,0
DA:11,0
DA:12,0
DA:13,0
DA:14,0
DA:16,0
DA:17,0
DA:19,0
DA:20,0
DA:21,0
DA:22,0
DA:25,0
DA:26,0
DA:27,0
DA:30,0
DA:31,0
DA:32,0
DA:35,0
DA:36,0
DA:37,0
DA:40,0
DA:43,0
DA:44,0
DA:46,0
DA:47,0
DA:49,0
DA:50,0
DA:51,0
DA:53,0
DA:55,0
DA:59,0
DA:127,0
DA:139,0
LF:35
LH:0
BRDA:20,0,0,0
BRDA:20,0,1,0
BRDA:20,1,0,0
BRDA:20,1,1,0
BRDA:20,1,2,0
BRDA:20,1,3,0
BRDA:25,2,0,0
BRDA:25,2,1,0
BRDA:30,3,0,0
BRDA:30,3,1,0
BRDA:35,4,0,0
BRDA:35,4,1,0
BRDA:44,5,0,0
BRDA:44,5,1,0
BRDA:53,6,0,0
BRDA:53,6,1,0
BRDA:61,7,0,0
BRDA:61,7,1,0
BRDA:108,8,0,0
BRDA:108,8,1,0
BRF:20
BRH:0
end_of_record
TN:
SF:src/services/activityService.ts
FN:39,(anonymous_0)
FN:67,(anonymous_1)
FN:85,(anonymous_2)
FN:129,(anonymous_3)
FN:158,(anonymous_4)
FN:192,(anonymous_5)
FN:209,(anonymous_6)
FN:217,(anonymous_7)
FNF:8
FNH:0
FNDA:0,(anonymous_0)
FNDA:0,(anonymous_1)
FNDA:0,(anonymous_2)
FNDA:0,(anonymous_3)
FNDA:0,(anonymous_4)
FNDA:0,(anonymous_5)
FNDA:0,(anonymous_6)
FNDA:0,(anonymous_7)
DA:36,0
DA:37,0
DA:43,0
DA:44,0
DA:46,0
DA:53,0
DA:59,0
DA:62,0
DA:64,0
DA:68,0
DA:69,0
DA:70,0
DA:72,0
DA:75,0
DA:76,0
DA:79,0
DA:81,0
DA:89,0
DA:90,0
DA:93,0
DA:94,0
DA:95,0
DA:96,0
DA:97,0
DA:100,0
DA:105,0
DA:121,0
DA:123,0
DA:129,0
DA:130,0
DA:133,0
DA:134,0
DA:137,0
DA:138,0
DA:141,0
DA:142,0
DA:144,0
DA:151,0
DA:152,0
DA:155,0
DA:162,0
DA:175,0
DA:176,0
DA:179,0
DA:180,0
DA:182,0
DA:183,0
DA:185,0
DA:193,0
DA:194,0
DA:196,0
DA:202,0
DA:205,0
DA:206,0
DA:207,0
DA:208,0
DA:209,0
DA:210,0
DA:213,0
DA:218,0
DA:222,0
LF:61
LH:0
BRDA:44,0,0,0
BRDA:44,0,1,0
BRDA:59,1,0,0
BRDA:59,1,1,0
BRDA:70,2,0,0
BRDA:70,2,1,0
BRDA:75,3,0,0
BRDA:75,3,1,0
BRDA:87,4,0,0
BRDA:90,5,0,0
BRDA:90,5,1,0
BRDA:93,6,0,0
BRDA:93,6,1,0
BRDA:96,7,0,0
BRDA:96,7,1,0
BRDA:121,8,0,0
BRDA:121,8,1,0
BRDA:129,9,0,0
BRDA:129,9,1,0
BRDA:133,10,0,0
BRDA:133,10,1,0
BRDA:138,11,0,0
BRDA:138,11,1,0
BRDA:151,12,0,0
BRDA:151,12,1,0
BRDA:175,13,0,0
BRDA:175,13,1,0
BRDA:180,14,0,0
BRDA:180,14,1,0
BRDA:194,15,0,0
BRDA:194,15,1,0
BRDA:202,16,0,0
BRDA:202,16,1,0
BRDA:207,17,0,0
BRDA:207,17,1,0
BRF:35
BRH:0
end_of_record
TN:
SF:src/services/authService.ts
FN:30,(anonymous_0)
FN:40,(anonymous_1)
FN:67,(anonymous_2)
FN:72,(anonymous_3)
FN:77,(anonymous_4)
FN:84,(anonymous_5)
FN:90,(anonymous_6)
FN:101,(anonymous_7)
FN:113,(anonymous_8)
FN:133,(anonymous_9)
FN:134,(anonymous_10)
FNF:11
FNH:0
FNDA:0,(anonymous_0)
FNDA:0,(anonymous_1)
FNDA:0,(anonymous_2)
FNDA:0,(anonymous_3)
FNDA:0,(anonymous_4)
FNDA:0,(anonymous_5)
FNDA:0,(anonymous_6)
FNDA:0,(anonymous_7)
FNDA:0,(anonymous_8)
FNDA:0,(anonymous_9)
FNDA:0,(anonymous_10)
DA:6,0
DA:31,0
DA:36,0
DA:37,0
DA:41,0
DA:46,0
DA:48,0
DA:49,0
DA:61,0
DA:64,0
DA:68,0
DA:69,0
DA:73,0
DA:74,0
DA:78,0
DA:81,0
DA:85,0
DA:86,0
DA:87,0
DA:91,0
DA:97,0
DA:98,0
DA:102,0
DA:110,0
DA:114,0
DA:115,0
DA:117,0
DA:121,0
DA:123,0
DA:127,0
DA:129,0
DA:130,0
DA:134,0
DA:135,0
DA:140,0
LF:35
LH:0
BRDA:36,0,0,0
BRDA:36,0,1,0
BRDA:46,1,0,0
BRDA:46,1,1,0
BRDA:48,2,0,0
BRDA:48,2,1,0
BRDA:61,3,0,0
BRDA:61,3,1,0
BRDA:69,4,0,0
BRDA:69,4,1,0
BRDA:74,5,0,0
BRDA:74,5,1,0
BRDA:81,6,0,0
BRDA:81,6,1,0
BRDA:86,7,0,0
BRDA:86,7,1,0
BRDA:97,8,0,0
BRDA:97,8,1,0
BRDA:110,9,0,0
BRDA:110,9,1,0
BRDA:121,10,0,0
BRDA:121,10,1,0
BRDA:127,11,0,0
BRDA:127,11,1,0
BRF:24
BRH:0
end_of_record
TN:
SF:src/services/biometricService.ts
FN:14,(anonymous_0)
FN:25,(anonymous_1)
FN:49,(anonymous_2)
FN:59,(anonymous_3)
FN:68,(anonymous_4)
FN:78,(anonymous_5)
FN:87,(anonymous_6)
FNF:7
FNH:0
FNDA:0,(anonymous_0)
FNDA:0,(anonymous_1)
FNDA:0,(anonymous_2)
FNDA:0,(anonymous_3)
FNDA:0,(anonymous_4)
FNDA:0,(anonymous_5)
FNDA:0,(anonymous_6)
DA:11,0
DA:12,0
DA:15,0
DA:16,0
DA:17,0
DA:18,0
DA:20,0
DA:21,0
DA:26,0
DA:27,0
DA:32,0
DA:33,0
DA:36,0
DA:41,0
DA:42,0
DA:50,0
DA:51,0
DA:52,0
DA:54,0
DA:55,0
DA:60,0
DA:61,0
DA:63,0
DA:64,0
DA:69,0
DA:70,0
DA:71,0
DA:73,0
DA:74,0
DA:79,0
DA:80,0
DA:82,0
DA:83,0
DA:88,0
DA:89,0
DA:91,0
DA:92,0
LF:37
LH:0
BRDA:18,0,0,0
BRDA:18,0,1,0
BRDA:32,1,0,0
BRDA:32,1,1,0
BRDA:38,2,0,0
BRDA:38,2,1,0
BRF:6
BRH:0
end_of_record
TN:
SF:src/services/friendService.ts
FN:46,(anonymous_0)
FN:48,(anonymous_1)
FN:55,(anonymous_2)
FN:63,(anonymous_3)
FN:81,(anonymous_4)
FN:102,(anonymous_5)
FN:114,(anonymous_6)
FN:130,(anonymous_7)
FN:168,(anonymous_8)
FN:215,(anonymous_9)
FN:241,(anonymous_10)
FN:261,(anonymous_11)
FN:276,(anonymous_12)
FN:287,(anonymous_13)
FN:300,(anonymous_14)
FN:320,(anonymous_15)
FN:335,(anonymous_16)
FN:348,(anonymous_17)
FN:355,(anonymous_18)
FN:384,(anonymous_19)
FN:411,(anonymous_20)
FN:428,(anonymous_21)
FN:448,(anonymous_22)
FN:463,(anonymous_23)
FN:480,(anonymous_24)
FN:488,(anonymous_25)
FNF:26
FNH:0
FNDA:0,(anonymous_0)
FNDA:0,(anonymous_1)
FNDA:0,(anonymous_2)
FNDA:0,(anonymous_3)
FNDA:0,(anonymous_4)
FNDA:0,(anonymous_5)
FNDA:0,(anonymous_6)
FNDA:0,(anonymous_7)
FNDA:0,(anonymous_8)
FNDA:0,(anonymous_9)
FNDA:0,(anonymous_10)
FNDA:0,(anonymous_11)
FNDA:0,(anonymous_12)
FNDA:0,(anonymous_13)
FNDA:0,(anonymous_14)
FNDA:0,(anonymous_15)
FNDA:0,(anonymous_16)
FNDA:0,(anonymous_17)
FNDA:0,(anonymous_18)
FNDA:0,(anonymous_19)
FNDA:0,(anonymous_20)
FNDA:0,(anonymous_21)
FNDA:0,(anonymous_22)
FNDA:0,(anonymous_23)
FNDA:0,(anonymous_24)
FNDA:0,(anonymous_25)
DA:43,0
DA:44,0
DA:49,0
DA:50,0
DA:52,0
DA:56,0
DA:57,0
DA:58,0
DA:60,0
DA:64,0
DA:65,0
DA:68,0
DA:69,0
DA:70,0
DA:73,0
DA:79,0
DA:81,0
DA:91,0
DA:93,0
DA:95,0
DA:97,0
DA:98,0
DA:103,0
DA:104,0
DA:106,0
DA:112,0
DA:114,0
DA:125,0
DA:126,0
DA:131,0
DA:132,0
DA:135,0
DA:140,0
DA:141,0
DA:145,0
DA:153,0
DA:156,0
DA:163,0
DA:164,0
DA:169,0
DA:170,0
DA:173,0
DA:184,0
DA:186,0
DA:188,0
DA:202,0
DA:210,0
DA:211,0
DA:216,0
DA:217,0
DA:220,0
DA:234,0
DA:236,0
DA:237,0
DA:242,0
DA:243,0
DA:246,0
DA:249,0
DA:256,0
DA:257,0
DA:262,0
DA:263,0
DA:265,0
DA:271,0
DA:272,0
DA:277,0
DA:278,0
DA:280,0
DA:285,0
DA:287,0
DA:295,0
DA:296,0
DA:301,0
DA:302,0
DA:305,0
DA:306,0
DA:310,0
DA:322,0
DA:337,0
DA:344,0
DA:349,0
DA:350,0
DA:351,0
DA:356,0
DA:357,0
DA:360,0
DA:366,0
DA:367,0
DA:370,0
DA:380,0
DA:381,0
DA:388,0
DA:389,0
DA:391,0
DA:401,0
DA:404,0
DA:405,0
DA:408,0
DA:412,0
DA:413,0
DA:414,0
DA:415,0
DA:418,0
DA:419,0
DA:422,0
DA:424,0
DA:429,0
DA:430,0
DA:432,0
DA:444,0
DA:445,0
DA:449,0
DA:450,0
DA:452,0
DA:459,0
DA:460,0
DA:464,0
DA:465,0
DA:467,0
DA:473,0
DA:476,0
DA:477,0
DA:478,0
DA:479,0
DA:480,0
DA:481,0
DA:484,0
DA:489,0
LF:128
LH:0
BRDA:49,0,0,0
BRDA:49,0,1,0
BRDA:57,1,0,0
BRDA:57,1,1,0
BRDA:57,2,0,0
BRDA:57,2,1,0
BRDA:69,3,0,0
BRDA:69,3,1,0
BRDA:79,4,0,0
BRDA:79,4,1,0
BRDA:84,5,0,0
BRDA:84,5,1,0
BRDA:86,6,0,0
BRDA:86,6,1,0
BRDA:98,7,0,0
BRDA:98,7,1,0
BRDA:112,8,0,0
BRDA:112,8,1,0
BRDA:140,9,0,0
BRDA:140,9,1,0
BRDA:140,10,0,0
BRDA:140,10,1,0
BRDA:153,11,0,0
BRDA:153,11,1,0
BRDA:176,12,0,0
BRDA:176,12,1,0
BRDA:184,13,0,0
BRDA:184,13,1,0
BRDA:186,14,0,0
BRDA:186,14,1,0
BRDA:285,15,0,0
BRDA:285,15,1,0
BRDA:305,16,0,0
BRDA:305,16,1,0
BRDA:322,17,0,0
BRDA:322,17,1,0
BRDA:337,18,0,0
BRDA:337,18,1,0
BRDA:349,19,0,0
BRDA:349,19,1,0
BRDA:357,20,0,0
BRDA:357,20,1,0
BRDA:366,21,0,0
BRDA:366,21,1,0
BRDA:380,22,0,0
BRDA:380,22,1,0
BRDA:389,23,0,0
BRDA:389,23,1,0
BRDA:394,24,0,0
BRDA:394,24,1,0
BRDA:401,25,0,0
BRDA:401,25,1,0
BRDA:404,26,0,0
BRDA:404,26,1,0
BRDA:414,27,0,0
BRDA:414,27,1,0
BRDA:418,28,0,0
BRDA:418,28,1,0
BRDA:430,29,0,0
BRDA:430,29,1,0
BRDA:444,30,0,0
BRDA:444,30,1,0
BRDA:450,31,0,0
BRDA:450,31,1,0
BRDA:459,32,0,0
BRDA:459,32,1,0
BRDA:465,33,0,0
BRDA:465,33,1,0
BRDA:473,34,0,0
BRDA:473,34,1,0
BRDA:478,35,0,0
BRDA:478,35,1,0
BRF:72
BRH:0
end_of_record
TN:
SF:src/services/movieService.ts
FN:36,(anonymous_0)
FN:76,(anonymous_1)
FN:83,(anonymous_2)
FN:90,(anonymous_3)
FN:97,(anonymous_4)
FN:104,(anonymous_5)
FN:111,(anonymous_6)
FN:132,(anonymous_7)
FN:134,(anonymous_8)
FN:148,(anonymous_9)
FN:173,(anonymous_10)
FN:179,(anonymous_11)
FN:199,(anonymous_12)
FN:206,(anonymous_13)
FN:212,(anonymous_14)
FN:219,(anonymous_15)
FN:240,(anonymous_16)
FN:247,(anonymous_17)
FN:257,(anonymous_18)
FN:278,(anonymous_19)
FN:294,(anonymous_20)
FN:331,(anonymous_21)
FNF:22
FNH:0
FNDA:0,(anonymous_0)
FNDA:0,(anonymous_1)
FNDA:0,(anonymous_2)
FNDA:0,(anonymous_3)
FNDA:0,(anonymous_4)
FNDA:0,(anonymous_5)
FNDA:0,(anonymous_6)
FNDA:0,(anonymous_7)
FNDA:0,(anonymous_8)
FNDA:0,(anonymous_9)
FNDA:0,(anonymous_10)
FNDA:0,(anonymous_11)
FNDA:0,(anonymous_12)
FNDA:0,(anonymous_13)
FNDA:0,(anonymous_14)
FNDA:0,(anonymous_15)
FNDA:0,(anonymous_16)
FNDA:0,(anonymous_17)
FNDA:0,(anonymous_18)
FNDA:0,(anonymous_19)
FNDA:0,(anonymous_20)
FNDA:0,(anonymous_21)
DA:8,0
DA:10,0
DA:11,0
DA:42,0
DA:43,0
DA:44,0
DA:45,0
DA:46,0
DA:47,0
DA:53,0
DA:60,0
DA:61,0
DA:64,0
DA:67,0
DA:71,0
DA:73,0
DA:77,0
DA:84,0
DA:91,0
DA:98,0
DA:105,0
DA:116,0
DA:124,0
DA:126,0
DA:133,0
DA:134,0
DA:135,0
DA:142,0
DA:146,0
DA:148,0
DA:149,0
DA:150,0
DA:152,0
DA:153,0
DA:154,0
DA:157,0
DA:160,0
DA:163,0
DA:165,0
DA:168,0
DA:169,0
DA:173,0
DA:174,0
DA:175,0
DA:177,0
DA:178,0
DA:179,0
DA:180,0
DA:182,0
DA:185,0
DA:190,0
DA:193,0
DA:195,0
DA:198,0
DA:199,0
DA:200,0
DA:202,0
DA:206,0
DA:207,0
DA:208,0
DA:210,0
DA:211,0
DA:212,0
DA:213,0
DA:216,0
DA:219,0
DA:228,0
DA:231,0
DA:234,0
DA:236,0
DA:239,0
DA:240,0
DA:241,0
DA:244,0
DA:247,0
DA:257,0
DA:262,0
DA:263,0
DA:270,0
DA:271,0
DA:273,0
DA:274,0
DA:278,0
DA:279,0
DA:280,0
DA:286,0
DA:287,0
DA:289,0
DA:290,0
DA:294,0
DA:298,0
DA:299,0
DA:306,0
DA:307,0
DA:313,0
DA:315,0
DA:321,0
DA:324,0
DA:326,0
DA:327,0
DA:331,0
DA:332,0
DA:333,0
DA:339,0
DA:340,0
DA:342,0
DA:343,0
LF:107
LH:0
BRDA:39,0,0,0
BRDA:42,1,0,0
BRDA:42,1,1,0
BRDA:44,2,0,0
BRDA:44,2,1,0
BRDA:46,3,0,0
BRDA:46,3,1,0
BRDA:60,4,0,0
BRDA:60,4,1,0
BRDA:76,5,0,0
BRDA:83,6,0,0
BRDA:113,7,0,0
BRDA:124,8,0,0
BRDA:124,8,1,0
BRDA:135,9,0,0
BRDA:135,9,1,0
BRDA:135,9,2,0
BRDA:135,9,3,0
BRDA:135,9,4,0
BRDA:135,9,5,0
BRDA:152,10,0,0
BRDA:152,10,1,0
BRDA:177,11,0,0
BRDA:177,11,1,0
BRDA:210,12,0,0
BRDA:210,12,1,0
BRDA:213,13,0,0
BRDA:213,13,1,0
BRDA:241,14,0,0
BRDA:241,14,1,0
BRDA:270,15,0,0
BRDA:270,15,1,0
BRDA:286,16,0,0
BRDA:286,16,1,0
BRDA:287,17,0,0
BRDA:287,17,1,0
BRDA:306,18,0,0
BRDA:306,18,1,0
BRDA:313,19,0,0
BRDA:313,19,1,0
BRDA:321,20,0,0
BRDA:321,20,1,0
BRDA:339,21,0,0
BRDA:339,21,1,0
BRDA:340,22,0,0
BRDA:340,22,1,0
BRF:46
BRH:0
end_of_record
TN:
SF:src/services/notificationService.ts
FN:50,(anonymous_0)
FN:54,(anonymous_1)
FN:61,(anonymous_2)
FN:64,(anonymous_3)
FN:76,(anonymous_4)
FN:91,(anonymous_5)
FN:105,(anonymous_6)
FN:122,(anonymous_7)
FN:127,(anonymous_8)
FN:143,(anonymous_9)
FN:159,(anonymous_10)
FN:163,(anonymous_11)
FN:167,(anonymous_12)
FN:171,(anonymous_13)
FN:202,(anonymous_14)
FN:220,(anonymous_15)
FN:237,(anonymous_16)
FN:248,(anonymous_17)
FN:259,(anonymous_18)
FN:275,(anonymous_19)
FN:279,(anonymous_20)
FN:284,(anonymous_21)
FN:330,(anonymous_22)
FN:356,(anonymous_23)
FN:374,(anonymous_24)
FN:384,(anonymous_25)
FN:404,(anonymous_26)
FN:427,(anonymous_27)
FNF:28
FNH:0
FNDA:0,(anonymous_0)
FNDA:0,(anonymous_1)
FNDA:0,(anonymous_2)
FNDA:0,(anonymous_3)
FNDA:0,(anonymous_4)
FNDA:0,(anonymous_5)
FNDA:0,(anonymous_6)
FNDA:0,(anonymous_7)
FNDA:0,(anonymous_8)
FNDA:0,(anonymous_9)
FNDA:0,(anonymous_10)
FNDA:0,(anonymous_11)
FNDA:0,(anonymous_12)
FNDA:0,(anonymous_13)
FNDA:0,(anonymous_14)
FNDA:0,(anonymous_15)
FNDA:0,(anonymous_16)
FNDA:0,(anonymous_17)
FNDA:0,(anonymous_18)
FNDA:0,(anonymous_19)
FNDA:0,(anonymous_20)
FNDA:0,(anonymous_21)
FNDA:0,(anonymous_22)
FNDA:0,(anonymous_23)
FNDA:0,(anonymous_24)
FNDA:0,(anonymous_25)
FNDA:0,(anonymous_26)
FNDA:0,(anonymous_27)
DA:9,0
DA:35,0
DA:36,0
DA:38,0
DA:39,0
DA:40,0
DA:51,0
DA:55,0
DA:56,0
DA:58,0
DA:63,0
DA:64,0
DA:72,0
DA:73,0
DA:76,0
DA:78,0
DA:88,0
DA:91,0
DA:93,0
DA:94,0
DA:97,0
DA:98,0
DA:100,0
DA:106,0
DA:107,0
DA:108,0
DA:109,0
DA:112,0
DA:113,0
DA:116,0
DA:118,0
DA:123,0
DA:124,0
DA:128,0
DA:134,0
DA:144,0
DA:150,0
DA:160,0
DA:164,0
DA:168,0
DA:172,0
DA:174,0
DA:175,0
DA:177,0
DA:178,0
DA:179,0
DA:182,0
DA:183,0
DA:184,0
DA:187,0
DA:188,0
DA:196,0
DA:197,0
DA:198,0
DA:203,0
DA:204,0
DA:205,0
DA:206,0
DA:209,0
DA:213,0
DA:215,0
DA:216,0
DA:221,0
DA:222,0
DA:223,0
DA:225,0
DA:233,0
DA:238,0
DA:249,0
DA:260,0
DA:265,0
DA:276,0
DA:285,0
DA:286,0
DA:287,0
DA:290,0
DA:291,0
DA:293,0
DA:294,0
DA:295,0
DA:298,0
DA:299,0
DA:300,0
DA:303,0
DA:306,0
DA:307,0
DA:308,0
DA:313,0
DA:314,0
DA:318,0
DA:319,0
DA:327,0
DA:332,0
DA:333,0
DA:334,0
DA:335,0
DA:338,0
DA:342,0
DA:343,0
DA:345,0
DA:352,0
DA:353,0
DA:357,0
DA:358,0
DA:361,0
DA:367,0
DA:370,0
DA:371,0
DA:372,0
DA:373,0
DA:374,0
DA:375,0
DA:377,0
DA:380,0
DA:385,0
DA:395,0
DA:396,0
DA:397,0
DA:399,0
DA:400,0
DA:405,0
DA:406,0
DA:407,0
DA:408,0
DA:411,0
DA:412,0
DA:413,0
DA:418,0
DA:419,0
DA:423,0
DA:428,0
DA:432,0
LF:132
LH:0
BRDA:55,0,0,0
BRDA:55,0,1,0
BRDA:80,1,0,0
BRDA:80,1,1,0
BRDA:81,2,0,0
BRDA:81,2,1,0
BRDA:82,3,0,0
BRDA:82,3,1,0
BRDA:98,4,0,0
BRDA:98,4,1,0
BRDA:100,5,0,0
BRDA:100,5,1,0
BRDA:108,6,0,0
BRDA:108,6,1,0
BRDA:112,7,0,0
BRDA:112,7,1,0
BRDA:172,8,0,0
BRDA:172,8,1,0
BRDA:177,9,0,0
BRDA:177,9,1,0
BRDA:182,10,0,0
BRDA:182,10,1,0
BRDA:187,11,0,0
BRDA:187,11,1,0
BRDA:197,12,0,0
BRDA:197,12,1,0
BRDA:205,13,0,0
BRDA:205,13,1,0
BRDA:223,14,0,0
BRDA:223,14,1,0
BRDA:285,15,0,0
BRDA:285,15,1,0
BRDA:293,16,0,0
BRDA:293,16,1,0
BRDA:298,17,0,0
BRDA:298,17,1,0
BRDA:307,18,0,0
BRDA:307,18,1,0
BRDA:313,19,0,0
BRDA:313,19,1,0
BRDA:318,20,0,0
BRDA:318,20,1,0
BRDA:334,21,0,0
BRDA:334,21,1,0
BRDA:343,22,0,0
BRDA:343,22,1,0
BRDA:352,23,0,0
BRDA:352,23,1,0
BRDA:358,24,0,0
BRDA:358,24,1,0
BRDA:367,25,0,0
BRDA:367,25,1,0
BRDA:372,26,0,0
BRDA:372,26,1,0
BRDA:375,27,0,0
BRDA:375,27,1,0
BRDA:397,28,0,0
BRDA:397,28,1,0
BRDA:412,29,0,0
BRDA:412,29,1,0
BRDA:418,30,0,0
BRDA:418,30,1,0
BRF:62
BRH:0
end_of_record
TN:
SF:src/services/offlineService.ts
FN:39,(anonymous_0)
FN:44,(anonymous_1)
FN:51,(anonymous_2)
FN:53,(anonymous_3)
FN:54,(anonymous_4)
FN:58,(anonymous_5)
FN:59,(anonymous_6)
FN:62,(anonymous_7)
FN:67,(anonymous_8)
FN:68,(anonymous_9)
FN:78,(anonymous_10)
FN:89,(anonymous_11)
FN:97,(anonymous_12)
FN:119,(anonymous_13)
FN:147,(anonymous_14)
FN:167,(anonymous_15)
FN:201,(anonymous_16)
FN:205,(anonymous_17)
FN:209,(anonymous_18)
FN:213,(anonymous_19)
FN:217,(anonymous_20)
FN:219,(anonymous_21)
FN:230,(anonymous_22)
FN:234,(anonymous_23)
FN:239,(anonymous_24)
FNF:25
FNH:0
FNDA:0,(anonymous_0)
FNDA:0,(anonymous_1)
FNDA:0,(anonymous_2)
FNDA:0,(anonymous_3)
FNDA:0,(anonymous_4)
FNDA:0,(anonymous_5)
FNDA:0,(anonymous_6)
FNDA:0,(anonymous_7)
FNDA:0,(anonymous_8)
FNDA:0,(anonymous_9)
FNDA:0,(anonymous_10)
FNDA:0,(anonymous_11)
FNDA:0,(anonymous_12)
FNDA:0,(anonymous_13)
FNDA:0,(anonymous_14)
FNDA:0,(anonymous_15)
FNDA:0,(anonymous_16)
FNDA:0,(anonymous_17)
FNDA:0,(anonymous_18)
FNDA:0,(anonymous_19)
FNDA:0,(anonymous_20)
FNDA:0,(anonymous_21)
FNDA:0,(anonymous_22)
FNDA:0,(anonymous_23)
FNDA:0,(anonymous_24)
DA:27,0
DA:35,0
DA:36,0
DA:37,0
DA:40,0
DA:41,0
DA:45,0
DA:46,0
DA:48,0
DA:52,0
DA:53,0
DA:54,0
DA:59,0
DA:63,0
DA:64,0
DA:68,0
DA:69,0
DA:70,0
DA:72,0
DA:73,0
DA:79,0
DA:80,0
DA:81,0
DA:82,0
DA:85,0
DA:90,0
DA:91,0
DA:93,0
DA:102,0
DA:103,0
DA:104,0
DA:107,0
DA:112,0
DA:113,0
DA:115,0
DA:123,0
DA:124,0
DA:125,0
DA:127,0
DA:128,0
DA:130,0
DA:131,0
DA:135,0
DA:136,0
DA:137,0
DA:140,0
DA:142,0
DA:143,0
DA:152,0
DA:153,0
DA:156,0
DA:163,0
DA:164,0
DA:168,0
DA:170,0
DA:171,0
DA:172,0
DA:174,0
DA:175,0
DA:176,0
DA:178,0
DA:179,0
DA:181,0
DA:182,0
DA:184,0
DA:185,0
DA:187,0
DA:188,0
DA:190,0
DA:193,0
DA:195,0
DA:196,0
DA:218,0
DA:219,0
DA:220,0
DA:226,0
DA:227,0
DA:231,0
DA:235,0
DA:236,0
DA:240,0
DA:244,0
LF:82
LH:0
BRDA:45,0,0,0
BRDA:45,0,1,0
BRDA:64,1,0,0
BRDA:64,1,1,0
BRDA:70,2,0,0
BRDA:70,2,1,0
BRDA:72,3,0,0
BRDA:72,3,1,0
BRDA:72,4,0,0
BRDA:72,4,1,0
BRDA:81,5,0,0
BRDA:81,5,1,0
BRDA:103,6,0,0
BRDA:103,6,1,0
BRDA:125,7,0,0
BRDA:125,7,1,0
BRDA:130,8,0,0
BRDA:130,8,1,0
BRDA:135,9,0,0
BRDA:135,9,1,0
BRDA:152,10,0,0
BRDA:152,10,1,0
BRDA:168,11,0,0
BRDA:168,11,1,0
BRDA:168,12,0,0
BRDA:168,12,1,0
BRDA:176,13,0,0
BRDA:176,13,1,0
BRDA:176,13,2,0
BRDA:176,13,3,0
BRDA:176,13,4,0
BRDA:220,14,0,0
BRDA:220,14,1,0
BRDA:220,14,2,0
BRDA:220,14,3,0
BRDA:220,14,4,0
BRDA:236,15,0,0
BRDA:236,15,1,0
BRF:38
BRH:0
end_of_record
TN:
SF:src/services/recommendationService.ts
FN:26,(anonymous_0)
FN:56,(anonymous_1)
FN:67,(anonymous_2)
FN:71,(anonymous_3)
FN:82,(anonymous_4)
FN:100,(anonymous_5)
FN:109,(anonymous_6)
FN:114,(anonymous_7)
FN:144,(anonymous_8)
FN:160,(anonymous_9)
FN:180,(anonymous_10)
FN:208,(anonymous_11)
FNF:12
FNH:0
FNDA:0,(anonymous_0)
FNDA:0,(anonymous_1)
FNDA:0,(anonymous_2)
FNDA:0,(anonymous_3)
FNDA:0,(anonymous_4)
FNDA:0,(anonymous_5)
FNDA:0,(anonymous_6)
FNDA:0,(anonymous_7)
FNDA:0,(anonymous_8)
FNDA:0,(anonymous_9)
FNDA:0,(anonymous_10)
FNDA:0,(anonymous_11)
DA:23,0
DA:24,0
DA:30,0
DA:31,0
DA:34,0
DA:35,0
DA:36,0
DA:37,0
DA:39,0
DA:40,0
DA:44,0
DA:48,0
DA:51,0
DA:56,0
DA:59,0
DA:60,0
DA:61,0
DA:62,0
DA:64,0
DA:67,0
DA:68,0
DA:70,0
DA:71,0
DA:76,0
DA:81,0
DA:83,0
DA:84,0
DA:87,0
DA:88,0
DA:89,0
DA:91,0
DA:92,0
DA:95,0
DA:97,0
DA:100,0
DA:101,0
DA:103,0
DA:104,0
DA:107,0
DA:111,0
DA:114,0
DA:115,0
DA:117,0
DA:120,0
DA:121,0
DA:122,0
DA:123,0
DA:127,0
DA:128,0
DA:129,0
DA:131,0
DA:132,0
DA:134,0
DA:135,0
DA:138,0
DA:144,0
DA:148,0
DA:149,0
DA:154,0
DA:157,0
DA:161,0
DA:162,0
DA:163,0
DA:164,0
DA:167,0
DA:171,0
DA:183,0
DA:184,0
DA:185,0
DA:186,0
DA:189,0
DA:190,0
DA:191,0
DA:196,0
DA:197,0
DA:202,0
DA:204,0
DA:209,0
DA:213,0
LF:79
LH:0
BRDA:27,0,0,0
BRDA:31,1,0,0
BRDA:31,1,1,0
BRDA:36,2,0,0
BRDA:36,2,1,0
BRDA:39,3,0,0
BRDA:39,3,1,0
BRDA:56,4,0,0
BRDA:56,4,1,0
BRDA:60,5,0,0
BRDA:60,5,1,0
BRDA:62,6,0,0
BRDA:62,6,1,0
BRDA:68,7,0,0
BRDA:68,7,1,0
BRDA:71,8,0,0
BRDA:71,8,1,0
BRDA:77,9,0,0
BRDA:77,9,1,0
BRDA:83,10,0,0
BRDA:83,10,1,0
BRDA:83,11,0,0
BRDA:83,11,1,0
BRDA:88,12,0,0
BRDA:88,12,1,0
BRDA:88,13,0,0
BRDA:88,13,1,0
BRDA:91,14,0,0
BRDA:91,14,1,0
BRDA:91,15,0,0
BRDA:91,15,1,0
BRDA:95,16,0,0
BRDA:95,16,1,0
BRDA:95,17,0,0
BRDA:95,17,1,0
BRDA:103,18,0,0
BRDA:103,18,1,0
BRDA:122,19,0,0
BRDA:122,19,1,0
BRDA:128,20,0,0
BRDA:128,20,1,0
BRDA:131,21,0,0
BRDA:131,21,1,0
BRDA:132,22,0,0
BRDA:132,22,1,0
BRDA:134,23,0,0
BRDA:134,23,1,0
BRDA:163,24,0,0
BRDA:163,24,1,0
BRDA:190,25,0,0
BRDA:190,25,1,0
BRDA:196,26,0,0
BRDA:196,26,1,0
BRF:53
BRH:0
end_of_record
TN:
SF:src/services/themeService.ts
FN:18,(anonymous_0)
FN:22,(anonymous_1)
FN:35,(anonymous_2)
FN:36,(anonymous_3)
FN:39,(anonymous_4)
FN:57,(anonymous_5)
FN:86,(anonymous_6)
FN:90,(anonymous_7)
FN:92,(anonymous_8)
FN:93,(anonymous_9)
FN:97,(anonymous_10)
FN:104,(anonymous_11)
FN:109,(anonymous_12)
FNF:13
FNH:0
FNDA:0,(anonymous_0)
FNDA:0,(anonymous_1)
FNDA:0,(anonymous_2)
FNDA:0,(anonymous_3)
FNDA:0,(anonymous_4)
FNDA:0,(anonymous_5)
FNDA:0,(anonymous_6)
FNDA:0,(anonymous_7)
FNDA:0,(anonymous_8)
FNDA:0,(anonymous_9)
FNDA:0,(anonymous_10)
FNDA:0,(anonymous_11)
FNDA:0,(anonymous_12)
DA:14,0
DA:15,0
DA:16,0
DA:19,0
DA:23,0
DA:24,0
DA:25,0
DA:26,0
DA:27,0
DA:28,0
DA:31,0
DA:36,0
DA:40,0
DA:41,0
DA:42,0
DA:43,0
DA:46,0
DA:50,0
DA:58,0
DA:59,0
DA:65,0
DA:66,0
DA:67,0
DA:70,0
DA:71,0
DA:72,0
DA:77,0
DA:78,0
DA:82,0
DA:87,0
DA:91,0
DA:92,0
DA:93,0
DA:98,0
DA:99,0
DA:101,0
DA:105,0
DA:106,0
DA:110,0
DA:111,0
DA:112,0
DA:113,0
DA:115,0
DA:120,0
LF:44
LH:0
BRDA:25,0,0,0
BRDA:25,0,1,0
BRDA:42,1,0,0
BRDA:42,1,1,0
BRDA:71,2,0,0
BRDA:71,2,1,0
BRDA:77,3,0,0
BRDA:77,3,1,0
BRDA:98,4,0,0
BRDA:98,4,1,0
BRDA:106,5,0,0
BRDA:106,5,1,0
BRF:12
BRH:0
end_of_record
TN:
SF:src/services/watchPartyService.ts
FN:44,(anonymous_0)
FN:46,(anonymous_1)
FN:53,(anonymous_2)
FN:61,(anonymous_3)
FN:69,(anonymous_4)
FN:92,(anonymous_5)
FN:114,(anonymous_6)
FN:131,(anonymous_7)
FN:140,(anonymous_8)
FN:164,(anonymous_9)
FN:173,(anonymous_10)
FN:192,(anonymous_11)
FN:211,(anonymous_12)
FN:224,(anonymous_13)
FN:228,(anonymous_14)
FN:247,(anonymous_15)
FN:251,(anonymous_16)
FN:312,(anonymous_17)
FN:334,(anonymous_18)
FN:370,(anonymous_19)
FN:402,(anonymous_20)
FN:412,(anonymous_21)
FN:438,(anonymous_22)
FN:462,(anonymous_23)
FN:471,(anonymous_24)
FN:472,(anonymous_25)
FN:476,(anonymous_26)
FN:494,(anonymous_27)
FN:501,(anonymous_28)
FN:506,(anonymous_29)
FN:521,(anonymous_30)
FN:543,(anonymous_31)
FN:551,(anonymous_32)
FN:565,(anonymous_33)
FN:568,(anonymous_34)
FN:577,(anonymous_35)
FNF:36
FNH:0
FNDA:0,(anonymous_0)
FNDA:0,(anonymous_1)
FNDA:0,(anonymous_2)
FNDA:0,(anonymous_3)
FNDA:0,(anonymous_4)
FNDA:0,(anonymous_5)
FNDA:0,(anonymous_6)
FNDA:0,(anonymous_7)
FNDA:0,(anonymous_8)
FNDA:0,(anonymous_9)
FNDA:0,(anonymous_10)
FNDA:0,(anonymous_11)
FNDA:0,(anonymous_12)
FNDA:0,(anonymous_13)
FNDA:0,(anonymous_14)
FNDA:0,(anonymous_15)
FNDA:0,(anonymous_16)
FNDA:0,(anonymous_17)
FNDA:0,(anonymous_18)
FNDA:0,(anonymous_19)
FNDA:0,(anonymous_20)
FNDA:0,(anonymous_21)
FNDA:0,(anonymous_22)
FNDA:0,(anonymous_23)
FNDA:0,(anonymous_24)
FNDA:0,(anonymous_25)
FNDA:0,(anonymous_26)
FNDA:0,(anonymous_27)
FNDA:0,(anonymous_28)
FNDA:0,(anonymous_29)
FNDA:0,(anonymous_30)
FNDA:0,(anonymous_31)
FNDA:0,(anonymous_32)
FNDA:0,(anonymous_33)
FNDA:0,(anonymous_34)
FNDA:0,(anonymous_35)
DA:9,0
DA:10,0
DA:11,0
DA:36,0
DA:37,0
DA:38,0
DA:39,0
DA:40,0
DA:41,0
DA:42,0
DA:47,0
DA:48,0
DA:50,0
DA:54,0
DA:55,0
DA:56,0
DA:58,0
DA:62,0
DA:63,0
DA:64,0
DA:66,0
DA:74,0
DA:75,0
DA:78,0
DA:89,0
DA:92,0
DA:98,0
DA:102,0
DA:104,0
DA:105,0
DA:109,0
DA:111,0
DA:115,0
DA:116,0
DA:117,0
DA:118,0
DA:121,0
DA:122,0
DA:125,0
DA:127,0
DA:132,0
DA:133,0
DA:136,0
DA:137,0
DA:138,0
DA:139,0
DA:140,0
DA:143,0
DA:147,0
DA:155,0
DA:156,0
DA:159,0
DA:160,0
DA:163,0
DA:165,0
DA:166,0
DA:170,0
DA:177,0
DA:178,0
DA:180,0
DA:188,0
DA:189,0
DA:196,0
DA:197,0
DA:199,0
DA:207,0
DA:208,0
DA:212,0
DA:220,0
DA:221,0
DA:225,0
DA:229,0
DA:230,0
DA:236,0
DA:237,0
DA:239,0
DA:240,0
DA:243,0
DA:244,0
DA:247,0
DA:249,0
DA:251,0
DA:252,0
DA:257,0
DA:267,0
DA:270,0
DA:272,0
DA:273,0
DA:274,0
DA:277,0
DA:285,0
DA:287,0
DA:297,0
DA:300,0
DA:302,0
DA:303,0
DA:304,0
DA:307,0
DA:308,0
DA:313,0
DA:314,0
DA:317,0
DA:318,0
DA:327,0
DA:329,0
DA:330,0
DA:335,0
DA:336,0
DA:339,0
DA:340,0
DA:341,0
DA:343,0
DA:352,0
DA:353,0
DA:355,0
DA:363,0
DA:365,0
DA:366,0
DA:371,0
DA:372,0
DA:375,0
DA:376,0
DA:385,0
DA:386,0
DA:388,0
DA:396,0
DA:398,0
DA:403,0
DA:404,0
DA:407,0
DA:408,0
DA:409,0
DA:412,0
DA:413,0
DA:418,0
DA:426,0
DA:429,0
DA:431,0
DA:433,0
DA:434,0
DA:439,0
DA:440,0
DA:443,0
DA:444,0
DA:447,0
DA:455,0
DA:457,0
DA:458,0
DA:463,0
DA:466,0
DA:467,0
DA:471,0
DA:472,0
DA:477,0
DA:480,0
DA:481,0
DA:484,0
DA:495,0
DA:496,0
DA:501,0
DA:502,0
DA:507,0
DA:509,0
DA:510,0
DA:516,0
DA:519,0
DA:520,0
DA:521,0
DA:522,0
DA:527,0
DA:535,0
DA:536,0
DA:538,0
DA:539,0
DA:544,0
DA:545,0
DA:546,0
DA:547,0
DA:552,0
DA:553,0
DA:554,0
DA:556,0
DA:557,0
DA:558,0
DA:560,0
DA:561,0
DA:562,0
DA:566,0
DA:568,0
DA:569,0
DA:570,0
DA:572,0
DA:578,0
LF:193
LH:0
BRDA:47,0,0,0
BRDA:47,0,1,0
BRDA:55,1,0,0
BRDA:55,1,1,0
BRDA:55,2,0,0
BRDA:55,2,1,0
BRDA:63,3,0,0
BRDA:63,3,1,0
BRDA:63,4,0,0
BRDA:63,4,1,0
BRDA:63,4,2,0
BRDA:75,5,0,0
BRDA:75,5,1,0
BRDA:89,6,0,0
BRDA:89,6,1,0
BRDA:102,7,0,0
BRDA:102,7,1,0
BRDA:117,8,0,0
BRDA:117,8,1,0
BRDA:121,9,0,0
BRDA:121,9,1,0
BRDA:133,10,0,0
BRDA:133,10,1,0
BRDA:138,11,0,0
BRDA:138,11,1,0
BRDA:140,12,0,0
BRDA:140,12,1,0
BRDA:155,13,0,0
BRDA:155,13,1,0
BRDA:160,14,0,0
BRDA:160,14,1,0
BRDA:178,15,0,0
BRDA:178,15,1,0
BRDA:188,16,0,0
BRDA:188,16,1,0
BRDA:197,17,0,0
BRDA:197,17,1,0
BRDA:207,18,0,0
BRDA:207,18,1,0
BRDA:220,19,0,0
BRDA:220,19,1,0
BRDA:236,20,0,0
BRDA:236,20,1,0
BRDA:237,21,0,0
BRDA:237,21,1,0
BRDA:239,22,0,0
BRDA:239,22,1,0
BRDA:239,23,0,0
BRDA:239,23,1,0
BRDA:249,24,0,0
BRDA:249,24,1,0
BRDA:252,25,0,0
BRDA:252,25,1,0
BRDA:267,26,0,0
BRDA:267,26,1,0
BRDA:285,27,0,0
BRDA:285,27,1,0
BRDA:297,28,0,0
BRDA:297,28,1,0
BRDA:313,29,0,0
BRDA:313,29,1,0
BRDA:327,30,0,0
BRDA:327,30,1,0
BRDA:335,31,0,0
BRDA:335,31,1,0
BRDA:352,32,0,0
BRDA:352,32,1,0
BRDA:363,33,0,0
BRDA:363,33,1,0
BRDA:371,34,0,0
BRDA:371,34,1,0
BRDA:385,35,0,0
BRDA:385,35,1,0
BRDA:396,36,0,0
BRDA:396,36,1,0
BRDA:403,37,0,0
BRDA:403,37,1,0
BRDA:413,38,0,0
BRDA:413,38,1,0
BRDA:426,39,0,0
BRDA:426,39,1,0
BRDA:439,40,0,0
BRDA:439,40,1,0
BRDA:466,41,0,0
BRDA:466,41,1,0
BRDA:477,42,0,0
BRDA:477,42,1,0
BRDA:480,43,0,0
BRDA:480,43,1,0
BRDA:507,44,0,0
BRDA:507,44,1,0
BRDA:516,45,0,0
BRDA:516,45,1,0
BRDA:519,46,0,0
BRDA:519,46,1,0
BRDA:522,47,0,0
BRDA:522,47,1,0
BRDA:545,48,0,0
BRDA:545,48,1,0
BRDA:552,49,0,0
BRDA:552,49,1,0
BRDA:556,50,0,0
BRDA:556,50,1,0
BRDA:566,51,0,0
BRDA:566,51,1,0
BRDA:579,52,0,0
BRDA:579,52,1,0
BRDA:580,53,0,0
BRDA:580,53,1,0
BRF:109
BRH:0
end_of_record
TN:
SF:src/theme/theme.ts
FNF:0
FNH:0
DA:4,0
DA:14,0
DA:30,0
DA:46,0
DA:93,0
DA:105,0
LF:6
LH:0
BRF:0
BRH:0
end_of_record
TN:
SF:src/types/auth.ts
FNF:0
FNH:0
LF:0
LH:0
BRF:0
BRH:0
end_of_record
TN:
SF:src/types/index.ts
FNF:0
FNH:0
LF:0
LH:0
BRF:0
BRH:0
end_of_record
TN:
SF:src/types/movie.ts
FNF:0
FNH:0
LF:0
LH:0
BRF:0
BRH:0
end_of_record
TN:
SF:src/types/navigation.ts
FNF:0
FNH:0
LF:0
LH:0
BRF:0
BRH:0
end_of_record
TN:
SF:src/types/notifications.ts
FNF:0
FNH:0
LF:0
LH:0
BRF:0
BRH:0
end_of_record
TN:
SF:src/types/offline.ts
FNF:0
FNH:0
LF:0
LH:0
BRF:0
BRH:0
end_of_record
TN:
SF:src/types/tmdb.ts
FNF:0
FNH:0
LF:0
LH:0
BRF:0
BRH:0
end_of_record
TN:
SF:src/types/watch-party.ts
FNF:0
FNH:0
LF:0
LH:0
BRF:0
BRH:0
end_of_record
